C:\Users\Joe\Documents\Professional\5. Models\My Models\Rosetta - OML Workspace\dTEMP_Rover\build\owl\opencaesar.io\viewpoint.owl
C:\Users\Joe\Documents\Professional\5. Models\My Models\Rosetta - OML Workspace\dTEMP_Rover\build\owl\uaontologies.com\UA_Domain\UA_OrbitsAndTrajectories.owl
C:\Users\Joe\Documents\Professional\5. Models\My Models\Rosetta - OML Workspace\dTEMP_Rover\build\owl\uaontologies.com\DoD_TEMP_Framework\TEMP_TestProgramFrameworks.owl
C:\Users\Joe\Documents\Professional\5. Models\My Models\Rosetta - OML Workspace\dTEMP_Rover\build\owl\uaontologies.com\dTEMP_Rover\bundle\properties.ttl
C:\Users\Joe\Documents\Professional\5. Models\My Models\Rosetta - OML Workspace\dTEMP_Rover\build\owl\uaontologies.com\UA_Core\UA_Event.owl
C:\Users\Joe\Documents\Professional\5. Models\My Models\Rosetta - OML Workspace\dTEMP_Rover\build\owl\uaontologies.com\UA_Domain\UA_Software.owl
C:\Users\Joe\Documents\Professional\5. Models\My Models\Rosetta - OML Workspace\dTEMP_Rover\build\owl\uaontologies.com\UA_Foundation\UA_Foundation.owl
C:\Users\Joe\Documents\Professional\5. Models\My Models\Rosetta - OML Workspace\dTEMP_Rover\build\owl\uaontologies.com\dTEMP_Rover\MR_Project.owl
C:\Users\Joe\Documents\Professional\5. Models\My Models\Rosetta - OML Workspace\dTEMP_Rover\build\owl\uaontologies.com\dTEMP_Rover\bundle.owl
C:\Users\Joe\Documents\Professional\5. Models\My Models\Rosetta - OML Workspace\dTEMP_Rover\build\owl\uaontologies.com\DoD_TEMP_Framework\bundle.owl
C:\Users\Joe\Documents\Professional\5. Models\My Models\Rosetta - OML Workspace\dTEMP_Rover\build\owl\uaontologies.com\UA_Domain\UA_Manuf_IFeatures.owl
C:\Users\Joe\Documents\Professional\5. Models\My Models\Rosetta - OML Workspace\dTEMP_Rover\build\owl\uaontologies.com\UA_Domain\UA_Manuf_Processes.owl
C:\Users\Joe\Documents\Professional\5. Models\My Models\Rosetta - OML Workspace\dTEMP_Rover\build\owl\uaontologies.com\dTEMP_Rover\bundle\classes.ttl
C:\Users\Joe\Documents\Professional\5. Models\My Models\Rosetta - OML Workspace\dTEMP_Rover\build\owl\uaontologies.com\UA_Domain\UA_SystemArchitecture.owl
C:\Users\Joe\Documents\Professional\5. Models\My Models\Rosetta - OML Workspace\dTEMP_Rover\build\owl\uaontologies.com\UA_Domain\UA_Requirements.owl
C:\Users\Joe\Documents\Professional\5. Models\My Models\Rosetta - OML Workspace\dTEMP_Rover\build\owl\uaontologies.com\DoD_TEMP_Framework\TEMP_TestProgramStructure.owl
C:\Users\Joe\Documents\Professional\5. Models\My Models\Rosetta - OML Workspace\dTEMP_Rover\build\owl\uaontologies.com\dTEMP_Rover\MR_System.owl
C:\Users\Joe\Documents\Professional\5. Models\My Models\Rosetta - OML Workspace\dTEMP_Rover\build\owl\uaontologies.com\UA_Core\UA_Measurement.owl
C:\Users\Joe\Documents\Professional\5. Models\My Models\Rosetta - OML Workspace\dTEMP_Rover\build\owl\uaontologies.com\dTEMP_Rover\MR_Schedule.owl
C:\Users\Joe\Documents\Professional\5. Models\My Models\Rosetta - OML Workspace\dTEMP_Rover\build\owl\uaontologies.com\dTEMP_Rover\bundle\individuals.ttl
C:\Users\Joe\Documents\Professional\5. Models\My Models\Rosetta - OML Workspace\dTEMP_Rover\build\owl\uaontologies.com\DoD_TEMP_Framework\TEMP_Decision.owl
C:\Users\Joe\Documents\Professional\5. Models\My Models\Rosetta - OML Workspace\dTEMP_Rover\build\owl\uaontologies.com\UA_Domain\UA_ModelingAndSimulation.owl
C:\Users\Joe\Documents\Professional\5. Models\My Models\Rosetta - OML Workspace\dTEMP_Rover\build\owl\uaontologies.com\UA_Domain\UA_Materials.owl
C:\Users\Joe\Documents\Professional\5. Models\My Models\Rosetta - OML Workspace\dTEMP_Rover\build\owl\uaontologies.com\UA_Domain\UA_Test.owl
C:\Users\Joe\Documents\Professional\5. Models\My Models\Rosetta - OML Workspace\dTEMP_Rover\build\owl\uaontologies.com\UA_Libraries\Dimensions.owl
C:\Users\Joe\Documents\Professional\5. Models\My Models\Rosetta - OML Workspace\dTEMP_Rover\build\owl\uaontologies.com\UA_Core\bundle.owl
C:\Users\Joe\Documents\Professional\5. Models\My Models\Rosetta - OML Workspace\dTEMP_Rover\build\owl\uaontologies.com\UA_Domain\UA_Mission.owl
C:\Users\Joe\Documents\Professional\5. Models\My Models\Rosetta - OML Workspace\dTEMP_Rover\build\owl\uaontologies.com\UA_Domain\UA_BayesianNetworks.owl
C:\Users\Joe\Documents\Professional\5. Models\My Models\Rosetta - OML Workspace\dTEMP_Rover\build\owl\uaontologies.com\UA_Domain\UA_Acquisition.owl
C:\Users\Joe\Documents\Professional\5. Models\My Models\Rosetta - OML Workspace\dTEMP_Rover\build\owl\purl.org\dc\elements\1.1.owl
C:\Users\Joe\Documents\Professional\5. Models\My Models\Rosetta - OML Workspace\dTEMP_Rover\build\owl\uaontologies.com\dTEMP_Rover\MR_Organization.owl
C:\Users\Joe\Documents\Professional\5. Models\My Models\Rosetta - OML Workspace\dTEMP_Rover\build\owl\uaontologies.com\dTEMP_Rover\MR_Tests.owl
C:\Users\Joe\Documents\Professional\5. Models\My Models\Rosetta - OML Workspace\dTEMP_Rover\build\owl\uaontologies.com\UA_Libraries\Units.owl
C:\Users\Joe\Documents\Professional\5. Models\My Models\Rosetta - OML Workspace\dTEMP_Rover\build\owl\uaontologies.com\dTEMP_Rover\MR_TestProgram.owl
C:\Users\Joe\Documents\Professional\5. Models\My Models\Rosetta - OML Workspace\dTEMP_Rover\build\owl\uaontologies.com\DoD_TEMP_Framework\TEMP_ExecutionAndReporting.owl
C:\Users\Joe\Documents\Professional\5. Models\My Models\Rosetta - OML Workspace\dTEMP_Rover\build\owl\uaontologies.com\dTEMP_Rover\MR_Requirements.owl
C:\Users\Joe\Documents\Professional\5. Models\My Models\Rosetta - OML Workspace\dTEMP_Rover\build\owl\uaontologies.com\UA_Core\UA_Information.owl
C:\Users\Joe\Documents\Professional\5. Models\My Models\Rosetta - OML Workspace\dTEMP_Rover\build\owl\uaontologies.com\DoD_TEMP_Framework\TEMP_Organization.owl
C:\Users\Joe\Documents\Professional\5. Models\My Models\Rosetta - OML Workspace\dTEMP_Rover\build\owl\uaontologies.com\UA_Foundation\bundle.owl
C:\Users\Joe\Documents\Professional\5. Models\My Models\Rosetta - OML Workspace\dTEMP_Rover\build\owl\uaontologies.com\UA_Libraries\bundle.owl
C:\Users\Joe\Documents\Professional\5. Models\My Models\Rosetta - OML Workspace\dTEMP_Rover\build\owl\uaontologies.com\UA_Core\UA_Agent.owl
C:\Users\Joe\Documents\Professional\5. Models\My Models\Rosetta - OML Workspace\dTEMP_Rover\build\owl\uaontologies.com\UA_Core\UA_Provenance.owl
C:\Users\Joe\Documents\Professional\5. Models\My Models\Rosetta - OML Workspace\dTEMP_Rover\build\owl\uaontologies.com\UA_Domain\UA_ProjectManagement.owl
C:\Users\Joe\Documents\Professional\5. Models\My Models\Rosetta - OML Workspace\dTEMP_Rover\build\owl\uaontologies.com\UA_Libraries\SoftwareTools.owl
C:\Users\Joe\Documents\Professional\5. Models\My Models\Rosetta - OML Workspace\dTEMP_Rover\build\owl\uaontologies.com\UA_Domain\UA_Manuf_PFeatures.owl
C:\Users\Joe\Documents\Professional\5. Models\My Models\Rosetta - OML Workspace\dTEMP_Rover\build\owl\uaontologies.com\DoD_TEMP_Framework\TEMP_TestProgramPolicy.owl
C:\Users\Joe\Documents\Professional\5. Models\My Models\Rosetta - OML Workspace\dTEMP_Rover\build\owl\uaontologies.com\dTEMP_Rover\MR_TestResults.owl
C:\Users\Joe\Documents\Professional\5. Models\My Models\Rosetta - OML Workspace\dTEMP_Rover\build\owl\uaontologies.com\DoD_TEMP_Framework\TEMP_TestProgramTeams.owl
C:\Users\Joe\Documents\Professional\5. Models\My Models\Rosetta - OML Workspace\dTEMP_Rover\build\owl\uaontologies.com\DoD_TEMP_Framework\TEMP_TEOversight.owl
C:\Users\Joe\Documents\Professional\5. Models\My Models\Rosetta - OML Workspace\dTEMP_Rover\build\owl\uaontologies.com\UA_Domain\bundle.owl
C:\Users\Joe\Documents\Professional\5. Models\My Models\Rosetta - OML Workspace\dTEMP_Rover\build\owl\uaontologies.com\DoD_TEMP_Framework\TEMP_Responsibility.owl
C:\Users\Joe\Documents\Professional\5. Models\My Models\Rosetta - OML Workspace\dTEMP_Rover\build\owl\uaontologies.com\UA_Domain\UA_DataManagement.owl
