[2024-02-04 12:28:28] Server     INFO  Apache Jena Fuseki 4.6.1
[2024-02-04 12:28:28] Server     INFO  Configuration file: ../.fuseki.ttl
[2024-02-04 12:28:28] Server     INFO  Path = /CubesatOrbit
[2024-02-04 12:28:28] Server     INFO  System
[2024-02-04 12:28:28] Server     INFO    Memory: 8.0 GiB
[2024-02-04 12:28:28] Server     INFO    Java:   17.0.5
[2024-02-04 12:28:28] Server     INFO    OS:     Windows 11 10.0 amd64
[2024-02-04 12:28:28] Server     INFO    PID:    5944
[2024-02-04 12:28:28] Server     INFO  Start Fuseki (http=3030)
[2024-02-04 12:28:32] Fuseki     INFO  [1] GET http://localhost:3030/CubesatOrbit
[2024-02-04 12:28:32] Fuseki     INFO  [1] 200 OK (23 ms)
[2024-02-04 12:28:33] Fuseki     INFO  [2] POST http://localhost:3030/CubesatOrbit?graph=http://uaprojects.com/CubesatOrbit/AriSAT
[2024-02-04 12:28:34] Fuseki     INFO  [2] Body: Content-Length=37755, Content-Type=application/rdf+xml, Charset=null => RDF/XML : Count=283 Triples=283 Quads=0
[2024-02-04 12:28:34] Fuseki     INFO  [2] 201 Created (197 ms)
[2024-02-04 12:28:34] Fuseki     INFO  [3] POST http://localhost:3030/CubesatOrbit?graph=http://uaontologies.com/UA_Domain/UA_Mission
[2024-02-04 12:28:34] Fuseki     INFO  [3] Body: Content-Length=13415, Content-Type=application/rdf+xml, Charset=null => RDF/XML : Count=118 Triples=118 Quads=0
[2024-02-04 12:28:34] Fuseki     INFO  [3] 201 Created (37 ms)
[2024-02-04 12:28:34] Fuseki     INFO  [4] POST http://localhost:3030/CubesatOrbit?graph=http://uaontologies.com/UA_Libraries/Units
[2024-02-04 12:28:34] Fuseki     INFO  [4] Body: Content-Length=7993, Content-Type=application/rdf+xml, Charset=null => RDF/XML : Count=56 Triples=56 Quads=0
[2024-02-04 12:28:34] Fuseki     INFO  [4] 201 Created (15 ms)
[2024-02-04 12:28:34] Fuseki     INFO  [5] POST http://localhost:3030/CubesatOrbit?graph=http://purl.org/dc/elements/1.1
[2024-02-04 12:28:34] Fuseki     INFO  [5] Body: Content-Length=3568, Content-Type=application/rdf+xml, Charset=null => RDF/XML : Count=22 Triples=22 Quads=0
[2024-02-04 12:28:34] Fuseki     INFO  [5] 201 Created (17 ms)
[2024-02-04 12:28:34] Fuseki     INFO  [6] POST http://localhost:3030/CubesatOrbit?graph=http://uaontologies.com/UA_Libraries/Dimensions
[2024-02-04 12:28:34] Fuseki     INFO  [6] Body: Content-Length=5481, Content-Type=application/rdf+xml, Charset=null => RDF/XML : Count=36 Triples=36 Quads=0
[2024-02-04 12:28:34] Fuseki     INFO  [6] 201 Created (14 ms)
[2024-02-04 12:28:34] Fuseki     INFO  [7] POST http://localhost:3030/CubesatOrbit?graph=http://uaontologies.com/UA_Core/UA_Measurement
[2024-02-04 12:28:34] Fuseki     INFO  [7] Body: Content-Length=28937, Content-Type=application/rdf+xml, Charset=null => RDF/XML : Count=270 Triples=270 Quads=0
[2024-02-04 12:28:34] Fuseki     INFO  [7] 201 Created (44 ms)
[2024-02-04 12:28:34] Fuseki     INFO  [8] POST http://localhost:3030/CubesatOrbit?graph=http://uaontologies.com/UA_Libraries/SoftwareTools
[2024-02-04 12:28:34] Fuseki     INFO  [8] Body: Content-Length=3750, Content-Type=application/rdf+xml, Charset=null => RDF/XML : Count=24 Triples=24 Quads=0
[2024-02-04 12:28:34] Fuseki     INFO  [8] 201 Created (12 ms)
[2024-02-04 12:28:34] Fuseki     INFO  [9] POST http://localhost:3030/CubesatOrbit?graph=http://uaontologies.com/UA_Core/UA_Event
[2024-02-04 12:28:34] Fuseki     INFO  [9] Body: Content-Length=26194, Content-Type=application/rdf+xml, Charset=null => RDF/XML : Count=241 Triples=241 Quads=0
[2024-02-04 12:28:34] Fuseki     INFO  [9] 201 Created (41 ms)
[2024-02-04 12:28:34] Fuseki     INFO  [10] POST http://localhost:3030/CubesatOrbit?graph=http://uaprojects.com/CubesatOrbit/bundle/properties
[2024-02-04 12:28:34] Fuseki     INFO  [10] Body: Content-Length=37853, Content-Type=text/turtle, Charset=null => Turtle : Count=389 Triples=389 Quads=0
[2024-02-04 12:28:34] Fuseki     INFO  [10] 201 Created (46 ms)
[2024-02-04 12:28:34] Fuseki     INFO  [11] POST http://localhost:3030/CubesatOrbit?graph=http://uaontologies.com/UA_Domain/UA_ModelingAndSimulation
[2024-02-04 12:28:34] Fuseki     INFO  [11] Body: Content-Length=3429, Content-Type=application/rdf+xml, Charset=null => RDF/XML : Count=30 Triples=30 Quads=0
[2024-02-04 12:28:34] Fuseki     INFO  [11] 201 Created (12 ms)
[2024-02-04 12:28:34] Fuseki     INFO  [12] POST http://localhost:3030/CubesatOrbit?graph=http://uaontologies.com/UA_Core/UA_Agent
[2024-02-04 12:28:34] Fuseki     INFO  [12] Body: Content-Length=43007, Content-Type=application/rdf+xml, Charset=null => RDF/XML : Count=413 Triples=413 Quads=0
[2024-02-04 12:28:34] Fuseki     INFO  [12] 201 Created (42 ms)
[2024-02-04 12:28:34] Fuseki     INFO  [13] POST http://localhost:3030/CubesatOrbit?graph=http://uaprojects.com/CubesatOrbit/bundle/individuals
[2024-02-04 12:28:34] Fuseki     INFO  [13] Body: Content-Length=126461, Content-Type=text/turtle, Charset=null => Turtle : Count=1312 Triples=1312 Quads=0
[2024-02-04 12:28:34] Fuseki     INFO  [13] 201 Created (63 ms)
[2024-02-04 12:28:34] Fuseki     INFO  [14] POST http://localhost:3030/CubesatOrbit?graph=http://uaontologies.com/UA_Core/UA_Information
[2024-02-04 12:28:34] Fuseki     INFO  [14] Body: Content-Length=36122, Content-Type=application/rdf+xml, Charset=null => RDF/XML : Count=332 Triples=332 Quads=0
[2024-02-04 12:28:34] Fuseki     INFO  [14] 201 Created (28 ms)
[2024-02-04 12:28:34] Fuseki     INFO  [15] POST http://localhost:3030/CubesatOrbit?graph=http://uaprojects.com/CubesatOrbit/bundle
[2024-02-04 12:28:34] Fuseki     INFO  [15] Body: Content-Length=42974, Content-Type=application/rdf+xml, Charset=null => RDF/XML : Count=387 Triples=387 Quads=0
[2024-02-04 12:28:34] Fuseki     INFO  [15] 201 Created (36 ms)
[2024-02-04 12:28:34] Fuseki     INFO  [16] POST http://localhost:3030/CubesatOrbit?graph=http://uaontologies.com/UA_Domain/UA_SystemArchitecture
[2024-02-04 12:28:34] Fuseki     INFO  [16] Body: Content-Length=35636, Content-Type=application/rdf+xml, Charset=null => RDF/XML : Count=328 Triples=328 Quads=0
[2024-02-04 12:28:34] Fuseki     INFO  [16] 201 Created (30 ms)
[2024-02-04 12:28:34] Fuseki     INFO  [17] POST http://localhost:3030/CubesatOrbit?graph=http://uaontologies.com/UA_Domain/UA_Software
[2024-02-04 12:28:34] Fuseki     INFO  [17] Body: Content-Length=14880, Content-Type=application/rdf+xml, Charset=null => RDF/XML : Count=130 Triples=130 Quads=0
[2024-02-04 12:28:34] Fuseki     INFO  [17] 201 Created (17 ms)
[2024-02-04 12:28:34] Fuseki     INFO  [18] POST http://localhost:3030/CubesatOrbit?graph=http://uaontologies.com/UA_Foundation/UA_Foundation
[2024-02-04 12:28:34] Fuseki     INFO  [18] Body: Content-Length=39923, Content-Type=application/rdf+xml, Charset=null => RDF/XML : Count=368 Triples=368 Quads=0
[2024-02-04 12:28:34] Fuseki     INFO  [18] 201 Created (28 ms)
[2024-02-04 12:28:34] Fuseki     INFO  [19] POST http://localhost:3030/CubesatOrbit?graph=http://uaontologies.com/UA_Domain/UA_Requirements
[2024-02-04 12:28:34] Fuseki     INFO  [19] Body: Content-Length=28706, Content-Type=application/rdf+xml, Charset=null => RDF/XML : Count=263 Triples=263 Quads=0
[2024-02-04 12:28:34] Fuseki     INFO  [19] 201 Created (27 ms)
[2024-02-04 12:28:34] Fuseki     INFO  [20] POST http://localhost:3030/CubesatOrbit?graph=http://uaontologies.com/UA_Domain/UA_OrbitsAndTrajectories
[2024-02-04 12:28:34] Fuseki     INFO  [20] Body: Content-Length=16237, Content-Type=application/rdf+xml, Charset=null => RDF/XML : Count=151 Triples=151 Quads=0
[2024-02-04 12:28:34] Fuseki     INFO  [20] 201 Created (20 ms)
[2024-02-04 12:28:34] Fuseki     INFO  [21] POST http://localhost:3030/CubesatOrbit?graph=http://uaprojects.com/CubesatOrbit/bundle/classes
[2024-02-04 12:28:34] Fuseki     INFO  [21] Body: Content-Length=59560, Content-Type=text/turtle, Charset=null => Turtle : Count=718 Triples=718 Quads=0
[2024-02-04 12:28:34] Fuseki     INFO  [21] 201 Created (25 ms)
[2024-02-04 12:28:34] Fuseki     INFO  [22] POST http://localhost:3030/CubesatOrbit/sparql
[2024-02-04 12:28:34] Fuseki     INFO  [22] Query = PREFIX  mat:  <http://uaontologies.com/UA_Domain/UA_Materials#> PREFIX  agent: <http://uaontologies.com/UA_Core/UA_Agent#> PREFIX  data: <http://uaontologies.com/UA_Domain/UA_DataManagement#> PREFIX  sw:   <http://uaontologies.com/UA_Domain/UA_Software#> PREFIX  test: <http://uaontologies.com/UA_Domain/UA_Test#> PREFIX  ms:   <http://uaontologies.com/UA_Domain/UA_ModelingAndSimulation#> PREFIX  xsd:  <http://www.w3.org/2001/XMLSchema#> PREFIX  rdfs: <http://www.w3.org/2000/01/rdf-schema#> PREFIX  foundation: <http://uaontologies.com/UA_Foundation/UA_Foundation#> PREFIX  bn:   <http://uaontologies.com/UA_Domain/UA_BayesianNetworks#> PREFIX  acq:  <http://uaontologies.com/UA_Domain/UA_Acquisition#> PREFIX  sa:   <http://uaontologies.com/UA_Domain/UA_SystemArchitecture#> PREFIX  mission: <http://uaontologies.com/UA_Domain/UA_Mission#> PREFIX  meas: <http://uaontologies.com/UA_Core/UA_Measurement#> PREFIX  event: <http://uaontologies.com/UA_Core/UA_Event#> PREFIX  prov: <http://uaontologies.com/UA_Core/UA_Provenance#> PREFIX  pm:   <http://uaontologies.com/UA_Domain/UA_ProjectManagement#> PREFIX  orb:  <http://uaontologies.com/UA_Domain/UA_OrbitsAndTrajectories#> PREFIX  dc:   <http://purl.org/dc/elements/1.1/> PREFIX  info: <http://uaontologies.com/UA_Core/UA_Information#> PREFIX  req:  <http://uaontologies.com/UA_Domain/UA_Requirements#>  SELECT  ?SystemName ?SubsystemName ?SubassemblyName WHERE   { ?System   a                     sa:System ;               foundation:hasName    "AriSAT" ;               foundation:hasName    ?SystemName .     ?Subsystem  a                   sa:System ;               foundation:hasName    ?SubsystemName ;               foundation:isContainedIn  ?System     OPTIONAL       { ?Subassembly  foundation:isContainedIn  ?Subsystem ;                   foundation:hasName    ?SubassemblyName       }   } 
[2024-02-04 12:28:34] Fuseki     INFO  [23] POST http://localhost:3030/CubesatOrbit/sparql
[2024-02-04 12:28:34] Fuseki     INFO  [23] Query = PREFIX  mat:  <http://uaontologies.com/UA_Domain/UA_Materials#> PREFIX  agent: <http://uaontologies.com/UA_Core/UA_Agent#> PREFIX  data: <http://uaontologies.com/UA_Domain/UA_DataManagement#> PREFIX  sw:   <http://uaontologies.com/UA_Domain/UA_Software#> PREFIX  test: <http://uaontologies.com/UA_Domain/UA_Test#> PREFIX  ms:   <http://uaontologies.com/UA_Domain/UA_ModelingAndSimulation#> PREFIX  xsd:  <http://www.w3.org/2001/XMLSchema#> PREFIX  rdfs: <http://www.w3.org/2000/01/rdf-schema#> PREFIX  foundation: <http://uaontologies.com/UA_Foundation/UA_Foundation#> PREFIX  bn:   <http://uaontologies.com/UA_Domain/UA_BayesianNetworks#> PREFIX  acq:  <http://uaontologies.com/UA_Domain/UA_Acquisition#> PREFIX  sa:   <http://uaontologies.com/UA_Domain/UA_SystemArchitecture#> PREFIX  mission: <http://uaontologies.com/UA_Domain/UA_Mission#> PREFIX  meas: <http://uaontologies.com/UA_Core/UA_Measurement#> PREFIX  event: <http://uaontologies.com/UA_Core/UA_Event#> PREFIX  prov: <http://uaontologies.com/UA_Core/UA_Provenance#> PREFIX  pm:   <http://uaontologies.com/UA_Domain/UA_ProjectManagement#> PREFIX  orb:  <http://uaontologies.com/UA_Domain/UA_OrbitsAndTrajectories#> PREFIX  dc:   <http://purl.org/dc/elements/1.1/> PREFIX  info: <http://uaontologies.com/UA_Core/UA_Information#> PREFIX  req:  <http://uaontologies.com/UA_Domain/UA_Requirements#>  SELECT DISTINCT  ?Analysis ?ASource ?Input ?IValue ?IUnit ?ISource ?Output ?OValue ?OUnit WHERE   { { ?Analysis  a                  ms:Analysis ;                 sw:hasEntitySource  ?ASource         { ?Analysis  agent:hasInput     ?Input .           ?Input    meas:hasValue       ?IValue ;                     meas:hasUnit        ?IUnit ;                     sw:hasEntitySource  ?ISource         }       UNION         { ?Analysis  agent:hasOutput  ?Output .           ?Output   meas:hasValue    ?OValue ;                     meas:hasUnit     ?OUnit         }     }   } 
[2024-02-04 12:28:34] Fuseki     INFO  [25] GET http://localhost:3030/CubesatOrbit/sparql?query=PREFIX%20%20mat:%20%20%3Chttp://uaontologies.com/UA_Domain/UA_Materials%23%3E%0APREFIX%20%20agent:%20%3Chttp://uaontologies.com/UA_Core/UA_Agent%23%3E%0APREFIX%20%20data:%20%3Chttp://uaontologies.com/UA_Domain/UA_DataManagement%23%3E%0APREFIX%20%20sw:%20%20%20%3Chttp://uaontologies.com/UA_Domain/UA_Software%23%3E%0APREFIX%20%20test:%20%3Chttp://uaontologies.com/UA_Domain/UA_Test%23%3E%0APREFIX%20%20ms:%20%20%20%3Chttp://uaontologies.com/UA_Domain/UA_ModelingAndSimulation%23%3E%0APREFIX%20%20xsd:%20%20%3Chttp://www.w3.org/2001/XMLSchema%23%3E%0APREFIX%20%20rdfs:%20%3Chttp://www.w3.org/2000/01/rdf-schema%23%3E%0APREFIX%20%20foundation:%20%3Chttp://uaontologies.com/UA_Foundation/UA_Foundation%23%3E%0APREFIX%20%20bn:%20%20%20%3Chttp://uaontologies.com/UA_Domain/UA_BayesianNetworks%23%3E%0APREFIX%20%20acq:%20%20%3Chttp://uaontologies.com/UA_Domain/UA_Acquisition%23%3E%0APREFIX%20%20sa:%20%20%20%3Chttp://uaontologies.com/UA_Domain/UA_SystemArchitecture%23%3E%0APREFIX%20%20mission:%20%3Chttp://uaontologies.com/UA_Domain/UA_Mission%23%3E%0APREFIX%20%20meas:%20%3Chttp://uaontologies.com/UA_Core/UA_Measurement%23%3E%0APREFIX%20%20event:%20%3Chttp://uaontologies.com/UA_Core/UA_Event%23%3E%0APREFIX%20%20prov:%20%3Chttp://uaontologies.com/UA_Core/UA_Provenance%23%3E%0APREFIX%20%20pm:%20%20%20%3Chttp://uaontologies.com/UA_Domain/UA_ProjectManagement%23%3E%0APREFIX%20%20orb:%20%20%3Chttp://uaontologies.com/UA_Domain/UA_OrbitsAndTrajectories%23%3E%0APREFIX%20%20dc:%20%20%20%3Chttp://purl.org/dc/elements/1.1/%3E%0APREFIX%20%20info:%20%3Chttp://uaontologies.com/UA_Core/UA_Information%23%3E%0APREFIX%20%20req:%20%20%3Chttp://uaontologies.com/UA_Domain/UA_Requirements%23%3E%0A%0ASELECT%20%20%28count%28%2A%29%20AS%20?Triples%29%0AWHERE%0A%20%20%7B%20?subject%20%20?predicate%20%20?object%20%7D%0A
[2024-02-04 12:28:34] Fuseki     INFO  [24] GET http://localhost:3030/CubesatOrbit/sparql?query=PREFIX%20%20mat:%20%20%3Chttp://uaontologies.com/UA_Domain/UA_Materials%23%3E%0APREFIX%20%20agent:%20%3Chttp://uaontologies.com/UA_Core/UA_Agent%23%3E%0APREFIX%20%20data:%20%3Chttp://uaontologies.com/UA_Domain/UA_DataManagement%23%3E%0APREFIX%20%20sw:%20%20%20%3Chttp://uaontologies.com/UA_Domain/UA_Software%23%3E%0APREFIX%20%20test:%20%3Chttp://uaontologies.com/UA_Domain/UA_Test%23%3E%0APREFIX%20%20ms:%20%20%20%3Chttp://uaontologies.com/UA_Domain/UA_ModelingAndSimulation%23%3E%0APREFIX%20%20xsd:%20%20%3Chttp://www.w3.org/2001/XMLSchema%23%3E%0APREFIX%20%20rdfs:%20%3Chttp://www.w3.org/2000/01/rdf-schema%23%3E%0APREFIX%20%20foundation:%20%3Chttp://uaontologies.com/UA_Foundation/UA_Foundation%23%3E%0APREFIX%20%20bn:%20%20%20%3Chttp://uaontologies.com/UA_Domain/UA_BayesianNetworks%23%3E%0APREFIX%20%20acq:%20%20%3Chttp://uaontologies.com/UA_Domain/UA_Acquisition%23%3E%0APREFIX%20%20sa:%20%20%20%3Chttp://uaontologies.com/UA_Domain/UA_SystemArchitecture%23%3E%0APREFIX%20%20mission:%20%3Chttp://uaontologies.com/UA_Domain/UA_Mission%23%3E%0APREFIX%20%20meas:%20%3Chttp://uaontologies.com/UA_Core/UA_Measurement%23%3E%0APREFIX%20%20event:%20%3Chttp://uaontologies.com/UA_Core/UA_Event%23%3E%0APREFIX%20%20prov:%20%3Chttp://uaontologies.com/UA_Core/UA_Provenance%23%3E%0APREFIX%20%20pm:%20%20%20%3Chttp://uaontologies.com/UA_Domain/UA_ProjectManagement%23%3E%0APREFIX%20%20orb:%20%20%3Chttp://uaontologies.com/UA_Domain/UA_OrbitsAndTrajectories%23%3E%0APREFIX%20%20dc:%20%20%20%3Chttp://purl.org/dc/elements/1.1/%3E%0APREFIX%20%20info:%20%3Chttp://uaontologies.com/UA_Core/UA_Information%23%3E%0APREFIX%20%20req:%20%20%3Chttp://uaontologies.com/UA_Domain/UA_Requirements%23%3E%0A%0ASELECT%20DISTINCT%20%20?Graph%0AWHERE%0A%20%20%7B%20GRAPH%20?Graph%0A%20%20%20%20%20%20%7B%20?s%20%20?p%20%20?o%20%7D%0A%20%20%7D%0AORDER%20BY%20ASC%28?Graph%29%0A
[2024-02-04 12:28:34] Fuseki     INFO  [25] Query = PREFIX  mat:  <http://uaontologies.com/UA_Domain/UA_Materials#> PREFIX  agent: <http://uaontologies.com/UA_Core/UA_Agent#> PREFIX  data: <http://uaontologies.com/UA_Domain/UA_DataManagement#> PREFIX  sw:   <http://uaontologies.com/UA_Domain/UA_Software#> PREFIX  test: <http://uaontologies.com/UA_Domain/UA_Test#> PREFIX  ms:   <http://uaontologies.com/UA_Domain/UA_ModelingAndSimulation#> PREFIX  xsd:  <http://www.w3.org/2001/XMLSchema#> PREFIX  rdfs: <http://www.w3.org/2000/01/rdf-schema#> PREFIX  foundation: <http://uaontologies.com/UA_Foundation/UA_Foundation#> PREFIX  bn:   <http://uaontologies.com/UA_Domain/UA_BayesianNetworks#> PREFIX  acq:  <http://uaontologies.com/UA_Domain/UA_Acquisition#> PREFIX  sa:   <http://uaontologies.com/UA_Domain/UA_SystemArchitecture#> PREFIX  mission: <http://uaontologies.com/UA_Domain/UA_Mission#> PREFIX  meas: <http://uaontologies.com/UA_Core/UA_Measurement#> PREFIX  event: <http://uaontologies.com/UA_Core/UA_Event#> PREFIX  prov: <http://uaontologies.com/UA_Core/UA_Provenance#> PREFIX  pm:   <http://uaontologies.com/UA_Domain/UA_ProjectManagement#> PREFIX  orb:  <http://uaontologies.com/UA_Domain/UA_OrbitsAndTrajectories#> PREFIX  dc:   <http://purl.org/dc/elements/1.1/> PREFIX  info: <http://uaontologies.com/UA_Core/UA_Information#> PREFIX  req:  <http://uaontologies.com/UA_Domain/UA_Requirements#>  SELECT  (count(*) AS ?Triples) WHERE   { ?subject  ?predicate  ?object } 
[2024-02-04 12:28:34] Fuseki     INFO  [24] Query = PREFIX  mat:  <http://uaontologies.com/UA_Domain/UA_Materials#> PREFIX  agent: <http://uaontologies.com/UA_Core/UA_Agent#> PREFIX  data: <http://uaontologies.com/UA_Domain/UA_DataManagement#> PREFIX  sw:   <http://uaontologies.com/UA_Domain/UA_Software#> PREFIX  test: <http://uaontologies.com/UA_Domain/UA_Test#> PREFIX  ms:   <http://uaontologies.com/UA_Domain/UA_ModelingAndSimulation#> PREFIX  xsd:  <http://www.w3.org/2001/XMLSchema#> PREFIX  rdfs: <http://www.w3.org/2000/01/rdf-schema#> PREFIX  foundation: <http://uaontologies.com/UA_Foundation/UA_Foundation#> PREFIX  bn:   <http://uaontologies.com/UA_Domain/UA_BayesianNetworks#> PREFIX  acq:  <http://uaontologies.com/UA_Domain/UA_Acquisition#> PREFIX  sa:   <http://uaontologies.com/UA_Domain/UA_SystemArchitecture#> PREFIX  mission: <http://uaontologies.com/UA_Domain/UA_Mission#> PREFIX  meas: <http://uaontologies.com/UA_Core/UA_Measurement#> PREFIX  event: <http://uaontologies.com/UA_Core/UA_Event#> PREFIX  prov: <http://uaontologies.com/UA_Core/UA_Provenance#> PREFIX  pm:   <http://uaontologies.com/UA_Domain/UA_ProjectManagement#> PREFIX  orb:  <http://uaontologies.com/UA_Domain/UA_OrbitsAndTrajectories#> PREFIX  dc:   <http://purl.org/dc/elements/1.1/> PREFIX  info: <http://uaontologies.com/UA_Core/UA_Information#> PREFIX  req:  <http://uaontologies.com/UA_Domain/UA_Requirements#>  SELECT DISTINCT  ?Graph WHERE   { GRAPH ?Graph       { ?s  ?p  ?o }   } ORDER BY ASC(?Graph) 
[2024-02-04 12:28:34] Fuseki     INFO  [26] GET http://localhost:3030/CubesatOrbit/sparql?query=PREFIX%20%20agent:%20%3Chttp://uaontologies.com/UA_Core/UA_Agent%23%3E%0APREFIX%20%20mission:%20%3Chttp://uaontologies.com/UA_Domain/UA_Mission%23%3E%0APREFIX%20%20sw:%20%20%20%3Chttp://uaontologies.com/UA_Domain/UA_Software%23%3E%0APREFIX%20%20ms:%20%20%20%3Chttp://uaontologies.com/UA_Domain/UA_ModelingAndSimulation%23%3E%0APREFIX%20%20meas:%20%3Chttp://uaontologies.com/UA_Core/UA_Measurement%23%3E%0APREFIX%20%20foundation:%20%3Chttp://uaontologies.com/UA_Foundation/UA_Foundation%23%3E%0APREFIX%20%20event:%20%3Chttp://uaontologies.com/UA_Core/UA_Event%23%3E%0APREFIX%20%20orb:%20%20%3Chttp://uaontologies.com/UA_Domain/UA_OrbitsAndTrajectories%23%3E%0APREFIX%20%20sa:%20%20%20%3Chttp://uaontologies.com/UA_Domain/UA_SystemArchitecture%23%3E%0APREFIX%20%20info:%20%3Chttp://uaontologies.com/UA_Core/UA_Information%23%3E%0APREFIX%20%20req:%20%20%3Chttp://uaontologies.com/UA_Domain/UA_Requirements%23%3E%0A%0ASELECT%20DISTINCT%20%20?ReqName%20?ReqID%20?Text%20?Source%20?VerifiedBy%20?VSource%20?Status%0AWHERE%0A%20%20%7B%20?Requirement%20%20a%20%20%20%20%20%20%20%20%20%20%20%20%20%20%20%20%20req:Requirement%20%3B%0A%20%20%20%20%20%20%20%20%20%20%20%20%20%20foundation:hasID%20%20%20%20%20%20?ReqID%20%3B%0A%20%20%20%20%20%20%20%20%20%20%20%20%20%20foundation:hasName%20%20%20%20?ReqName%20%3B%0A%20%20%20%20%20%20%20%20%20%20%20%20%20%20foundation:hasNaturalLanguageDescription%20%20?Text%20%3B%0A%20%20%20%20%20%20%20%20%20%20%20%20%20%20sw:hasEntitySource%20%20%20%20?Source%0A%20%20%20%20OPTIONAL%0A%20%20%20%20%20%20%7B%20?Requirement%20%20req:isVerifiedBy%20%20?VerifiedBy%20.%0A%20%20%20%20%20%20%20%20?VerifiedBy%20%20a%20%20%20%20%20%20%20%20%20%20%20%20%20%20%20%20%20%20req:VerificationMethod%20%3B%0A%20%20%20%20%20%20%20%20%20%20%20%20%20%20%20%20%20%20sw:hasEntitySource%20%20%20%20?VSource%20.%0A%20%20%20%20%20%20%20%20?Requirement%20%20req:hasVerificationStatus%20%20?Status%0A%20%20%20%20%20%20%7D%0A%20%20%7D%0AORDER%20BY%20ASC%28?ReqID%29%0A
[2024-02-04 12:28:34] Fuseki     INFO  [26] Query = PREFIX  agent: <http://uaontologies.com/UA_Core/UA_Agent#> PREFIX  mission: <http://uaontologies.com/UA_Domain/UA_Mission#> PREFIX  sw:   <http://uaontologies.com/UA_Domain/UA_Software#> PREFIX  ms:   <http://uaontologies.com/UA_Domain/UA_ModelingAndSimulation#> PREFIX  meas: <http://uaontologies.com/UA_Core/UA_Measurement#> PREFIX  foundation: <http://uaontologies.com/UA_Foundation/UA_Foundation#> PREFIX  event: <http://uaontologies.com/UA_Core/UA_Event#> PREFIX  orb:  <http://uaontologies.com/UA_Domain/UA_OrbitsAndTrajectories#> PREFIX  sa:   <http://uaontologies.com/UA_Domain/UA_SystemArchitecture#> PREFIX  info: <http://uaontologies.com/UA_Core/UA_Information#> PREFIX  req:  <http://uaontologies.com/UA_Domain/UA_Requirements#>  SELECT DISTINCT  ?ReqName ?ReqID ?Text ?Source ?VerifiedBy ?VSource ?Status WHERE   { ?Requirement  a                 req:Requirement ;               foundation:hasID      ?ReqID ;               foundation:hasName    ?ReqName ;               foundation:hasNaturalLanguageDescription  ?Text ;               sw:hasEntitySource    ?Source     OPTIONAL       { ?Requirement  req:isVerifiedBy  ?VerifiedBy .         ?VerifiedBy  a                  req:VerificationMethod ;                   sw:hasEntitySource    ?VSource .         ?Requirement  req:hasVerificationStatus  ?Status       }   } ORDER BY ASC(?ReqID) 
[2024-02-04 12:28:35] Fuseki     INFO  [25] 200 OK (134 ms)
[2024-02-04 12:28:35] Fuseki     INFO  [22] 200 OK (152 ms)
[2024-02-04 12:28:35] Fuseki     INFO  [23] 200 OK (148 ms)
[2024-02-04 12:28:35] Fuseki     INFO  [26] 200 OK (136 ms)
[2024-02-04 12:28:35] Fuseki     INFO  [24] 200 OK (174 ms)
