C:\Users\Joe\Documents\Professional\5. Models\My Models\Rosetta - OML Workspace\DoD_Example\build\owl\siedepartment.com\SIE_Domain\SIE_Materials.owl
C:\Users\Joe\Documents\Professional\5. Models\My Models\Rosetta - OML Workspace\DoD_Example\build\owl\siedepartment.com\DoD_Example\bundle.owl
C:\Users\Joe\Documents\Professional\5. Models\My Models\Rosetta - OML Workspace\DoD_Example\build\owl\siedepartment.com\Libraries\Dimensions.owl
C:\Users\Joe\Documents\Professional\5. Models\My Models\Rosetta - OML Workspace\DoD_Example\build\owl\siedepartment.com\Libraries\SoftwareTools.owl
C:\Users\Joe\Documents\Professional\5. Models\My Models\Rosetta - OML Workspace\DoD_Example\build\owl\siedepartment.com\DoD_Example\Part3.owl
C:\Users\Joe\Documents\Professional\5. Models\My Models\Rosetta - OML Workspace\DoD_Example\build\owl\uaontologies.com\DoD_TEMP_Framework\bundle.owl
C:\Users\Joe\Documents\Professional\5. Models\My Models\Rosetta - OML Workspace\DoD_Example\build\owl\uaontologies.com\UA_Domain\UA_Requirements.owl
C:\Users\Joe\Documents\Professional\5. Models\My Models\Rosetta - OML Workspace\DoD_Example\build\owl\uaontologies.com\DoD_TEMP_Framework\TEMP_TestProgramPolicy.owl
C:\Users\Joe\Documents\Professional\5. Models\My Models\Rosetta - OML Workspace\DoD_Example\build\owl\siedepartment.com\SIE_Domain\SIE_SystemArchitecture.owl
C:\Users\Joe\Documents\Professional\5. Models\My Models\Rosetta - OML Workspace\DoD_Example\build\owl\opencaesar.io\viewpoint.owl
C:\Users\Joe\Documents\Professional\5. Models\My Models\Rosetta - OML Workspace\DoD_Example\build\owl\siedepartment.com\DoD_TEMP_Framework\TEMP_TestProgramPolicy.owl
C:\Users\Joe\Documents\Professional\5. Models\My Models\Rosetta - OML Workspace\DoD_Example\build\owl\siedepartment.com\DoD_Example\Part1.owl
C:\Users\Joe\Documents\Professional\5. Models\My Models\Rosetta - OML Workspace\DoD_Example\build\owl\siedepartment.com\DoD_Example\Part2.owl
C:\Users\Joe\Documents\Professional\5. Models\My Models\Rosetta - OML Workspace\DoD_Example\build\owl\siedepartment.com\DoD_TEMP_Framework\TEMP_TestProgramFrameworks.owl
C:\Users\Joe\Documents\Professional\5. Models\My Models\Rosetta - OML Workspace\DoD_Example\build\owl\siedepartment.com\SIE_Core\bundle.owl
C:\Users\Joe\Documents\Professional\5. Models\My Models\Rosetta - OML Workspace\DoD_Example\build\owl\uaontologies.com\UA_Libraries\SoftwareTools.owl
C:\Users\Joe\Documents\Professional\5. Models\My Models\Rosetta - OML Workspace\DoD_Example\build\owl\siedepartment.com\SIE_Foundation\SIE_Foundation.owl
C:\Users\Joe\Documents\Professional\5. Models\My Models\Rosetta - OML Workspace\DoD_Example\build\owl\uaontologies.com\DoD_TEMP_Framework\TEMP_Responsibility.owl
C:\Users\Joe\Documents\Professional\5. Models\My Models\Rosetta - OML Workspace\DoD_Example\build\owl\siedepartment.com\DoD_TEMP_Framework\TEMP_Responsibility.owl
C:\Users\Joe\Documents\Professional\5. Models\My Models\Rosetta - OML Workspace\DoD_Example\build\owl\purl.org\dc\elements\1.1.owl
C:\Users\Joe\Documents\Professional\5. Models\My Models\Rosetta - OML Workspace\DoD_Example\build\owl\uaontologies.com\UA_Libraries\Dimensions.owl
C:\Users\Joe\Documents\Professional\5. Models\My Models\Rosetta - OML Workspace\DoD_Example\build\owl\uaontologies.com\UA_Core\UA_Agent.owl
C:\Users\Joe\Documents\Professional\5. Models\My Models\Rosetta - OML Workspace\DoD_Example\build\owl\uaontologies.com\DoD_Example\Part3.owl
C:\Users\Joe\Documents\Professional\5. Models\My Models\Rosetta - OML Workspace\DoD_Example\build\owl\siedepartment.com\SIE_Domain\SIE_Mission.owl
C:\Users\Joe\Documents\Professional\5. Models\My Models\Rosetta - OML Workspace\DoD_Example\build\owl\uaontologies.com\DoD_Example\bundle.owl
C:\Users\Joe\Documents\Professional\5. Models\My Models\Rosetta - OML Workspace\DoD_Example\build\owl\siedepartment.com\SIE_Core\SIE_Information.owl
C:\Users\Joe\Documents\Professional\5. Models\My Models\Rosetta - OML Workspace\DoD_Example\build\owl\siedepartment.com\SIE_Domain\SIE_Acquisition.owl
C:\Users\Joe\Documents\Professional\5. Models\My Models\Rosetta - OML Workspace\DoD_Example\build\owl\siedepartment.com\DoD_TEMP_Framework\TEMP_Decision.owl
C:\Users\Joe\Documents\Professional\5. Models\My Models\Rosetta - OML Workspace\DoD_Example\build\owl\uaontologies.com\DoD_TEMP_Framework\TEMP_ExecutionAndReporting.owl
C:\Users\Joe\Documents\Professional\5. Models\My Models\Rosetta - OML Workspace\DoD_Example\build\owl\siedepartment.com\SIE_Core\SIE_Event.owl
C:\Users\Joe\Documents\Professional\5. Models\My Models\Rosetta - OML Workspace\DoD_Example\build\owl\siedepartment.com\Libraries\bundle.owl
C:\Users\Joe\Documents\Professional\5. Models\My Models\Rosetta - OML Workspace\DoD_Example\build\owl\uaontologies.com\DoD_TEMP_Framework\TEMP_TEOversight.owl
C:\Users\Joe\Documents\Professional\5. Models\My Models\Rosetta - OML Workspace\DoD_Example\build\owl\uaontologies.com\DoD_Example\bundle\individuals.ttl
C:\Users\Joe\Documents\Professional\5. Models\My Models\Rosetta - OML Workspace\DoD_Example\build\owl\uaontologies.com\DoD_TEMP_Framework\TEMP_TestProgramStructure.owl
C:\Users\Joe\Documents\Professional\5. Models\My Models\Rosetta - OML Workspace\DoD_Example\build\owl\uaontologies.com\DoD_Example\Part4.owl
C:\Users\Joe\Documents\Professional\5. Models\My Models\Rosetta - OML Workspace\DoD_Example\build\owl\siedepartment.com\DoD_TEMP_Framework\TEMP_TEOversight.owl
C:\Users\Joe\Documents\Professional\5. Models\My Models\Rosetta - OML Workspace\DoD_Example\build\owl\uaontologies.com\UA_Core\UA_Information.owl
C:\Users\Joe\Documents\Professional\5. Models\My Models\Rosetta - OML Workspace\DoD_Example\build\owl\siedepartment.com\Libraries\Units.owl
C:\Users\Joe\Documents\Professional\5. Models\My Models\Rosetta - OML Workspace\DoD_Example\build\owl\uaontologies.com\UA_Domain\UA_ProjectManagement.owl
C:\Users\Joe\Documents\Professional\5. Models\My Models\Rosetta - OML Workspace\DoD_Example\build\owl\uaontologies.com\UA_Domain\UA_Acquisition.owl
C:\Users\Joe\Documents\Professional\5. Models\My Models\Rosetta - OML Workspace\DoD_Example\build\owl\siedepartment.com\SIE_Domain\SIE_ModelingAndSimulation.owl
C:\Users\Joe\Documents\Professional\5. Models\My Models\Rosetta - OML Workspace\DoD_Example\build\owl\uaontologies.com\UA_Core\UA_Measurement.owl
C:\Users\Joe\Documents\Professional\5. Models\My Models\Rosetta - OML Workspace\DoD_Example\build\owl\siedepartment.com\SIE_Core\SIE_Provenance.owl
C:\Users\Joe\Documents\Professional\5. Models\My Models\Rosetta - OML Workspace\DoD_Example\build\owl\uaontologies.com\DoD_Example\Part1.owl
C:\Users\Joe\Documents\Professional\5. Models\My Models\Rosetta - OML Workspace\DoD_Example\build\owl\siedepartment.com\DoD_Example\bundle\properties.ttl
C:\Users\Joe\Documents\Professional\5. Models\My Models\Rosetta - OML Workspace\DoD_Example\build\owl\uaontologies.com\UA_Domain\UA_ModelingAndSimulation.owl
C:\Users\Joe\Documents\Professional\5. Models\My Models\Rosetta - OML Workspace\DoD_Example\build\owl\uaontologies.com\UA_Foundation\bundle.owl
C:\Users\Joe\Documents\Professional\5. Models\My Models\Rosetta - OML Workspace\DoD_Example\build\owl\siedepartment.com\SIE_Domain\SIE_Requirements.owl
C:\Users\Joe\Documents\Professional\5. Models\My Models\Rosetta - OML Workspace\DoD_Example\build\owl\siedepartment.com\DoD_TEMP_Framework\TEMP_Organization.owl
C:\Users\Joe\Documents\Professional\5. Models\My Models\Rosetta - OML Workspace\DoD_Example\build\owl\siedepartment.com\SIE_Domain\SIE_Software.owl
C:\Users\Joe\Documents\Professional\5. Models\My Models\Rosetta - OML Workspace\DoD_Example\build\owl\uaontologies.com\DoD_TEMP_Framework\TEMP_TestProgramFrameworks.owl
C:\Users\Joe\Documents\Professional\5. Models\My Models\Rosetta - OML Workspace\DoD_Example\build\owl\siedepartment.com\SIE_Domain\SIE_ProjectManagement.owl
C:\Users\Joe\Documents\Professional\5. Models\My Models\Rosetta - OML Workspace\DoD_Example\build\owl\siedepartment.com\SIE_Core\SIE_Measurement.owl
C:\Users\Joe\Documents\Professional\5. Models\My Models\Rosetta - OML Workspace\DoD_Example\build\owl\siedepartment.com\DoD_TEMP_Framework\bundle.owl
C:\Users\Joe\Documents\Professional\5. Models\My Models\Rosetta - OML Workspace\DoD_Example\build\owl\siedepartment.com\SIE_Domain\SIE_DataManagement.owl
C:\Users\Joe\Documents\Professional\5. Models\My Models\Rosetta - OML Workspace\DoD_Example\build\owl\uaontologies.com\UA_Core\bundle.owl
C:\Users\Joe\Documents\Professional\5. Models\My Models\Rosetta - OML Workspace\DoD_Example\build\owl\siedepartment.com\SIE_Domain\SIE_DesignOfExperiments.owl
C:\Users\Joe\Documents\Professional\5. Models\My Models\Rosetta - OML Workspace\DoD_Example\build\owl\uaontologies.com\DoD_TEMP_Framework\TEMP_Organization.owl
C:\Users\Joe\Documents\Professional\5. Models\My Models\Rosetta - OML Workspace\DoD_Example\build\owl\uaontologies.com\DoD_Example\Part2.owl
C:\Users\Joe\Documents\Professional\5. Models\My Models\Rosetta - OML Workspace\DoD_Example\build\owl\siedepartment.com\SIE_Domain\bundle.owl
C:\Users\Joe\Documents\Professional\5. Models\My Models\Rosetta - OML Workspace\DoD_Example\build\owl\siedepartment.com\DoD_TEMP_Framework\TEMP_TestProgramTeams.owl
C:\Users\Joe\Documents\Professional\5. Models\My Models\Rosetta - OML Workspace\DoD_Example\build\owl\uaontologies.com\UA_Domain\UA_Materials.owl
C:\Users\Joe\Documents\Professional\5. Models\My Models\Rosetta - OML Workspace\DoD_Example\build\owl\uaontologies.com\UA_Domain\UA_Test.owl
C:\Users\Joe\Documents\Professional\5. Models\My Models\Rosetta - OML Workspace\DoD_Example\build\owl\uaontologies.com\DoD_TEMP_Framework\TEMP_Decision.owl
C:\Users\Joe\Documents\Professional\5. Models\My Models\Rosetta - OML Workspace\DoD_Example\build\owl\uaontologies.com\UA_Domain\UA_Mission.owl
C:\Users\Joe\Documents\Professional\5. Models\My Models\Rosetta - OML Workspace\DoD_Example\build\owl\siedepartment.com\SIE_Foundation\bundle.owl
C:\Users\Joe\Documents\Professional\5. Models\My Models\Rosetta - OML Workspace\DoD_Example\build\owl\siedepartment.com\DoD_TEMP_Framework\TEMP_TestProgramStructure.owl
C:\Users\Joe\Documents\Professional\5. Models\My Models\Rosetta - OML Workspace\DoD_Example\build\owl\uaontologies.com\UA_Domain\UA_SystemArchitecture.owl
C:\Users\Joe\Documents\Professional\5. Models\My Models\Rosetta - OML Workspace\DoD_Example\build\owl\siedepartment.com\SIE_Core\SIE_Agent.owl
C:\Users\Joe\Documents\Professional\5. Models\My Models\Rosetta - OML Workspace\DoD_Example\build\owl\siedepartment.com\SIE_Domain\SIE_Test.owl
C:\Users\Joe\Documents\Professional\5. Models\My Models\Rosetta - OML Workspace\DoD_Example\build\owl\siedepartment.com\DoD_Example\bundle\classes.ttl
C:\Users\Joe\Documents\Professional\5. Models\My Models\Rosetta - OML Workspace\DoD_Example\build\owl\uaontologies.com\UA_Domain\bundle.owl
C:\Users\Joe\Documents\Professional\5. Models\My Models\Rosetta - OML Workspace\DoD_Example\build\owl\uaontologies.com\UA_Core\UA_Provenance.owl
C:\Users\Joe\Documents\Professional\5. Models\My Models\Rosetta - OML Workspace\DoD_Example\build\owl\uaontologies.com\UA_Libraries\Units.owl
C:\Users\Joe\Documents\Professional\5. Models\My Models\Rosetta - OML Workspace\DoD_Example\build\owl\siedepartment.com\DoD_Example\bundle\individuals.ttl
C:\Users\Joe\Documents\Professional\5. Models\My Models\Rosetta - OML Workspace\DoD_Example\build\owl\uaontologies.com\UA_Libraries\bundle.owl
C:\Users\Joe\Documents\Professional\5. Models\My Models\Rosetta - OML Workspace\DoD_Example\build\owl\uaontologies.com\UA_Core\UA_Event.owl
C:\Users\Joe\Documents\Professional\5. Models\My Models\Rosetta - OML Workspace\DoD_Example\build\owl\siedepartment.com\DoD_Example\Part4.owl
C:\Users\Joe\Documents\Professional\5. Models\My Models\Rosetta - OML Workspace\DoD_Example\build\owl\uaontologies.com\DoD_TEMP_Framework\TEMP_TestProgramTeams.owl
C:\Users\Joe\Documents\Professional\5. Models\My Models\Rosetta - OML Workspace\DoD_Example\build\owl\uaontologies.com\UA_Foundation\UA_Foundation.owl
C:\Users\Joe\Documents\Professional\5. Models\My Models\Rosetta - OML Workspace\DoD_Example\build\owl\uaontologies.com\UA_Domain\UA_DataManagement.owl
C:\Users\Joe\Documents\Professional\5. Models\My Models\Rosetta - OML Workspace\DoD_Example\build\owl\uaontologies.com\UA_Domain\UA_Software.owl
C:\Users\Joe\Documents\Professional\5. Models\My Models\Rosetta - OML Workspace\DoD_Example\build\owl\siedepartment.com\DoD_TEMP_Framework\TEMP_ExecutionAndReporting.owl
C:\Users\Joe\Documents\Professional\5. Models\My Models\Rosetta - OML Workspace\DoD_Example\build\owl\uaontologies.com\DoD_Example\bundle\properties.ttl
C:\Users\Joe\Documents\Professional\5. Models\My Models\Rosetta - OML Workspace\DoD_Example\build\owl\uaontologies.com\DoD_Example\bundle\classes.ttl
