[2024-08-26 18:15:27] Server     INFO  Apache Jena Fuseki 4.6.1
[2024-08-26 18:15:27] Server     INFO  Configuration file: ../.fuseki.ttl
[2024-08-26 18:15:27] Server     INFO  Path = /dTEMP_OSLM
[2024-08-26 18:15:27] Server     INFO  System
[2024-08-26 18:15:27] Server     INFO    Memory: 8.0 GiB
[2024-08-26 18:15:27] Server     INFO    Java:   17.0.5
[2024-08-26 18:15:27] Server     INFO    OS:     Windows 11 10.0 amd64
[2024-08-26 18:15:27] Server     INFO    PID:    13304
[2024-08-26 18:15:27] Server     INFO  Start Fuseki (http=3030)
[2024-08-26 18:15:42] Fuseki     INFO  [1] GET http://localhost:3030/dTEMP_OSLM
[2024-08-26 18:15:42] Fuseki     INFO  [1] 200 OK (19 ms)
[2024-08-26 18:15:43] Fuseki     INFO  [2] POST http://localhost:3030/dTEMP_OSLM?graph=http://uaontologies.com/UA_Domain/UA_ModelingAndSimulation
[2024-08-26 18:15:43] Fuseki     INFO  [2] Body: Content-Length=3429, Content-Type=application/rdf+xml, Charset=null => RDF/XML : Count=30 Triples=30 Quads=0
[2024-08-26 18:15:43] Fuseki     INFO  [2] 201 Created (139 ms)
[2024-08-26 18:15:44] Fuseki     INFO  [3] POST http://localhost:3030/dTEMP_OSLM?graph=http://uaontologies.com/dTEMP_OSLM/bundle
[2024-08-26 18:15:44] Fuseki     INFO  [3] Body: Content-Length=166702, Content-Type=application/rdf+xml, Charset=null => RDF/XML : Count=1456 Triples=1456 Quads=0
[2024-08-26 18:15:44] Fuseki     INFO  [3] 201 Created (222 ms)
[2024-08-26 18:15:44] Fuseki     INFO  [4] POST http://localhost:3030/dTEMP_OSLM?graph=http://uaontologies.com/DoD_TEMP_Framework/TEMP_TestProgramStructure
[2024-08-26 18:15:44] Fuseki     INFO  [4] Body: Content-Length=20950, Content-Type=application/rdf+xml, Charset=null => RDF/XML : Count=183 Triples=183 Quads=0
[2024-08-26 18:15:44] Fuseki     INFO  [4] 201 Created (28 ms)
[2024-08-26 18:15:44] Fuseki     INFO  [5] POST http://localhost:3030/dTEMP_OSLM?graph=http://uaontologies.com/dTEMP_OSLM/OSLM_Requirements
[2024-08-26 18:15:44] Fuseki     INFO  [5] Body: Content-Length=11253, Content-Type=application/rdf+xml, Charset=null => RDF/XML : Count=77 Triples=77 Quads=0
[2024-08-26 18:15:44] Fuseki     INFO  [5] 201 Created (16 ms)
[2024-08-26 18:15:44] Fuseki     INFO  [6] POST http://localhost:3030/dTEMP_OSLM?graph=http://uaontologies.com/UA_Core/UA_Information
[2024-08-26 18:15:44] Fuseki     INFO  [6] Body: Content-Length=36122, Content-Type=application/rdf+xml, Charset=null => RDF/XML : Count=332 Triples=332 Quads=0
[2024-08-26 18:15:44] Fuseki     INFO  [6] 201 Created (34 ms)
[2024-08-26 18:15:44] Fuseki     INFO  [7] POST http://localhost:3030/dTEMP_OSLM?graph=http://uaontologies.com/dTEMP_OSLM/OSLM_TestResults
[2024-08-26 18:15:44] Fuseki     INFO  [7] Body: Content-Length=9409, Content-Type=application/rdf+xml, Charset=null => RDF/XML : Count=60 Triples=60 Quads=0
[2024-08-26 18:15:44] Fuseki     INFO  [7] 201 Created (10 ms)
[2024-08-26 18:15:44] Fuseki     INFO  [8] POST http://localhost:3030/dTEMP_OSLM?graph=http://uaontologies.com/UA_Core/UA_Measurement
[2024-08-26 18:15:44] Fuseki     INFO  [8] Body: Content-Length=30028, Content-Type=application/rdf+xml, Charset=null => RDF/XML : Count=282 Triples=282 Quads=0
[2024-08-26 18:15:44] Fuseki     INFO  [8] 201 Created (26 ms)
[2024-08-26 18:15:44] Fuseki     INFO  [9] POST http://localhost:3030/dTEMP_OSLM?graph=http://uaontologies.com/UA_Foundation/UA_Foundation
[2024-08-26 18:15:44] Fuseki     INFO  [9] Body: Content-Length=40531, Content-Type=application/rdf+xml, Charset=null => RDF/XML : Count=374 Triples=374 Quads=0
[2024-08-26 18:15:44] Fuseki     INFO  [9] 201 Created (34 ms)
[2024-08-26 18:15:44] Fuseki     INFO  [10] POST http://localhost:3030/dTEMP_OSLM?graph=http://uaontologies.com/UA_Domain/UA_Requirements
[2024-08-26 18:15:44] Fuseki     INFO  [10] Body: Content-Length=45445, Content-Type=application/rdf+xml, Charset=null => RDF/XML : Count=424 Triples=424 Quads=0
[2024-08-26 18:15:44] Fuseki     INFO  [10] 201 Created (32 ms)
[2024-08-26 18:15:44] Fuseki     INFO  [11] POST http://localhost:3030/dTEMP_OSLM?graph=http://uaontologies.com/UA_Domain/UA_Test
[2024-08-26 18:15:44] Fuseki     INFO  [11] Body: Content-Length=32295, Content-Type=application/rdf+xml, Charset=null => RDF/XML : Count=323 Triples=323 Quads=0
[2024-08-26 18:15:44] Fuseki     INFO  [11] 201 Created (23 ms)
[2024-08-26 18:15:44] Fuseki     INFO  [12] POST http://localhost:3030/dTEMP_OSLM?graph=http://uaontologies.com/dTEMP_OSLM/OSLM_MissionAndSystem
[2024-08-26 18:15:44] Fuseki     INFO  [12] Body: Content-Length=72217, Content-Type=application/rdf+xml, Charset=null => RDF/XML : Count=505 Triples=505 Quads=0
[2024-08-26 18:15:44] Fuseki     INFO  [12] 201 Created (39 ms)
[2024-08-26 18:15:44] Fuseki     INFO  [13] POST http://localhost:3030/dTEMP_OSLM?graph=http://uaontologies.com/dTEMP_OSLM/OSLM_TestProgram
[2024-08-26 18:15:44] Fuseki     INFO  [13] Body: Content-Length=6094, Content-Type=application/rdf+xml, Charset=null => RDF/XML : Count=41 Triples=41 Quads=0
[2024-08-26 18:15:44] Fuseki     INFO  [13] 201 Created (11 ms)
[2024-08-26 18:15:44] Fuseki     INFO  [14] POST http://localhost:3030/dTEMP_OSLM?graph=http://uaontologies.com/UA_Domain/UA_UseCases
[2024-08-26 18:15:44] Fuseki     INFO  [14] Body: Content-Length=12565, Content-Type=application/rdf+xml, Charset=null => RDF/XML : Count=109 Triples=109 Quads=0
[2024-08-26 18:15:44] Fuseki     INFO  [14] 201 Created (12 ms)
[2024-08-26 18:15:44] Fuseki     INFO  [15] POST http://localhost:3030/dTEMP_OSLM?graph=http://uaontologies.com/UA_Core/UA_Provenance
[2024-08-26 18:15:44] Fuseki     INFO  [15] Body: Content-Length=17987, Content-Type=application/rdf+xml, Charset=null => RDF/XML : Count=153 Triples=153 Quads=0
[2024-08-26 18:15:44] Fuseki     INFO  [15] 201 Created (20 ms)
[2024-08-26 18:15:44] Fuseki     INFO  [16] POST http://localhost:3030/dTEMP_OSLM?graph=http://uaontologies.com/dTEMP_OSLM/OSLM_Organization
[2024-08-26 18:15:44] Fuseki     INFO  [16] Body: Content-Length=18804, Content-Type=application/rdf+xml, Charset=null => RDF/XML : Count=123 Triples=123 Quads=0
[2024-08-26 18:15:44] Fuseki     INFO  [16] 201 Created (20 ms)
[2024-08-26 18:15:44] Fuseki     INFO  [17] POST http://localhost:3030/dTEMP_OSLM?graph=http://uaontologies.com/DoD_TEMP_Framework/TEMP_TestProgramPolicy
[2024-08-26 18:15:44] Fuseki     INFO  [17] Body: Content-Length=21268, Content-Type=application/rdf+xml, Charset=null => RDF/XML : Count=187 Triples=187 Quads=0
[2024-08-26 18:15:44] Fuseki     INFO  [17] 201 Created (20 ms)
[2024-08-26 18:15:44] Fuseki     INFO  [18] POST http://localhost:3030/dTEMP_OSLM?graph=http://uaontologies.com/dTEMP_OSLM/OSLM_Metadata
[2024-08-26 18:15:44] Fuseki     INFO  [18] Body: Content-Length=3054, Content-Type=application/rdf+xml, Charset=null => RDF/XML : Count=16 Triples=16 Quads=0
[2024-08-26 18:15:44] Fuseki     INFO  [18] 201 Created (7 ms)
[2024-08-26 18:15:44] Fuseki     INFO  [19] POST http://localhost:3030/dTEMP_OSLM?graph=http://uaontologies.com/dTEMP_OSLM/OSLM_Tests
[2024-08-26 18:15:44] Fuseki     INFO  [19] Body: Content-Length=53448, Content-Type=application/rdf+xml, Charset=null => RDF/XML : Count=395 Triples=395 Quads=0
[2024-08-26 18:15:44] Fuseki     INFO  [19] 201 Created (30 ms)
[2024-08-26 18:15:44] Fuseki     INFO  [20] POST http://localhost:3030/dTEMP_OSLM?graph=http://uaontologies.com/UA_Domain/UA_SystemArchitecture
[2024-08-26 18:15:44] Fuseki     INFO  [20] Body: Content-Length=37188, Content-Type=application/rdf+xml, Charset=null => RDF/XML : Count=345 Triples=345 Quads=0
[2024-08-26 18:15:44] Fuseki     INFO  [20] 201 Created (25 ms)
[2024-08-26 18:15:44] Fuseki     INFO  [21] POST http://localhost:3030/dTEMP_OSLM?graph=http://uaontologies.com/UA_Core/UA_Agent
[2024-08-26 18:15:44] Fuseki     INFO  [21] Body: Content-Length=43007, Content-Type=application/rdf+xml, Charset=null => RDF/XML : Count=413 Triples=413 Quads=0
[2024-08-26 18:15:44] Fuseki     INFO  [21] 201 Created (30 ms)
[2024-08-26 18:15:44] Fuseki     INFO  [22] POST http://localhost:3030/dTEMP_OSLM?graph=http://uaontologies.com/UA_Domain/UA_Software
[2024-08-26 18:15:44] Fuseki     INFO  [22] Body: Content-Length=19703, Content-Type=application/rdf+xml, Charset=null => RDF/XML : Count=177 Triples=177 Quads=0
[2024-08-26 18:15:44] Fuseki     INFO  [22] 201 Created (16 ms)
[2024-08-26 18:15:44] Fuseki     INFO  [23] POST http://localhost:3030/dTEMP_OSLM?graph=http://uaontologies.com/dTEMP_OSLM/bundle/individuals
[2024-08-26 18:15:44] Fuseki     INFO  [23] Body: Content-Length=804883, Content-Type=text/turtle, Charset=null => Turtle : Count=9368 Triples=9368 Quads=0
[2024-08-26 18:15:45] Fuseki     INFO  [23] 201 Created (346 ms)
[2024-08-26 18:15:45] Fuseki     INFO  [24] POST http://localhost:3030/dTEMP_OSLM?graph=http://uaontologies.com/dTEMP_OSLM/bundle/classes
[2024-08-26 18:15:45] Fuseki     INFO  [24] Body: Content-Length=134678, Content-Type=text/turtle, Charset=null => Turtle : Count=1656 Triples=1656 Quads=0
[2024-08-26 18:15:45] Fuseki     INFO  [24] 201 Created (55 ms)
[2024-08-26 18:15:45] Fuseki     INFO  [25] POST http://localhost:3030/dTEMP_OSLM?graph=http://uaontologies.com/dTEMP_OSLM/bundle/properties
[2024-08-26 18:15:45] Fuseki     INFO  [25] Body: Content-Length=63561, Content-Type=text/turtle, Charset=null => Turtle : Count=633 Triples=633 Quads=0
[2024-08-26 18:15:45] Fuseki     INFO  [25] 201 Created (40 ms)
[2024-08-26 18:15:45] Fuseki     INFO  [26] POST http://localhost:3030/dTEMP_OSLM?graph=http://uaontologies.com/dTEMP_OSLM/OSLM_DecisionsAndDocumentation
[2024-08-26 18:15:45] Fuseki     INFO  [26] Body: Content-Length=17820, Content-Type=application/rdf+xml, Charset=null => RDF/XML : Count=114 Triples=114 Quads=0
[2024-08-26 18:15:45] Fuseki     INFO  [26] 201 Created (20 ms)
[2024-08-26 18:15:45] Fuseki     INFO  [27] POST http://localhost:3030/dTEMP_OSLM?graph=http://uaontologies.com/DoD_TEMP_Framework/TEMP_Decision
[2024-08-26 18:15:45] Fuseki     INFO  [27] Body: Content-Length=31431, Content-Type=application/rdf+xml, Charset=null => RDF/XML : Count=291 Triples=291 Quads=0
[2024-08-26 18:15:45] Fuseki     INFO  [27] 201 Created (22 ms)
[2024-08-26 18:15:45] Fuseki     INFO  [28] POST http://localhost:3030/dTEMP_OSLM?graph=http://uaontologies.com/dTEMP_OSLM/OSLM_KeyCapabilities
[2024-08-26 18:15:45] Fuseki     INFO  [28] Body: Content-Length=28836, Content-Type=application/rdf+xml, Charset=null => RDF/XML : Count=207 Triples=207 Quads=0
[2024-08-26 18:15:45] Fuseki     INFO  [28] 201 Created (19 ms)
[2024-08-26 18:15:45] Fuseki     INFO  [29] POST http://localhost:3030/dTEMP_OSLM?graph=http://uaontologies.com/dTEMP_OSLM/OSLM_Resources
[2024-08-26 18:15:45] Fuseki     INFO  [29] Body: Content-Length=22502, Content-Type=application/rdf+xml, Charset=null => RDF/XML : Count=152 Triples=152 Quads=0
[2024-08-26 18:15:45] Fuseki     INFO  [29] 201 Created (17 ms)
[2024-08-26 18:15:45] Fuseki     INFO  [30] POST http://localhost:3030/dTEMP_OSLM?graph=http://purl.org/dc/elements/1.1
[2024-08-26 18:15:45] Fuseki     INFO  [30] Body: Content-Length=3568, Content-Type=application/rdf+xml, Charset=null => RDF/XML : Count=22 Triples=22 Quads=0
[2024-08-26 18:15:45] Fuseki     INFO  [30] 201 Created (8 ms)
[2024-08-26 18:15:45] Fuseki     INFO  [31] POST http://localhost:3030/dTEMP_OSLM?graph=http://uaontologies.com/UA_Libraries/Units
[2024-08-26 18:15:45] Fuseki     INFO  [31] Body: Content-Length=8763, Content-Type=application/rdf+xml, Charset=null => RDF/XML : Count=62 Triples=62 Quads=0
[2024-08-26 18:15:45] Fuseki     INFO  [31] 201 Created (10 ms)
[2024-08-26 18:15:45] Fuseki     INFO  [32] POST http://localhost:3030/dTEMP_OSLM?graph=http://uaontologies.com/UA_Core/UA_Event
[2024-08-26 18:15:45] Fuseki     INFO  [32] Body: Content-Length=26194, Content-Type=application/rdf+xml, Charset=null => RDF/XML : Count=241 Triples=241 Quads=0
[2024-08-26 18:15:45] Fuseki     INFO  [32] 201 Created (13 ms)
[2024-08-26 18:15:45] Fuseki     INFO  [33] POST http://localhost:3030/dTEMP_OSLM?graph=http://uaontologies.com/UA_Domain/UA_ProjectManagement
[2024-08-26 18:15:45] Fuseki     INFO  [33] Body: Content-Length=6090, Content-Type=application/rdf+xml, Charset=null => RDF/XML : Count=59 Triples=59 Quads=0
[2024-08-26 18:15:45] Fuseki     INFO  [33] 201 Created (7 ms)
[2024-08-26 18:15:45] Fuseki     INFO  [34] POST http://localhost:3030/dTEMP_OSLM?graph=http://uaontologies.com/DoD_TEMP_Framework/TEMP_TestProgramFrameworks
[2024-08-26 18:15:45] Fuseki     INFO  [34] Body: Content-Length=8877, Content-Type=application/rdf+xml, Charset=null => RDF/XML : Count=72 Triples=72 Quads=0
[2024-08-26 18:15:45] Fuseki     INFO  [34] 201 Created (8 ms)
[2024-08-26 18:15:45] Fuseki     INFO  [35] POST http://localhost:3030/dTEMP_OSLM?graph=http://uaontologies.com/UA_Libraries/Dimensions
[2024-08-26 18:15:45] Fuseki     INFO  [35] Body: Content-Length=5766, Content-Type=application/rdf+xml, Charset=null => RDF/XML : Count=38 Triples=38 Quads=0
[2024-08-26 18:15:45] Fuseki     INFO  [35] 201 Created (5 ms)
[2024-08-26 18:15:45] Fuseki     INFO  [36] POST http://localhost:3030/dTEMP_OSLM?graph=http://uaontologies.com/UA_Domain/UA_Mission
[2024-08-26 18:15:45] Fuseki     INFO  [36] Body: Content-Length=13415, Content-Type=application/rdf+xml, Charset=null => RDF/XML : Count=118 Triples=118 Quads=0
[2024-08-26 18:15:45] Fuseki     INFO  [36] 201 Created (11 ms)
[2024-08-26 18:15:45] Fuseki     INFO  [37] POST http://localhost:3030/dTEMP_OSLM?graph=http://uaontologies.com/DoD_TEMP_Framework/TEMP_TestProgramTeams
[2024-08-26 18:15:45] Fuseki     INFO  [37] Body: Content-Length=51483, Content-Type=application/rdf+xml, Charset=null => RDF/XML : Count=492 Triples=492 Quads=0
[2024-08-26 18:15:45] Fuseki     INFO  [37] 201 Created (21 ms)
[2024-08-26 18:15:45] Fuseki     INFO  [38] POST http://localhost:3030/dTEMP_OSLM?graph=http://uaontologies.com/DoD_TEMP_Framework/TEMP_Organization
[2024-08-26 18:15:45] Fuseki     INFO  [38] Body: Content-Length=9373, Content-Type=application/rdf+xml, Charset=null => RDF/XML : Count=88 Triples=88 Quads=0
[2024-08-26 18:15:45] Fuseki     INFO  [38] 201 Created (10 ms)
[2024-08-26 18:15:45] Fuseki     INFO  [39] POST http://localhost:3030/dTEMP_OSLM/sparql
[2024-08-26 18:15:45] Fuseki     INFO  [39] Query = PREFIX  agent: <http://uaontologies.com/UA_Core/UA_Agent#> PREFIX  data: <http://uaontologies.com/UA_Domain/UA_DataManagement#> PREFIX  temp_teo: <http://uaontologies.com/DoD_TEMP_Framework/TEMP_TEOversight#> PREFIX  xsd:  <http://www.w3.org/2001/XMLSchema#> PREFIX  rdfs: <http://www.w3.org/2000/01/rdf-schema#> PREFIX  temp_tpf: <http://uaontologies.com/DoD_TEMP_Framework/TEMP_TestProgramFrameworks#> PREFIX  foundation: <http://uaontologies.com/UA_Foundation/UA_Foundation#> PREFIX  temp_org: <http://uaontologies.com/DoD_TEMP_Framework/TEMP_Organization#> PREFIX  acq:  <http://uaontologies.com/UA_Domain/UA_Acquisition#> PREFIX  sa:   <http://uaontologies.com/UA_Domain/UA_SystemArchitecture#> PREFIX  event: <http://uaontologies.com/UA_Core/UA_Event#> PREFIX  prov: <http://uaontologies.com/UA_Core/UA_Provenance#> PREFIX  info: <http://uaontologies.com/UA_Core/UA_Information#> PREFIX  req:  <http://uaontologies.com/UA_Domain/UA_Requirements#> PREFIX  temp_ear: <http://uaontologies.com/DoD_TEMP_Framework/TEMP_ExecutionAndReporting#> PREFIX  temp_dec: <http://uaontologies.com/DoD_TEMP_Framework/TEMP_Decision#> PREFIX  sw:   <http://uaontologies.com/UA_Domain/UA_Software#> PREFIX  test: <http://uaontologies.com/UA_Domain/UA_Test#> PREFIX  ms:   <http://uaontologies.com/UA_Domain/UA_ModelingAndSimulation#> PREFIX  mission: <http://uaontologies.com/UA_Domain/UA_Mission#> PREFIX  temp_resp: <http://uaontologies.com/DoD_TEMP_Framework/TEMP_Responsibility#> PREFIX  temp_tpt: <http://uaontologies.com/DoD_TEMP_Framework/TEMP_TestProgramTeams#> PREFIX  meas: <http://uaontologies.com/UA_Core/UA_Measurement#> PREFIX  temp_tps: <http://uaontologies.com/DoD_TEMP_Framework/TEMP_TestProgramStructure#> PREFIX  temp_tpp: <http://uaontologies.com/DoD_TEMP_Framework/TEMP_TestProgramPolicy#> PREFIX  pm:   <http://uaontologies.com/UA_Domain/UA_ProjectManagement#> PREFIX  dc:   <http://purl.org/dc/elements/1.1/>  SELECT DISTINCT  ?KCName ?SatisfiedBy ?Unit ?Threshold ?Objective ?VerificationMethodName WHERE   { ?KC   a                   req:KeyRequirement ;           foundation:hasName  ?KCName ;           info:prescribes     ?SatisfiedBy ;           req:hasThreshold    ?KCT .     ?KCT  meas:hasUnit        ?Unit ;           meas:hasValue       ?Threshold .     ?KC   req:hasObjective    ?KCO .     ?KCO  meas:hasValue       ?Objective     OPTIONAL       { ?KC       req:isVerifiedBy    ?VerificationMethod .         ?VerificationMethod                   foundation:hasName  ?VerificationMethodName       }   } 
[2024-08-26 18:15:45] Fuseki     INFO  [41] POST http://localhost:3030/dTEMP_OSLM/sparql
[2024-08-26 18:15:45] Fuseki     INFO  [41] Query = PREFIX  agent: <http://uaontologies.com/UA_Core/UA_Agent#> PREFIX  data: <http://uaontologies.com/UA_Domain/UA_DataManagement#> PREFIX  temp_teo: <http://uaontologies.com/DoD_TEMP_Framework/TEMP_TEOversight#> PREFIX  xsd:  <http://www.w3.org/2001/XMLSchema#> PREFIX  rdfs: <http://www.w3.org/2000/01/rdf-schema#> PREFIX  temp_tpf: <http://uaontologies.com/DoD_TEMP_Framework/TEMP_TestProgramFrameworks#> PREFIX  foundation: <http://uaontologies.com/UA_Foundation/UA_Foundation#> PREFIX  temp_org: <http://uaontologies.com/DoD_TEMP_Framework/TEMP_Organization#> PREFIX  acq:  <http://uaontologies.com/UA_Domain/UA_Acquisition#> PREFIX  sa:   <http://uaontologies.com/UA_Domain/UA_SystemArchitecture#> PREFIX  event: <http://uaontologies.com/UA_Core/UA_Event#> PREFIX  prov: <http://uaontologies.com/UA_Core/UA_Provenance#> PREFIX  info: <http://uaontologies.com/UA_Core/UA_Information#> PREFIX  req:  <http://uaontologies.com/UA_Domain/UA_Requirements#> PREFIX  temp_ear: <http://uaontologies.com/DoD_TEMP_Framework/TEMP_ExecutionAndReporting#> PREFIX  temp_dec: <http://uaontologies.com/DoD_TEMP_Framework/TEMP_Decision#> PREFIX  sw:   <http://uaontologies.com/UA_Domain/UA_Software#> PREFIX  test: <http://uaontologies.com/UA_Domain/UA_Test#> PREFIX  ms:   <http://uaontologies.com/UA_Domain/UA_ModelingAndSimulation#> PREFIX  mission: <http://uaontologies.com/UA_Domain/UA_Mission#> PREFIX  temp_resp: <http://uaontologies.com/DoD_TEMP_Framework/TEMP_Responsibility#> PREFIX  temp_tpt: <http://uaontologies.com/DoD_TEMP_Framework/TEMP_TestProgramTeams#> PREFIX  meas: <http://uaontologies.com/UA_Core/UA_Measurement#> PREFIX  temp_tps: <http://uaontologies.com/DoD_TEMP_Framework/TEMP_TestProgramStructure#> PREFIX  temp_tpp: <http://uaontologies.com/DoD_TEMP_Framework/TEMP_TestProgramPolicy#> PREFIX  pm:   <http://uaontologies.com/UA_Domain/UA_ProjectManagement#> PREFIX  dc:   <http://purl.org/dc/elements/1.1/>  SELECT DISTINCT  ?MissionName ?MOEName WHERE   { ?MOE      a                     meas:Quantity ;               foundation:hasName    ?MOEName ;               foundation:specificallyDependentOn  ?Mission .     ?Mission  a                     mission:Mission ;               foundation:hasName    ?MissionName   } 
[2024-08-26 18:15:45] Fuseki     INFO  [42] POST http://localhost:3030/dTEMP_OSLM/sparql
[2024-08-26 18:15:45] Fuseki     INFO  [42] Query = PREFIX  agent: <http://uaontologies.com/UA_Core/UA_Agent#> PREFIX  data: <http://uaontologies.com/UA_Domain/UA_DataManagement#> PREFIX  temp_teo: <http://uaontologies.com/DoD_TEMP_Framework/TEMP_TEOversight#> PREFIX  xsd:  <http://www.w3.org/2001/XMLSchema#> PREFIX  rdfs: <http://www.w3.org/2000/01/rdf-schema#> PREFIX  temp_tpf: <http://uaontologies.com/DoD_TEMP_Framework/TEMP_TestProgramFrameworks#> PREFIX  foundation: <http://uaontologies.com/UA_Foundation/UA_Foundation#> PREFIX  temp_org: <http://uaontologies.com/DoD_TEMP_Framework/TEMP_Organization#> PREFIX  acq:  <http://uaontologies.com/UA_Domain/UA_Acquisition#> PREFIX  sa:   <http://uaontologies.com/UA_Domain/UA_SystemArchitecture#> PREFIX  event: <http://uaontologies.com/UA_Core/UA_Event#> PREFIX  prov: <http://uaontologies.com/UA_Core/UA_Provenance#> PREFIX  info: <http://uaontologies.com/UA_Core/UA_Information#> PREFIX  req:  <http://uaontologies.com/UA_Domain/UA_Requirements#> PREFIX  temp_ear: <http://uaontologies.com/DoD_TEMP_Framework/TEMP_ExecutionAndReporting#> PREFIX  temp_dec: <http://uaontologies.com/DoD_TEMP_Framework/TEMP_Decision#> PREFIX  sw:   <http://uaontologies.com/UA_Domain/UA_Software#> PREFIX  test: <http://uaontologies.com/UA_Domain/UA_Test#> PREFIX  ms:   <http://uaontologies.com/UA_Domain/UA_ModelingAndSimulation#> PREFIX  mission: <http://uaontologies.com/UA_Domain/UA_Mission#> PREFIX  temp_resp: <http://uaontologies.com/DoD_TEMP_Framework/TEMP_Responsibility#> PREFIX  temp_tpt: <http://uaontologies.com/DoD_TEMP_Framework/TEMP_TestProgramTeams#> PREFIX  meas: <http://uaontologies.com/UA_Core/UA_Measurement#> PREFIX  temp_tps: <http://uaontologies.com/DoD_TEMP_Framework/TEMP_TestProgramStructure#> PREFIX  temp_tpp: <http://uaontologies.com/DoD_TEMP_Framework/TEMP_TestProgramPolicy#> PREFIX  pm:   <http://uaontologies.com/UA_Domain/UA_ProjectManagement#> PREFIX  dc:   <http://purl.org/dc/elements/1.1/>  SELECT DISTINCT  ?SystemName ?SubsystemName ?SubsubsystemName WHERE   { ?System   a                    sa:System ;               foundation:hasName   "Lego Sticky Note Detection System" ;               foundation:contains  ?Subsystem .     ?Subsystem  foundation:hasName  ?SubsystemName     OPTIONAL       { ?Subsystem  foundation:contains  ?Subsubsystem .         ?Subsubsystem                   foundation:hasName   ?SubsubsystemName       }   } 
[2024-08-26 18:15:45] Fuseki     INFO  [43] GET http://localhost:3030/dTEMP_OSLM/sparql?query=PREFIX%20%20test:%20%3Chttp://uaontologies.com/UA_Domain/UA_Test%23%3E%0APREFIX%20%20xsd:%20%20%3Chttp://www.w3.org/2001/XMLSchema%23%3E%0APREFIX%20%20rdfs:%20%3Chttp://www.w3.org/2000/01/rdf-schema%23%3E%0APREFIX%20%20foundation:%20%3Chttp://uaontologies.com/UA_Foundation/UA_Foundation%23%3E%0APREFIX%20%20event:%20%3Chttp://uaontologies.com/UA_Core/UA_Event%23%3E%0APREFIX%20%20temp_tpp:%20%3Chttp://uaontologies.com/DoD_TEMP_Framework/TEMP_TestProgramPolicy%23%3E%0APREFIX%20%20dc:%20%20%20%3Chttp://purl.org/dc/elements/1.1/%3E%0APREFIX%20%20req:%20%20%3Chttp://uaontologies.com/UA_Domain/UA_Requirements%23%3E%0A%0ASELECT%20DISTINCT%20%20?ITPName%20?DTPName%20?VM%20?VMName%20%28GROUP_CONCAT%28DISTINCT%20?TestSubject%20%3B%20separator%3D%27%2C%20%27%29%20AS%20?TestSubjects%29%20?Site%20?Start%20?End%0AWHERE%0A%20%20%7B%20?ITP%20%20a%20%20%20%20%20%20%20%20%20%20%20%20%20%20%20%20%20%20%20%20temp_tpp:IntegratedTestProgram%20%3B%0A%20%20%20%20%20%20%20%20%20%20foundation:hasName%20%20%20?ITPName%20%3B%0A%20%20%20%20%20%20%20%20%20%20foundation:contains%20%20?DTP%20.%0A%20%20%20%20?DTP%20%20foundation:hasName%20%20%20?DTPName%20%3B%0A%20%20%20%20%20%20%20%20%20%20foundation:contains%20%20?VM%20.%0A%20%20%20%20?VM%20%20%20a%20%20%20%20%20%20%20%20%20%20%20%20%20%20%20%20%20%20%20%20req:VerificationMethod%20%3B%0A%20%20%20%20%20%20%20%20%20%20foundation:hasName%20%20%20?VMName%0A%20%20%20%20OPTIONAL%0A%20%20%20%20%20%20%7B%20?VM%20%20event:occursAt%20%20?Site%20%7D%0A%20%20%20%20?VM%20%20%20%20%20%20%20event:occursOn%20%20%20%20%20%20%20%20?TimePeriod%20%3B%0A%20%20%20%20%20%20%20%20%20%20%20%20%20%20test:hasTestSubject%20%20%20?TestSubject%20.%0A%20%20%20%20?TimePeriod%20%20foundation:hasBeginInstant%20%20?Start%20%3B%0A%20%20%20%20%20%20%20%20%20%20%20%20%20%20foundation:hasEndInstant%20%20?End%0A%20%20%7D%0AGROUP%20BY%20?ITPName%20?DTPName%20?VM%20?VMName%20?Site%20?Start%20?End%0AORDER%20BY%20ASC%28?Start%29%0A
[2024-08-26 18:15:45] Fuseki     INFO  [43] Query = PREFIX  test: <http://uaontologies.com/UA_Domain/UA_Test#> PREFIX  xsd:  <http://www.w3.org/2001/XMLSchema#> PREFIX  rdfs: <http://www.w3.org/2000/01/rdf-schema#> PREFIX  foundation: <http://uaontologies.com/UA_Foundation/UA_Foundation#> PREFIX  event: <http://uaontologies.com/UA_Core/UA_Event#> PREFIX  temp_tpp: <http://uaontologies.com/DoD_TEMP_Framework/TEMP_TestProgramPolicy#> PREFIX  dc:   <http://purl.org/dc/elements/1.1/> PREFIX  req:  <http://uaontologies.com/UA_Domain/UA_Requirements#>  SELECT DISTINCT  ?ITPName ?DTPName ?VM ?VMName (GROUP_CONCAT(DISTINCT ?TestSubject ; separator=', ') AS ?TestSubjects) ?Site ?Start ?End WHERE   { ?ITP  a                    temp_tpp:IntegratedTestProgram ;           foundation:hasName   ?ITPName ;           foundation:contains  ?DTP .     ?DTP  foundation:hasName   ?DTPName ;           foundation:contains  ?VM .     ?VM   a                    req:VerificationMethod ;           foundation:hasName   ?VMName     OPTIONAL       { ?VM  event:occursAt  ?Site }     ?VM       event:occursOn        ?TimePeriod ;               test:hasTestSubject   ?TestSubject .     ?TimePeriod  foundation:hasBeginInstant  ?Start ;               foundation:hasEndInstant  ?End   } GROUP BY ?ITPName ?DTPName ?VM ?VMName ?Site ?Start ?End ORDER BY ASC(?Start) 
[2024-08-26 18:15:45] Fuseki     INFO  [40] POST http://localhost:3030/dTEMP_OSLM/sparql
[2024-08-26 18:15:45] Fuseki     INFO  [40] Query = PREFIX  agent: <http://uaontologies.com/UA_Core/UA_Agent#> PREFIX  data: <http://uaontologies.com/UA_Domain/UA_DataManagement#> PREFIX  temp_teo: <http://uaontologies.com/DoD_TEMP_Framework/TEMP_TEOversight#> PREFIX  xsd:  <http://www.w3.org/2001/XMLSchema#> PREFIX  rdfs: <http://www.w3.org/2000/01/rdf-schema#> PREFIX  temp_tpf: <http://uaontologies.com/DoD_TEMP_Framework/TEMP_TestProgramFrameworks#> PREFIX  foundation: <http://uaontologies.com/UA_Foundation/UA_Foundation#> PREFIX  temp_org: <http://uaontologies.com/DoD_TEMP_Framework/TEMP_Organization#> PREFIX  acq:  <http://uaontologies.com/UA_Domain/UA_Acquisition#> PREFIX  sa:   <http://uaontologies.com/UA_Domain/UA_SystemArchitecture#> PREFIX  event: <http://uaontologies.com/UA_Core/UA_Event#> PREFIX  prov: <http://uaontologies.com/UA_Core/UA_Provenance#> PREFIX  info: <http://uaontologies.com/UA_Core/UA_Information#> PREFIX  req:  <http://uaontologies.com/UA_Domain/UA_Requirements#> PREFIX  temp_ear: <http://uaontologies.com/DoD_TEMP_Framework/TEMP_ExecutionAndReporting#> PREFIX  temp_dec: <http://uaontologies.com/DoD_TEMP_Framework/TEMP_Decision#> PREFIX  sw:   <http://uaontologies.com/UA_Domain/UA_Software#> PREFIX  test: <http://uaontologies.com/UA_Domain/UA_Test#> PREFIX  ms:   <http://uaontologies.com/UA_Domain/UA_ModelingAndSimulation#> PREFIX  mission: <http://uaontologies.com/UA_Domain/UA_Mission#> PREFIX  temp_resp: <http://uaontologies.com/DoD_TEMP_Framework/TEMP_Responsibility#> PREFIX  temp_tpt: <http://uaontologies.com/DoD_TEMP_Framework/TEMP_TestProgramTeams#> PREFIX  meas: <http://uaontologies.com/UA_Core/UA_Measurement#> PREFIX  temp_tps: <http://uaontologies.com/DoD_TEMP_Framework/TEMP_TestProgramStructure#> PREFIX  temp_tpp: <http://uaontologies.com/DoD_TEMP_Framework/TEMP_TestProgramPolicy#> PREFIX  pm:   <http://uaontologies.com/UA_Domain/UA_ProjectManagement#> PREFIX  dc:   <http://purl.org/dc/elements/1.1/>  SELECT DISTINCT  ?Review ?Decision ?ReviewStart ?Milestone ?Data ?TestData WHERE   { ?Review   a                     agent:ManagedProcess ;               agent:hasOutput       ?Decision .     ?Decision  a                    temp_dec:KeyDecision .     ?Review   event:occursOn        ?ReviewTime .     ?ReviewTime  foundation:hasBeginInstant  ?ReviewStart .     ?Decision  info:prescribes      ?Milestone .     ?Milestone  a                   temp_dec:Milestone     OPTIONAL       { ?Decision  temp_dec:isInformedBy  ?DataNo .         ?DataNo   foundation:contains   ?TestData ;                   foundation:hasName    ?Data       }   } ORDER BY ASC(?Milestone) 
[2024-08-26 18:15:45] Fuseki     INFO  [44] POST http://localhost:3030/dTEMP_OSLM/sparql
[2024-08-26 18:15:45] Fuseki     INFO  [44] Query = PREFIX  agent: <http://uaontologies.com/UA_Core/UA_Agent#> PREFIX  data: <http://uaontologies.com/UA_Domain/UA_DataManagement#> PREFIX  temp_teo: <http://uaontologies.com/DoD_TEMP_Framework/TEMP_TEOversight#> PREFIX  xsd:  <http://www.w3.org/2001/XMLSchema#> PREFIX  rdfs: <http://www.w3.org/2000/01/rdf-schema#> PREFIX  temp_tpf: <http://uaontologies.com/DoD_TEMP_Framework/TEMP_TestProgramFrameworks#> PREFIX  foundation: <http://uaontologies.com/UA_Foundation/UA_Foundation#> PREFIX  temp_org: <http://uaontologies.com/DoD_TEMP_Framework/TEMP_Organization#> PREFIX  acq:  <http://uaontologies.com/UA_Domain/UA_Acquisition#> PREFIX  sa:   <http://uaontologies.com/UA_Domain/UA_SystemArchitecture#> PREFIX  event: <http://uaontologies.com/UA_Core/UA_Event#> PREFIX  prov: <http://uaontologies.com/UA_Core/UA_Provenance#> PREFIX  info: <http://uaontologies.com/UA_Core/UA_Information#> PREFIX  req:  <http://uaontologies.com/UA_Domain/UA_Requirements#> PREFIX  temp_ear: <http://uaontologies.com/DoD_TEMP_Framework/TEMP_ExecutionAndReporting#> PREFIX  temp_dec: <http://uaontologies.com/DoD_TEMP_Framework/TEMP_Decision#> PREFIX  sw:   <http://uaontologies.com/UA_Domain/UA_Software#> PREFIX  test: <http://uaontologies.com/UA_Domain/UA_Test#> PREFIX  ms:   <http://uaontologies.com/UA_Domain/UA_ModelingAndSimulation#> PREFIX  mission: <http://uaontologies.com/UA_Domain/UA_Mission#> PREFIX  temp_resp: <http://uaontologies.com/DoD_TEMP_Framework/TEMP_Responsibility#> PREFIX  temp_tpt: <http://uaontologies.com/DoD_TEMP_Framework/TEMP_TestProgramTeams#> PREFIX  meas: <http://uaontologies.com/UA_Core/UA_Measurement#> PREFIX  temp_tps: <http://uaontologies.com/DoD_TEMP_Framework/TEMP_TestProgramStructure#> PREFIX  temp_tpp: <http://uaontologies.com/DoD_TEMP_Framework/TEMP_TestProgramPolicy#> PREFIX  pm:   <http://uaontologies.com/UA_Domain/UA_ProjectManagement#> PREFIX  dc:   <http://purl.org/dc/elements/1.1/>  SELECT DISTINCT  ?MissionReq ?MissionReqName ?SystemQuantity ?TestName ?TestOutput ?TestMeasurement ?Unit ?Value ?MinValue WHERE   { ?Test     a                    test:Test ;               foundation:hasName   ?TestName ;               req:verifies         ?MissionReq .     ?MissionReq  foundation:hasName  ?MissionReqName .     ?Test     agent:hasOutput      ?TestOutput .     ?TestOutput  foundation:contains  ?TestMeasurement .     ?TestMeasurement               meas:hasValue        ?Value ;               meas:hasUnit         ?Unit ;               meas:measurementOf   ?SystemQuantity .     ?SystemQuantity               req:satisfies        ?MissionReq .     ?Constraint  req:refines       ?MissionReq ;               req:ownsParameter    ?Parameter .     ?Parameter  foundation:hasName  "min" .     ?ParameterMeasurement               meas:measurementOf   ?Parameter ;               meas:hasValue        ?MinValue   } 
[2024-08-26 18:15:45] Fuseki     INFO  [45] POST http://localhost:3030/dTEMP_OSLM/sparql
[2024-08-26 18:15:45] Fuseki     INFO  [45] Query = PREFIX  agent: <http://uaontologies.com/UA_Core/UA_Agent#> PREFIX  data: <http://uaontologies.com/UA_Domain/UA_DataManagement#> PREFIX  temp_teo: <http://uaontologies.com/DoD_TEMP_Framework/TEMP_TEOversight#> PREFIX  xsd:  <http://www.w3.org/2001/XMLSchema#> PREFIX  rdfs: <http://www.w3.org/2000/01/rdf-schema#> PREFIX  temp_tpf: <http://uaontologies.com/DoD_TEMP_Framework/TEMP_TestProgramFrameworks#> PREFIX  foundation: <http://uaontologies.com/UA_Foundation/UA_Foundation#> PREFIX  temp_org: <http://uaontologies.com/DoD_TEMP_Framework/TEMP_Organization#> PREFIX  acq:  <http://uaontologies.com/UA_Domain/UA_Acquisition#> PREFIX  sa:   <http://uaontologies.com/UA_Domain/UA_SystemArchitecture#> PREFIX  event: <http://uaontologies.com/UA_Core/UA_Event#> PREFIX  prov: <http://uaontologies.com/UA_Core/UA_Provenance#> PREFIX  info: <http://uaontologies.com/UA_Core/UA_Information#> PREFIX  req:  <http://uaontologies.com/UA_Domain/UA_Requirements#> PREFIX  temp_ear: <http://uaontologies.com/DoD_TEMP_Framework/TEMP_ExecutionAndReporting#> PREFIX  temp_dec: <http://uaontologies.com/DoD_TEMP_Framework/TEMP_Decision#> PREFIX  sw:   <http://uaontologies.com/UA_Domain/UA_Software#> PREFIX  test: <http://uaontologies.com/UA_Domain/UA_Test#> PREFIX  ms:   <http://uaontologies.com/UA_Domain/UA_ModelingAndSimulation#> PREFIX  mission: <http://uaontologies.com/UA_Domain/UA_Mission#> PREFIX  temp_resp: <http://uaontologies.com/DoD_TEMP_Framework/TEMP_Responsibility#> PREFIX  temp_tpt: <http://uaontologies.com/DoD_TEMP_Framework/TEMP_TestProgramTeams#> PREFIX  meas: <http://uaontologies.com/UA_Core/UA_Measurement#> PREFIX  temp_tps: <http://uaontologies.com/DoD_TEMP_Framework/TEMP_TestProgramStructure#> PREFIX  temp_tpp: <http://uaontologies.com/DoD_TEMP_Framework/TEMP_TestProgramPolicy#> PREFIX  pm:   <http://uaontologies.com/UA_Domain/UA_ProjectManagement#> PREFIX  dc:   <http://purl.org/dc/elements/1.1/>  SELECT DISTINCT  ?ProgramName ?MissionName ?MissionComponentName ?SubsystemName WHERE   { ?Program  a                     temp_tpp:MajorDefenceAcquisitionProgram ;               foundation:hasName    ?ProgramName .     ?Mission  a                     mission:Mission ;               foundation:hasName    ?MissionName ;               mission:hasMissionParticipant  ?MissionComponent .     ?MissionComponent               foundation:hasName    ?MissionComponentName   } 
[2024-08-26 18:15:45] Fuseki     INFO  [43] 200 OK (141 ms)
[2024-08-26 18:15:45] Fuseki     INFO  [42] 200 OK (145 ms)
[2024-08-26 18:15:45] Fuseki     INFO  [41] 200 OK (147 ms)
[2024-08-26 18:15:45] Fuseki     INFO  [45] 200 OK (138 ms)
[2024-08-26 18:15:45] Fuseki     INFO  [40] 200 OK (143 ms)
[2024-08-26 18:15:45] Fuseki     INFO  [44] 200 OK (143 ms)
[2024-08-26 18:15:45] Fuseki     INFO  [39] 200 OK (178 ms)
[2024-08-27 09:14:53] Fuseki     INFO  [46] GET http://localhost:3030/dTEMP_OSLM
[2024-08-27 09:14:54] Fuseki     INFO  [46] 200 OK (1.061 s)
[2024-08-27 09:14:55] Fuseki     INFO  [47] DELETE http://localhost:3030/dTEMP_OSLM?graph=http://uaontologies.com/UA_Domain/UA_Requirements
[2024-08-27 09:14:55] Fuseki     INFO  [47] 204 No Content (33 ms)
[2024-08-27 09:14:55] Fuseki     INFO  [48] DELETE http://localhost:3030/dTEMP_OSLM?graph=http://uaontologies.com/dTEMP_OSLM/OSLM_TestProgram
[2024-08-27 09:14:55] Fuseki     INFO  [48] 204 No Content (6 ms)
[2024-08-27 09:14:55] Fuseki     INFO  [49] DELETE http://localhost:3030/dTEMP_OSLM?graph=http://uaontologies.com/dTEMP_OSLM/OSLM_DecisionsAndDocumentation
[2024-08-27 09:14:55] Fuseki     INFO  [49] 204 No Content (7 ms)
[2024-08-27 09:14:55] Fuseki     INFO  [50] DELETE http://localhost:3030/dTEMP_OSLM?graph=http://uaontologies.com/UA_Core/UA_Agent
[2024-08-27 09:14:55] Fuseki     INFO  [50] 204 No Content (12 ms)
[2024-08-27 09:14:55] Fuseki     INFO  [51] DELETE http://localhost:3030/dTEMP_OSLM?graph=http://uaontologies.com/dTEMP_OSLM/bundle/individuals
[2024-08-27 09:14:55] Fuseki     INFO  [51] 204 No Content (325 ms)
[2024-08-27 09:14:55] Fuseki     INFO  [52] DELETE http://localhost:3030/dTEMP_OSLM?graph=http://uaontologies.com/UA_Libraries/Dimensions
[2024-08-27 09:14:55] Fuseki     INFO  [52] 204 No Content (3 ms)
[2024-08-27 09:14:55] Fuseki     INFO  [53] DELETE http://localhost:3030/dTEMP_OSLM?graph=http://uaontologies.com/DoD_TEMP_Framework/TEMP_TestProgramPolicy
[2024-08-27 09:14:55] Fuseki     INFO  [53] 204 No Content (4 ms)
[2024-08-27 09:14:55] Fuseki     INFO  [54] DELETE http://localhost:3030/dTEMP_OSLM?graph=http://uaontologies.com/UA_Core/UA_Provenance
[2024-08-27 09:14:55] Fuseki     INFO  [54] 204 No Content (3 ms)
[2024-08-27 09:14:55] Fuseki     INFO  [55] DELETE http://localhost:3030/dTEMP_OSLM?graph=http://uaontologies.com/UA_Domain/UA_Mission
[2024-08-27 09:14:55] Fuseki     INFO  [55] 204 No Content (5 ms)
[2024-08-27 09:14:55] Fuseki     INFO  [56] DELETE http://localhost:3030/dTEMP_OSLM?graph=http://uaontologies.com/DoD_TEMP_Framework/TEMP_TestProgramTeams
[2024-08-27 09:14:55] Fuseki     INFO  [56] 204 No Content (5 ms)
[2024-08-27 09:14:55] Fuseki     INFO  [57] DELETE http://localhost:3030/dTEMP_OSLM?graph=http://uaontologies.com/dTEMP_OSLM/OSLM_Tests
[2024-08-27 09:14:55] Fuseki     INFO  [57] 204 No Content (7 ms)
[2024-08-27 09:14:55] Fuseki     INFO  [58] DELETE http://localhost:3030/dTEMP_OSLM?graph=http://uaontologies.com/DoD_TEMP_Framework/TEMP_TestProgramStructure
[2024-08-27 09:14:55] Fuseki     INFO  [58] 204 No Content (2 ms)
[2024-08-27 09:14:55] Fuseki     INFO  [59] DELETE http://localhost:3030/dTEMP_OSLM?graph=http://uaontologies.com/dTEMP_OSLM/OSLM_Resources
[2024-08-27 09:14:55] Fuseki     INFO  [59] 204 No Content (4 ms)
[2024-08-27 09:14:55] Fuseki     INFO  [60] DELETE http://localhost:3030/dTEMP_OSLM?graph=http://uaontologies.com/UA_Libraries/Units
[2024-08-27 09:14:55] Fuseki     INFO  [60] 204 No Content (1 ms)
[2024-08-27 09:14:55] Fuseki     INFO  [61] DELETE http://localhost:3030/dTEMP_OSLM?graph=http://uaontologies.com/dTEMP_OSLM/OSLM_TestResults
[2024-08-27 09:14:55] Fuseki     INFO  [61] 204 No Content (1 ms)
[2024-08-27 09:14:55] Fuseki     INFO  [62] DELETE http://localhost:3030/dTEMP_OSLM?graph=http://purl.org/dc/elements/1.1
[2024-08-27 09:14:55] Fuseki     INFO  [62] 204 No Content (1 ms)
[2024-08-27 09:14:55] Fuseki     INFO  [63] DELETE http://localhost:3030/dTEMP_OSLM?graph=http://uaontologies.com/dTEMP_OSLM/bundle/properties
[2024-08-27 09:14:55] Fuseki     INFO  [63] 204 No Content (7 ms)
[2024-08-27 09:14:55] Fuseki     INFO  [64] DELETE http://localhost:3030/dTEMP_OSLM?graph=http://uaontologies.com/dTEMP_OSLM/bundle/classes
[2024-08-27 09:14:55] Fuseki     INFO  [64] 204 No Content (8 ms)
[2024-08-27 09:14:55] Fuseki     INFO  [65] DELETE http://localhost:3030/dTEMP_OSLM?graph=http://uaontologies.com/dTEMP_OSLM/OSLM_KeyCapabilities
[2024-08-27 09:14:55] Fuseki     INFO  [65] 204 No Content (2 ms)
[2024-08-27 09:14:55] Fuseki     INFO  [66] DELETE http://localhost:3030/dTEMP_OSLM?graph=http://uaontologies.com/DoD_TEMP_Framework/TEMP_Decision
[2024-08-27 09:14:55] Fuseki     INFO  [66] 204 No Content (3 ms)
[2024-08-27 09:14:55] Fuseki     INFO  [67] DELETE http://localhost:3030/dTEMP_OSLM?graph=http://uaontologies.com/dTEMP_OSLM/OSLM_MissionAndSystem
[2024-08-27 09:14:55] Fuseki     INFO  [67] 204 No Content (4 ms)
[2024-08-27 09:14:55] Fuseki     INFO  [68] DELETE http://localhost:3030/dTEMP_OSLM?graph=http://uaontologies.com/DoD_TEMP_Framework/TEMP_TestProgramFrameworks
[2024-08-27 09:14:55] Fuseki     INFO  [68] 204 No Content (2 ms)
[2024-08-27 09:14:55] Fuseki     INFO  [69] DELETE http://localhost:3030/dTEMP_OSLM?graph=http://uaontologies.com/UA_Core/UA_Event
[2024-08-27 09:14:55] Fuseki     INFO  [69] 204 No Content (2 ms)
[2024-08-27 09:14:55] Fuseki     INFO  [70] DELETE http://localhost:3030/dTEMP_OSLM?graph=http://uaontologies.com/UA_Core/UA_Information
[2024-08-27 09:14:55] Fuseki     INFO  [70] 204 No Content (3 ms)
[2024-08-27 09:14:55] Fuseki     INFO  [71] DELETE http://localhost:3030/dTEMP_OSLM?graph=http://uaontologies.com/UA_Domain/UA_ProjectManagement
[2024-08-27 09:14:55] Fuseki     INFO  [71] 204 No Content (2 ms)
[2024-08-27 09:14:55] Fuseki     INFO  [72] DELETE http://localhost:3030/dTEMP_OSLM?graph=http://uaontologies.com/dTEMP_OSLM/OSLM_Organization
[2024-08-27 09:14:55] Fuseki     INFO  [72] 204 No Content (2 ms)
[2024-08-27 09:14:55] Fuseki     INFO  [73] DELETE http://localhost:3030/dTEMP_OSLM?graph=http://uaontologies.com/UA_Core/UA_Measurement
[2024-08-27 09:14:55] Fuseki     INFO  [73] 204 No Content (2 ms)
[2024-08-27 09:14:55] Fuseki     INFO  [74] DELETE http://localhost:3030/dTEMP_OSLM?graph=http://uaontologies.com/dTEMP_OSLM/OSLM_Metadata
[2024-08-27 09:14:55] Fuseki     INFO  [74] 204 No Content (0 ms)
[2024-08-27 09:14:55] Fuseki     INFO  [75] DELETE http://localhost:3030/dTEMP_OSLM?graph=http://uaontologies.com/DoD_TEMP_Framework/TEMP_Organization
[2024-08-27 09:14:55] Fuseki     INFO  [75] 204 No Content (2 ms)
[2024-08-27 09:14:55] Fuseki     INFO  [76] DELETE http://localhost:3030/dTEMP_OSLM?graph=http://uaontologies.com/UA_Domain/UA_UseCases
[2024-08-27 09:14:55] Fuseki     INFO  [76] 204 No Content (2 ms)
[2024-08-27 09:14:55] Fuseki     INFO  [77] DELETE http://localhost:3030/dTEMP_OSLM?graph=http://uaontologies.com/UA_Domain/UA_ModelingAndSimulation
[2024-08-27 09:14:55] Fuseki     INFO  [77] 204 No Content (0 ms)
[2024-08-27 09:14:55] Fuseki     INFO  [78] DELETE http://localhost:3030/dTEMP_OSLM?graph=http://uaontologies.com/UA_Domain/UA_Test
[2024-08-27 09:14:55] Fuseki     INFO  [78] 204 No Content (2 ms)
[2024-08-27 09:14:55] Fuseki     INFO  [79] DELETE http://localhost:3030/dTEMP_OSLM?graph=http://uaontologies.com/UA_Domain/UA_Software
[2024-08-27 09:14:55] Fuseki     INFO  [79] 204 No Content (1 ms)
[2024-08-27 09:14:55] Fuseki     INFO  [80] DELETE http://localhost:3030/dTEMP_OSLM?graph=http://uaontologies.com/dTEMP_OSLM/bundle
[2024-08-27 09:14:55] Fuseki     INFO  [80] 204 No Content (7 ms)
[2024-08-27 09:14:55] Fuseki     INFO  [81] DELETE http://localhost:3030/dTEMP_OSLM?graph=http://uaontologies.com/UA_Domain/UA_SystemArchitecture
[2024-08-27 09:14:55] Fuseki     INFO  [81] 204 No Content (2 ms)
[2024-08-27 09:14:55] Fuseki     INFO  [82] DELETE http://localhost:3030/dTEMP_OSLM?graph=http://uaontologies.com/dTEMP_OSLM/OSLM_Requirements
[2024-08-27 09:14:55] Fuseki     INFO  [82] 204 No Content (1 ms)
[2024-08-27 09:14:55] Fuseki     INFO  [83] DELETE http://localhost:3030/dTEMP_OSLM?graph=http://uaontologies.com/UA_Foundation/UA_Foundation
[2024-08-27 09:14:55] Fuseki     INFO  [83] 204 No Content (4 ms)
[2024-08-27 09:14:56] Fuseki     INFO  [84] POST http://localhost:3030/dTEMP_OSLM?graph=http://uaontologies.com/UA_Core/UA_Agent
[2024-08-27 09:14:56] Fuseki     INFO  [84] Body: Content-Length=43007, Content-Type=application/rdf+xml, Charset=null => RDF/XML : Count=413 Triples=413 Quads=0
[2024-08-27 09:14:56] Fuseki     INFO  [84] 201 Created (23 ms)
[2024-08-27 09:14:56] Fuseki     INFO  [85] POST http://localhost:3030/dTEMP_OSLM?graph=http://uaontologies.com/UA_Domain/UA_Software
[2024-08-27 09:14:56] Fuseki     INFO  [85] Body: Content-Length=19703, Content-Type=application/rdf+xml, Charset=null => RDF/XML : Count=177 Triples=177 Quads=0
[2024-08-27 09:14:56] Fuseki     INFO  [85] 201 Created (13 ms)
[2024-08-27 09:14:56] Fuseki     INFO  [86] POST http://localhost:3030/dTEMP_OSLM?graph=http://uaontologies.com/dTEMP_OSLM/bundle/individuals
[2024-08-27 09:14:57] Fuseki     INFO  [86] Body: Content-Length=813402, Content-Type=text/turtle, Charset=null => Turtle : Count=9471 Triples=9471 Quads=0
[2024-08-27 09:14:57] Fuseki     INFO  [86] 201 Created (200 ms)
[2024-08-27 09:14:57] Fuseki     INFO  [87] POST http://localhost:3030/dTEMP_OSLM?graph=http://uaontologies.com/dTEMP_OSLM/bundle/classes
[2024-08-27 09:14:57] Fuseki     INFO  [87] Body: Content-Length=135884, Content-Type=text/turtle, Charset=null => Turtle : Count=1674 Triples=1674 Quads=0
[2024-08-27 09:14:57] Fuseki     INFO  [87] 201 Created (34 ms)
[2024-08-27 09:14:57] Fuseki     INFO  [88] POST http://localhost:3030/dTEMP_OSLM?graph=http://uaontologies.com/dTEMP_OSLM/bundle/properties
[2024-08-27 09:14:57] Fuseki     INFO  [88] Body: Content-Length=63561, Content-Type=text/turtle, Charset=null => Turtle : Count=633 Triples=633 Quads=0
[2024-08-27 09:14:57] Fuseki     INFO  [88] 201 Created (17 ms)
[2024-08-27 09:14:57] Fuseki     INFO  [89] POST http://localhost:3030/dTEMP_OSLM?graph=http://uaontologies.com/dTEMP_OSLM/OSLM_DecisionsAndDocumentation
[2024-08-27 09:14:57] Fuseki     INFO  [89] Body: Content-Length=17820, Content-Type=application/rdf+xml, Charset=null => RDF/XML : Count=114 Triples=114 Quads=0
[2024-08-27 09:14:57] Fuseki     INFO  [89] 201 Created (12 ms)
[2024-08-27 09:14:57] Fuseki     INFO  [90] POST http://localhost:3030/dTEMP_OSLM?graph=http://uaontologies.com/DoD_TEMP_Framework/TEMP_Decision
[2024-08-27 09:14:57] Fuseki     INFO  [90] Body: Content-Length=31431, Content-Type=application/rdf+xml, Charset=null => RDF/XML : Count=291 Triples=291 Quads=0
[2024-08-27 09:14:57] Fuseki     INFO  [90] 201 Created (13 ms)
[2024-08-27 09:14:57] Fuseki     INFO  [91] POST http://localhost:3030/dTEMP_OSLM?graph=http://uaontologies.com/dTEMP_OSLM/OSLM_KeyCapabilities
[2024-08-27 09:14:57] Fuseki     INFO  [91] Body: Content-Length=28836, Content-Type=application/rdf+xml, Charset=null => RDF/XML : Count=207 Triples=207 Quads=0
[2024-08-27 09:14:57] Fuseki     INFO  [91] 201 Created (13 ms)
[2024-08-27 09:14:57] Fuseki     INFO  [92] POST http://localhost:3030/dTEMP_OSLM?graph=http://uaontologies.com/dTEMP_OSLM/OSLM_Resources
[2024-08-27 09:14:57] Fuseki     INFO  [92] Body: Content-Length=22502, Content-Type=application/rdf+xml, Charset=null => RDF/XML : Count=152 Triples=152 Quads=0
[2024-08-27 09:14:57] Fuseki     INFO  [92] 201 Created (14 ms)
[2024-08-27 09:14:57] Fuseki     INFO  [93] POST http://localhost:3030/dTEMP_OSLM?graph=http://purl.org/dc/elements/1.1
[2024-08-27 09:14:57] Fuseki     INFO  [93] Body: Content-Length=3568, Content-Type=application/rdf+xml, Charset=null => RDF/XML : Count=22 Triples=22 Quads=0
[2024-08-27 09:14:57] Fuseki     INFO  [93] 201 Created (4 ms)
[2024-08-27 09:14:57] Fuseki     INFO  [94] POST http://localhost:3030/dTEMP_OSLM?graph=http://uaontologies.com/UA_Libraries/Units
[2024-08-27 09:14:57] Fuseki     INFO  [94] Body: Content-Length=8763, Content-Type=application/rdf+xml, Charset=null => RDF/XML : Count=62 Triples=62 Quads=0
[2024-08-27 09:14:57] Fuseki     INFO  [94] 201 Created (8 ms)
[2024-08-27 09:14:57] Fuseki     INFO  [95] POST http://localhost:3030/dTEMP_OSLM?graph=http://uaontologies.com/UA_Core/UA_Event
[2024-08-27 09:14:57] Fuseki     INFO  [95] Body: Content-Length=26194, Content-Type=application/rdf+xml, Charset=null => RDF/XML : Count=241 Triples=241 Quads=0
[2024-08-27 09:14:57] Fuseki     INFO  [95] 201 Created (16 ms)
[2024-08-27 09:14:57] Fuseki     INFO  [96] POST http://localhost:3030/dTEMP_OSLM?graph=http://uaontologies.com/UA_Domain/UA_ProjectManagement
[2024-08-27 09:14:57] Fuseki     INFO  [96] Body: Content-Length=6090, Content-Type=application/rdf+xml, Charset=null => RDF/XML : Count=59 Triples=59 Quads=0
[2024-08-27 09:14:57] Fuseki     INFO  [96] 201 Created (7 ms)
[2024-08-27 09:14:57] Fuseki     INFO  [97] POST http://localhost:3030/dTEMP_OSLM?graph=http://uaontologies.com/DoD_TEMP_Framework/TEMP_TestProgramFrameworks
[2024-08-27 09:14:57] Fuseki     INFO  [97] Body: Content-Length=8877, Content-Type=application/rdf+xml, Charset=null => RDF/XML : Count=72 Triples=72 Quads=0
[2024-08-27 09:14:57] Fuseki     INFO  [97] 201 Created (6 ms)
[2024-08-27 09:14:57] Fuseki     INFO  [98] POST http://localhost:3030/dTEMP_OSLM?graph=http://uaontologies.com/UA_Libraries/Dimensions
[2024-08-27 09:14:57] Fuseki     INFO  [98] Body: Content-Length=5766, Content-Type=application/rdf+xml, Charset=null => RDF/XML : Count=38 Triples=38 Quads=0
[2024-08-27 09:14:57] Fuseki     INFO  [98] 201 Created (5 ms)
[2024-08-27 09:14:57] Fuseki     INFO  [99] POST http://localhost:3030/dTEMP_OSLM?graph=http://uaontologies.com/UA_Domain/UA_Mission
[2024-08-27 09:14:57] Fuseki     INFO  [99] Body: Content-Length=13415, Content-Type=application/rdf+xml, Charset=null => RDF/XML : Count=118 Triples=118 Quads=0
[2024-08-27 09:14:57] Fuseki     INFO  [99] 201 Created (7 ms)
[2024-08-27 09:14:57] Fuseki     INFO  [100] POST http://localhost:3030/dTEMP_OSLM?graph=http://uaontologies.com/DoD_TEMP_Framework/TEMP_TestProgramTeams
[2024-08-27 09:14:57] Fuseki     INFO  [100] Body: Content-Length=51483, Content-Type=application/rdf+xml, Charset=null => RDF/XML : Count=492 Triples=492 Quads=0
[2024-08-27 09:14:57] Fuseki     INFO  [100] 201 Created (18 ms)
[2024-08-27 09:14:57] Fuseki     INFO  [101] POST http://localhost:3030/dTEMP_OSLM?graph=http://uaontologies.com/DoD_TEMP_Framework/TEMP_Organization
[2024-08-27 09:14:57] Fuseki     INFO  [101] Body: Content-Length=9373, Content-Type=application/rdf+xml, Charset=null => RDF/XML : Count=88 Triples=88 Quads=0
[2024-08-27 09:14:57] Fuseki     INFO  [101] 201 Created (7 ms)
[2024-08-27 09:14:57] Fuseki     INFO  [102] POST http://localhost:3030/dTEMP_OSLM?graph=http://uaontologies.com/UA_Domain/UA_ModelingAndSimulation
[2024-08-27 09:14:57] Fuseki     INFO  [102] Body: Content-Length=3429, Content-Type=application/rdf+xml, Charset=null => RDF/XML : Count=30 Triples=30 Quads=0
[2024-08-27 09:14:57] Fuseki     INFO  [102] 201 Created (4 ms)
[2024-08-27 09:14:57] Fuseki     INFO  [103] POST http://localhost:3030/dTEMP_OSLM?graph=http://uaontologies.com/dTEMP_OSLM/bundle
[2024-08-27 09:14:57] Fuseki     INFO  [103] Body: Content-Length=170286, Content-Type=application/rdf+xml, Charset=null => RDF/XML : Count=1484 Triples=1484 Quads=0
[2024-08-27 09:14:57] Fuseki     INFO  [103] 201 Created (44 ms)
[2024-08-27 09:14:57] Fuseki     INFO  [104] POST http://localhost:3030/dTEMP_OSLM?graph=http://uaontologies.com/DoD_TEMP_Framework/TEMP_TestProgramStructure
[2024-08-27 09:14:57] Fuseki     INFO  [104] Body: Content-Length=20950, Content-Type=application/rdf+xml, Charset=null => RDF/XML : Count=183 Triples=183 Quads=0
[2024-08-27 09:14:57] Fuseki     INFO  [104] 201 Created (7 ms)
[2024-08-27 09:14:57] Fuseki     INFO  [105] POST http://localhost:3030/dTEMP_OSLM?graph=http://uaontologies.com/dTEMP_OSLM/OSLM_Requirements
[2024-08-27 09:14:57] Fuseki     INFO  [105] Body: Content-Length=11253, Content-Type=application/rdf+xml, Charset=null => RDF/XML : Count=77 Triples=77 Quads=0
[2024-08-27 09:14:57] Fuseki     INFO  [105] 201 Created (4 ms)
[2024-08-27 09:14:57] Fuseki     INFO  [106] POST http://localhost:3030/dTEMP_OSLM?graph=http://uaontologies.com/UA_Core/UA_Information
[2024-08-27 09:14:57] Fuseki     INFO  [106] Body: Content-Length=36122, Content-Type=application/rdf+xml, Charset=null => RDF/XML : Count=332 Triples=332 Quads=0
[2024-08-27 09:14:57] Fuseki     INFO  [106] 201 Created (10 ms)
[2024-08-27 09:14:57] Fuseki     INFO  [107] POST http://localhost:3030/dTEMP_OSLM?graph=http://uaontologies.com/dTEMP_OSLM/OSLM_TestResults
[2024-08-27 09:14:57] Fuseki     INFO  [107] Body: Content-Length=9409, Content-Type=application/rdf+xml, Charset=null => RDF/XML : Count=60 Triples=60 Quads=0
[2024-08-27 09:14:57] Fuseki     INFO  [107] 201 Created (8 ms)
[2024-08-27 09:14:57] Fuseki     INFO  [108] POST http://localhost:3030/dTEMP_OSLM?graph=http://uaontologies.com/UA_Core/UA_Measurement
[2024-08-27 09:14:57] Fuseki     INFO  [108] Body: Content-Length=30028, Content-Type=application/rdf+xml, Charset=null => RDF/XML : Count=282 Triples=282 Quads=0
[2024-08-27 09:14:57] Fuseki     INFO  [108] 201 Created (11 ms)
[2024-08-27 09:14:57] Fuseki     INFO  [109] POST http://localhost:3030/dTEMP_OSLM?graph=http://uaontologies.com/UA_Foundation/UA_Foundation
[2024-08-27 09:14:57] Fuseki     INFO  [109] Body: Content-Length=40636, Content-Type=application/rdf+xml, Charset=null => RDF/XML : Count=375 Triples=375 Quads=0
[2024-08-27 09:14:57] Fuseki     INFO  [109] 201 Created (13 ms)
[2024-08-27 09:14:57] Fuseki     INFO  [110] POST http://localhost:3030/dTEMP_OSLM?graph=http://uaontologies.com/UA_Domain/UA_Requirements
[2024-08-27 09:14:57] Fuseki     INFO  [110] Body: Content-Length=45445, Content-Type=application/rdf+xml, Charset=null => RDF/XML : Count=424 Triples=424 Quads=0
[2024-08-27 09:14:57] Fuseki     INFO  [110] 201 Created (10 ms)
[2024-08-27 09:14:57] Fuseki     INFO  [111] POST http://localhost:3030/dTEMP_OSLM?graph=http://uaontologies.com/UA_Domain/UA_Test
[2024-08-27 09:14:57] Fuseki     INFO  [111] Body: Content-Length=32295, Content-Type=application/rdf+xml, Charset=null => RDF/XML : Count=323 Triples=323 Quads=0
[2024-08-27 09:14:57] Fuseki     INFO  [111] 201 Created (13 ms)
[2024-08-27 09:14:57] Fuseki     INFO  [112] POST http://localhost:3030/dTEMP_OSLM?graph=http://uaontologies.com/dTEMP_OSLM/OSLM_MissionAndSystem
[2024-08-27 09:14:57] Fuseki     INFO  [112] Body: Content-Length=74969, Content-Type=application/rdf+xml, Charset=null => RDF/XML : Count=524 Triples=524 Quads=0
[2024-08-27 09:14:57] Fuseki     INFO  [112] 201 Created (12 ms)
[2024-08-27 09:14:57] Fuseki     INFO  [113] POST http://localhost:3030/dTEMP_OSLM?graph=http://uaontologies.com/dTEMP_OSLM/OSLM_TestProgram
[2024-08-27 09:14:57] Fuseki     INFO  [113] Body: Content-Length=6094, Content-Type=application/rdf+xml, Charset=null => RDF/XML : Count=41 Triples=41 Quads=0
[2024-08-27 09:14:57] Fuseki     INFO  [113] 201 Created (5 ms)
[2024-08-27 09:14:57] Fuseki     INFO  [114] POST http://localhost:3030/dTEMP_OSLM?graph=http://uaontologies.com/UA_Domain/UA_UseCases
[2024-08-27 09:14:57] Fuseki     INFO  [114] Body: Content-Length=12565, Content-Type=application/rdf+xml, Charset=null => RDF/XML : Count=109 Triples=109 Quads=0
[2024-08-27 09:14:57] Fuseki     INFO  [114] 201 Created (5 ms)
[2024-08-27 09:14:57] Fuseki     INFO  [115] POST http://localhost:3030/dTEMP_OSLM?graph=http://uaontologies.com/UA_Core/UA_Provenance
[2024-08-27 09:14:57] Fuseki     INFO  [115] Body: Content-Length=17987, Content-Type=application/rdf+xml, Charset=null => RDF/XML : Count=153 Triples=153 Quads=0
[2024-08-27 09:14:57] Fuseki     INFO  [115] 201 Created (7 ms)
[2024-08-27 09:14:57] Fuseki     INFO  [116] POST http://localhost:3030/dTEMP_OSLM?graph=http://uaontologies.com/dTEMP_OSLM/OSLM_Organization
[2024-08-27 09:14:57] Fuseki     INFO  [116] Body: Content-Length=18804, Content-Type=application/rdf+xml, Charset=null => RDF/XML : Count=123 Triples=123 Quads=0
[2024-08-27 09:14:57] Fuseki     INFO  [116] 201 Created (5 ms)
[2024-08-27 09:14:57] Fuseki     INFO  [117] POST http://localhost:3030/dTEMP_OSLM?graph=http://uaontologies.com/DoD_TEMP_Framework/TEMP_TestProgramPolicy
[2024-08-27 09:14:57] Fuseki     INFO  [117] Body: Content-Length=21268, Content-Type=application/rdf+xml, Charset=null => RDF/XML : Count=187 Triples=187 Quads=0
[2024-08-27 09:14:57] Fuseki     INFO  [117] 201 Created (7 ms)
[2024-08-27 09:14:57] Fuseki     INFO  [118] POST http://localhost:3030/dTEMP_OSLM?graph=http://uaontologies.com/dTEMP_OSLM/OSLM_Metadata
[2024-08-27 09:14:57] Fuseki     INFO  [118] Body: Content-Length=3054, Content-Type=application/rdf+xml, Charset=null => RDF/XML : Count=16 Triples=16 Quads=0
[2024-08-27 09:14:57] Fuseki     INFO  [118] 201 Created (3 ms)
[2024-08-27 09:14:57] Fuseki     INFO  [119] POST http://localhost:3030/dTEMP_OSLM?graph=http://uaontologies.com/dTEMP_OSLM/OSLM_Tests
[2024-08-27 09:14:57] Fuseki     INFO  [119] Body: Content-Length=53448, Content-Type=application/rdf+xml, Charset=null => RDF/XML : Count=395 Triples=395 Quads=0
[2024-08-27 09:14:57] Fuseki     INFO  [119] 201 Created (10 ms)
[2024-08-27 09:14:57] Fuseki     INFO  [120] POST http://localhost:3030/dTEMP_OSLM?graph=http://uaontologies.com/UA_Domain/UA_SystemArchitecture
[2024-08-27 09:14:57] Fuseki     INFO  [120] Body: Content-Length=37188, Content-Type=application/rdf+xml, Charset=null => RDF/XML : Count=345 Triples=345 Quads=0
[2024-08-27 09:14:57] Fuseki     INFO  [120] 201 Created (9 ms)
[2024-08-27 09:14:57] Fuseki     INFO  [121] POST http://localhost:3030/dTEMP_OSLM/sparql
[2024-08-27 09:14:57] Fuseki     INFO  [121] Query = PREFIX  agent: <http://uaontologies.com/UA_Core/UA_Agent#> PREFIX  data: <http://uaontologies.com/UA_Domain/UA_DataManagement#> PREFIX  temp_teo: <http://uaontologies.com/DoD_TEMP_Framework/TEMP_TEOversight#> PREFIX  xsd:  <http://www.w3.org/2001/XMLSchema#> PREFIX  rdfs: <http://www.w3.org/2000/01/rdf-schema#> PREFIX  temp_tpf: <http://uaontologies.com/DoD_TEMP_Framework/TEMP_TestProgramFrameworks#> PREFIX  foundation: <http://uaontologies.com/UA_Foundation/UA_Foundation#> PREFIX  temp_org: <http://uaontologies.com/DoD_TEMP_Framework/TEMP_Organization#> PREFIX  acq:  <http://uaontologies.com/UA_Domain/UA_Acquisition#> PREFIX  sa:   <http://uaontologies.com/UA_Domain/UA_SystemArchitecture#> PREFIX  event: <http://uaontologies.com/UA_Core/UA_Event#> PREFIX  prov: <http://uaontologies.com/UA_Core/UA_Provenance#> PREFIX  info: <http://uaontologies.com/UA_Core/UA_Information#> PREFIX  req:  <http://uaontologies.com/UA_Domain/UA_Requirements#> PREFIX  temp_ear: <http://uaontologies.com/DoD_TEMP_Framework/TEMP_ExecutionAndReporting#> PREFIX  temp_dec: <http://uaontologies.com/DoD_TEMP_Framework/TEMP_Decision#> PREFIX  sw:   <http://uaontologies.com/UA_Domain/UA_Software#> PREFIX  test: <http://uaontologies.com/UA_Domain/UA_Test#> PREFIX  ms:   <http://uaontologies.com/UA_Domain/UA_ModelingAndSimulation#> PREFIX  mission: <http://uaontologies.com/UA_Domain/UA_Mission#> PREFIX  temp_resp: <http://uaontologies.com/DoD_TEMP_Framework/TEMP_Responsibility#> PREFIX  temp_tpt: <http://uaontologies.com/DoD_TEMP_Framework/TEMP_TestProgramTeams#> PREFIX  meas: <http://uaontologies.com/UA_Core/UA_Measurement#> PREFIX  temp_tps: <http://uaontologies.com/DoD_TEMP_Framework/TEMP_TestProgramStructure#> PREFIX  temp_tpp: <http://uaontologies.com/DoD_TEMP_Framework/TEMP_TestProgramPolicy#> PREFIX  pm:   <http://uaontologies.com/UA_Domain/UA_ProjectManagement#> PREFIX  dc:   <http://purl.org/dc/elements/1.1/>  SELECT DISTINCT  ?MissionName ?MOEName WHERE   { ?Measure  a                     foundation:Quality ;               foundation:specificallyDependentOn  ?Mission .     ?Mission  a                     mission:Mission ;               foundation:hasName    ?MissionName .     ?SpecificMeasure               a                     meas:Quantity ;               foundation:hasName    ?MOEName   } 
[2024-08-27 09:14:57] Fuseki     INFO  [122] POST http://localhost:3030/dTEMP_OSLM/sparql
[2024-08-27 09:14:57] Fuseki     INFO  [124] POST http://localhost:3030/dTEMP_OSLM/sparql
[2024-08-27 09:14:57] Fuseki     INFO  [123] GET http://localhost:3030/dTEMP_OSLM/sparql?query=PREFIX%20%20test:%20%3Chttp://uaontologies.com/UA_Domain/UA_Test%23%3E%0APREFIX%20%20xsd:%20%20%3Chttp://www.w3.org/2001/XMLSchema%23%3E%0APREFIX%20%20rdfs:%20%3Chttp://www.w3.org/2000/01/rdf-schema%23%3E%0APREFIX%20%20foundation:%20%3Chttp://uaontologies.com/UA_Foundation/UA_Foundation%23%3E%0APREFIX%20%20event:%20%3Chttp://uaontologies.com/UA_Core/UA_Event%23%3E%0APREFIX%20%20temp_tpp:%20%3Chttp://uaontologies.com/DoD_TEMP_Framework/TEMP_TestProgramPolicy%23%3E%0APREFIX%20%20dc:%20%20%20%3Chttp://purl.org/dc/elements/1.1/%3E%0APREFIX%20%20req:%20%20%3Chttp://uaontologies.com/UA_Domain/UA_Requirements%23%3E%0A%0ASELECT%20DISTINCT%20%20?ITPName%20?DTPName%20?VM%20?VMName%20%28GROUP_CONCAT%28DISTINCT%20?TestSubject%20%3B%20separator%3D%27%2C%20%27%29%20AS%20?TestSubjects%29%20?Site%20?Start%20?End%0AWHERE%0A%20%20%7B%20?ITP%20%20a%20%20%20%20%20%20%20%20%20%20%20%20%20%20%20%20%20%20%20%20temp_tpp:IntegratedTestProgram%20%3B%0A%20%20%20%20%20%20%20%20%20%20foundation:hasName%20%20%20?ITPName%20%3B%0A%20%20%20%20%20%20%20%20%20%20foundation:contains%20%20?DTP%20.%0A%20%20%20%20?DTP%20%20foundation:hasName%20%20%20?DTPName%20%3B%0A%20%20%20%20%20%20%20%20%20%20foundation:contains%20%20?VM%20.%0A%20%20%20%20?VM%20%20%20a%20%20%20%20%20%20%20%20%20%20%20%20%20%20%20%20%20%20%20%20req:VerificationMethod%20%3B%0A%20%20%20%20%20%20%20%20%20%20foundation:hasName%20%20%20?VMName%0A%20%20%20%20OPTIONAL%0A%20%20%20%20%20%20%7B%20?VM%20%20event:occursAt%20%20?Site%20%7D%0A%20%20%20%20?VM%20%20%20%20%20%20%20event:occursOn%20%20%20%20%20%20%20%20?TimePeriod%20%3B%0A%20%20%20%20%20%20%20%20%20%20%20%20%20%20test:hasTestSubject%20%20%20?TestSubject%20.%0A%20%20%20%20?TimePeriod%20%20foundation:hasBeginInstant%20%20?Start%20%3B%0A%20%20%20%20%20%20%20%20%20%20%20%20%20%20foundation:hasEndInstant%20%20?End%0A%20%20%7D%0AGROUP%20BY%20?ITPName%20?DTPName%20?VM%20?VMName%20?Site%20?Start%20?End%0AORDER%20BY%20ASC%28?Start%29%0A
[2024-08-27 09:14:57] Fuseki     INFO  [122] Query = PREFIX  agent: <http://uaontologies.com/UA_Core/UA_Agent#> PREFIX  data: <http://uaontologies.com/UA_Domain/UA_DataManagement#> PREFIX  temp_teo: <http://uaontologies.com/DoD_TEMP_Framework/TEMP_TEOversight#> PREFIX  xsd:  <http://www.w3.org/2001/XMLSchema#> PREFIX  rdfs: <http://www.w3.org/2000/01/rdf-schema#> PREFIX  temp_tpf: <http://uaontologies.com/DoD_TEMP_Framework/TEMP_TestProgramFrameworks#> PREFIX  foundation: <http://uaontologies.com/UA_Foundation/UA_Foundation#> PREFIX  temp_org: <http://uaontologies.com/DoD_TEMP_Framework/TEMP_Organization#> PREFIX  acq:  <http://uaontologies.com/UA_Domain/UA_Acquisition#> PREFIX  sa:   <http://uaontologies.com/UA_Domain/UA_SystemArchitecture#> PREFIX  event: <http://uaontologies.com/UA_Core/UA_Event#> PREFIX  prov: <http://uaontologies.com/UA_Core/UA_Provenance#> PREFIX  info: <http://uaontologies.com/UA_Core/UA_Information#> PREFIX  req:  <http://uaontologies.com/UA_Domain/UA_Requirements#> PREFIX  temp_ear: <http://uaontologies.com/DoD_TEMP_Framework/TEMP_ExecutionAndReporting#> PREFIX  temp_dec: <http://uaontologies.com/DoD_TEMP_Framework/TEMP_Decision#> PREFIX  sw:   <http://uaontologies.com/UA_Domain/UA_Software#> PREFIX  test: <http://uaontologies.com/UA_Domain/UA_Test#> PREFIX  ms:   <http://uaontologies.com/UA_Domain/UA_ModelingAndSimulation#> PREFIX  mission: <http://uaontologies.com/UA_Domain/UA_Mission#> PREFIX  temp_resp: <http://uaontologies.com/DoD_TEMP_Framework/TEMP_Responsibility#> PREFIX  temp_tpt: <http://uaontologies.com/DoD_TEMP_Framework/TEMP_TestProgramTeams#> PREFIX  meas: <http://uaontologies.com/UA_Core/UA_Measurement#> PREFIX  temp_tps: <http://uaontologies.com/DoD_TEMP_Framework/TEMP_TestProgramStructure#> PREFIX  temp_tpp: <http://uaontologies.com/DoD_TEMP_Framework/TEMP_TestProgramPolicy#> PREFIX  pm:   <http://uaontologies.com/UA_Domain/UA_ProjectManagement#> PREFIX  dc:   <http://purl.org/dc/elements/1.1/>  SELECT DISTINCT  ?SystemName ?SubsystemName ?SubsubsystemName WHERE   { ?System   a                    sa:System ;               foundation:hasName   "Lego Sticky Note Detection System" ;               foundation:contains  ?Subsystem .     ?Subsystem  foundation:hasName  ?SubsystemName     OPTIONAL       { ?Subsystem  foundation:contains  ?Subsubsystem .         ?Subsubsystem                   foundation:hasName   ?SubsubsystemName       }   } 
[2024-08-27 09:14:57] Fuseki     INFO  [124] Query = PREFIX  agent: <http://uaontologies.com/UA_Core/UA_Agent#> PREFIX  data: <http://uaontologies.com/UA_Domain/UA_DataManagement#> PREFIX  temp_teo: <http://uaontologies.com/DoD_TEMP_Framework/TEMP_TEOversight#> PREFIX  xsd:  <http://www.w3.org/2001/XMLSchema#> PREFIX  rdfs: <http://www.w3.org/2000/01/rdf-schema#> PREFIX  temp_tpf: <http://uaontologies.com/DoD_TEMP_Framework/TEMP_TestProgramFrameworks#> PREFIX  foundation: <http://uaontologies.com/UA_Foundation/UA_Foundation#> PREFIX  temp_org: <http://uaontologies.com/DoD_TEMP_Framework/TEMP_Organization#> PREFIX  acq:  <http://uaontologies.com/UA_Domain/UA_Acquisition#> PREFIX  sa:   <http://uaontologies.com/UA_Domain/UA_SystemArchitecture#> PREFIX  event: <http://uaontologies.com/UA_Core/UA_Event#> PREFIX  prov: <http://uaontologies.com/UA_Core/UA_Provenance#> PREFIX  info: <http://uaontologies.com/UA_Core/UA_Information#> PREFIX  req:  <http://uaontologies.com/UA_Domain/UA_Requirements#> PREFIX  temp_ear: <http://uaontologies.com/DoD_TEMP_Framework/TEMP_ExecutionAndReporting#> PREFIX  temp_dec: <http://uaontologies.com/DoD_TEMP_Framework/TEMP_Decision#> PREFIX  sw:   <http://uaontologies.com/UA_Domain/UA_Software#> PREFIX  test: <http://uaontologies.com/UA_Domain/UA_Test#> PREFIX  ms:   <http://uaontologies.com/UA_Domain/UA_ModelingAndSimulation#> PREFIX  mission: <http://uaontologies.com/UA_Domain/UA_Mission#> PREFIX  temp_resp: <http://uaontologies.com/DoD_TEMP_Framework/TEMP_Responsibility#> PREFIX  temp_tpt: <http://uaontologies.com/DoD_TEMP_Framework/TEMP_TestProgramTeams#> PREFIX  meas: <http://uaontologies.com/UA_Core/UA_Measurement#> PREFIX  temp_tps: <http://uaontologies.com/DoD_TEMP_Framework/TEMP_TestProgramStructure#> PREFIX  temp_tpp: <http://uaontologies.com/DoD_TEMP_Framework/TEMP_TestProgramPolicy#> PREFIX  pm:   <http://uaontologies.com/UA_Domain/UA_ProjectManagement#> PREFIX  dc:   <http://purl.org/dc/elements/1.1/>  SELECT DISTINCT  ?MissionReq ?MissionReqName ?SystemQuantity ?TestName ?TestOutput ?TestMeasurement ?Unit ?Value ?MinValue WHERE   { ?Test     a                    test:Test ;               foundation:hasName   ?TestName ;               req:verifies         ?MissionReq .     ?MissionReq  foundation:hasName  ?MissionReqName .     ?Test     agent:hasOutput      ?TestOutput .     ?TestOutput  foundation:contains  ?TestMeasurement .     ?TestMeasurement               meas:hasValue        ?Value ;               meas:hasUnit         ?Unit ;               meas:measurementOf   ?SystemQuantity .     ?SystemQuantity               req:satisfies        ?MissionReq .     ?Constraint  req:refines       ?MissionReq ;               req:ownsParameter    ?Parameter .     ?Parameter  foundation:hasName  "min" .     ?ParameterMeasurement               meas:measurementOf   ?Parameter ;               meas:hasValue        ?MinValue   } 
[2024-08-27 09:14:57] Fuseki     INFO  [123] Query = PREFIX  test: <http://uaontologies.com/UA_Domain/UA_Test#> PREFIX  xsd:  <http://www.w3.org/2001/XMLSchema#> PREFIX  rdfs: <http://www.w3.org/2000/01/rdf-schema#> PREFIX  foundation: <http://uaontologies.com/UA_Foundation/UA_Foundation#> PREFIX  event: <http://uaontologies.com/UA_Core/UA_Event#> PREFIX  temp_tpp: <http://uaontologies.com/DoD_TEMP_Framework/TEMP_TestProgramPolicy#> PREFIX  dc:   <http://purl.org/dc/elements/1.1/> PREFIX  req:  <http://uaontologies.com/UA_Domain/UA_Requirements#>  SELECT DISTINCT  ?ITPName ?DTPName ?VM ?VMName (GROUP_CONCAT(DISTINCT ?TestSubject ; separator=', ') AS ?TestSubjects) ?Site ?Start ?End WHERE   { ?ITP  a                    temp_tpp:IntegratedTestProgram ;           foundation:hasName   ?ITPName ;           foundation:contains  ?DTP .     ?DTP  foundation:hasName   ?DTPName ;           foundation:contains  ?VM .     ?VM   a                    req:VerificationMethod ;           foundation:hasName   ?VMName     OPTIONAL       { ?VM  event:occursAt  ?Site }     ?VM       event:occursOn        ?TimePeriod ;               test:hasTestSubject   ?TestSubject .     ?TimePeriod  foundation:hasBeginInstant  ?Start ;               foundation:hasEndInstant  ?End   } GROUP BY ?ITPName ?DTPName ?VM ?VMName ?Site ?Start ?End ORDER BY ASC(?Start) 
[2024-08-27 09:14:57] Fuseki     INFO  [124] 200 OK (9 ms)
[2024-08-27 09:14:57] Fuseki     INFO  [121] 200 OK (12 ms)
[2024-08-27 09:14:57] Fuseki     INFO  [125] POST http://localhost:3030/dTEMP_OSLM/sparql
[2024-08-27 09:14:57] Fuseki     INFO  [125] Query = PREFIX  agent: <http://uaontologies.com/UA_Core/UA_Agent#> PREFIX  data: <http://uaontologies.com/UA_Domain/UA_DataManagement#> PREFIX  temp_teo: <http://uaontologies.com/DoD_TEMP_Framework/TEMP_TEOversight#> PREFIX  xsd:  <http://www.w3.org/2001/XMLSchema#> PREFIX  rdfs: <http://www.w3.org/2000/01/rdf-schema#> PREFIX  temp_tpf: <http://uaontologies.com/DoD_TEMP_Framework/TEMP_TestProgramFrameworks#> PREFIX  foundation: <http://uaontologies.com/UA_Foundation/UA_Foundation#> PREFIX  temp_org: <http://uaontologies.com/DoD_TEMP_Framework/TEMP_Organization#> PREFIX  acq:  <http://uaontologies.com/UA_Domain/UA_Acquisition#> PREFIX  sa:   <http://uaontologies.com/UA_Domain/UA_SystemArchitecture#> PREFIX  event: <http://uaontologies.com/UA_Core/UA_Event#> PREFIX  prov: <http://uaontologies.com/UA_Core/UA_Provenance#> PREFIX  info: <http://uaontologies.com/UA_Core/UA_Information#> PREFIX  req:  <http://uaontologies.com/UA_Domain/UA_Requirements#> PREFIX  temp_ear: <http://uaontologies.com/DoD_TEMP_Framework/TEMP_ExecutionAndReporting#> PREFIX  temp_dec: <http://uaontologies.com/DoD_TEMP_Framework/TEMP_Decision#> PREFIX  sw:   <http://uaontologies.com/UA_Domain/UA_Software#> PREFIX  test: <http://uaontologies.com/UA_Domain/UA_Test#> PREFIX  ms:   <http://uaontologies.com/UA_Domain/UA_ModelingAndSimulation#> PREFIX  mission: <http://uaontologies.com/UA_Domain/UA_Mission#> PREFIX  temp_resp: <http://uaontologies.com/DoD_TEMP_Framework/TEMP_Responsibility#> PREFIX  temp_tpt: <http://uaontologies.com/DoD_TEMP_Framework/TEMP_TestProgramTeams#> PREFIX  meas: <http://uaontologies.com/UA_Core/UA_Measurement#> PREFIX  temp_tps: <http://uaontologies.com/DoD_TEMP_Framework/TEMP_TestProgramStructure#> PREFIX  temp_tpp: <http://uaontologies.com/DoD_TEMP_Framework/TEMP_TestProgramPolicy#> PREFIX  pm:   <http://uaontologies.com/UA_Domain/UA_ProjectManagement#> PREFIX  dc:   <http://purl.org/dc/elements/1.1/>  SELECT DISTINCT  ?ProgramName ?MissionName ?MissionComponentName ?SubsystemName WHERE   { ?Program  a                     temp_tpp:MajorDefenceAcquisitionProgram ;               foundation:hasName    ?ProgramName .     ?Mission  a                     mission:Mission ;               foundation:hasName    ?MissionName ;               mission:hasMissionParticipant  ?MissionComponent .     ?MissionComponent               foundation:hasName    ?MissionComponentName   } 
[2024-08-27 09:14:57] Fuseki     INFO  [125] 200 OK (5 ms)
[2024-08-27 09:14:57] Fuseki     INFO  [126] POST http://localhost:3030/dTEMP_OSLM/sparql
[2024-08-27 09:14:57] Fuseki     INFO  [123] 200 OK (17 ms)
[2024-08-27 09:14:57] Fuseki     INFO  [126] Query = PREFIX  agent: <http://uaontologies.com/UA_Core/UA_Agent#> PREFIX  data: <http://uaontologies.com/UA_Domain/UA_DataManagement#> PREFIX  temp_teo: <http://uaontologies.com/DoD_TEMP_Framework/TEMP_TEOversight#> PREFIX  xsd:  <http://www.w3.org/2001/XMLSchema#> PREFIX  rdfs: <http://www.w3.org/2000/01/rdf-schema#> PREFIX  temp_tpf: <http://uaontologies.com/DoD_TEMP_Framework/TEMP_TestProgramFrameworks#> PREFIX  foundation: <http://uaontologies.com/UA_Foundation/UA_Foundation#> PREFIX  temp_org: <http://uaontologies.com/DoD_TEMP_Framework/TEMP_Organization#> PREFIX  acq:  <http://uaontologies.com/UA_Domain/UA_Acquisition#> PREFIX  sa:   <http://uaontologies.com/UA_Domain/UA_SystemArchitecture#> PREFIX  event: <http://uaontologies.com/UA_Core/UA_Event#> PREFIX  prov: <http://uaontologies.com/UA_Core/UA_Provenance#> PREFIX  info: <http://uaontologies.com/UA_Core/UA_Information#> PREFIX  req:  <http://uaontologies.com/UA_Domain/UA_Requirements#> PREFIX  temp_ear: <http://uaontologies.com/DoD_TEMP_Framework/TEMP_ExecutionAndReporting#> PREFIX  temp_dec: <http://uaontologies.com/DoD_TEMP_Framework/TEMP_Decision#> PREFIX  sw:   <http://uaontologies.com/UA_Domain/UA_Software#> PREFIX  test: <http://uaontologies.com/UA_Domain/UA_Test#> PREFIX  ms:   <http://uaontologies.com/UA_Domain/UA_ModelingAndSimulation#> PREFIX  mission: <http://uaontologies.com/UA_Domain/UA_Mission#> PREFIX  temp_resp: <http://uaontologies.com/DoD_TEMP_Framework/TEMP_Responsibility#> PREFIX  temp_tpt: <http://uaontologies.com/DoD_TEMP_Framework/TEMP_TestProgramTeams#> PREFIX  meas: <http://uaontologies.com/UA_Core/UA_Measurement#> PREFIX  temp_tps: <http://uaontologies.com/DoD_TEMP_Framework/TEMP_TestProgramStructure#> PREFIX  temp_tpp: <http://uaontologies.com/DoD_TEMP_Framework/TEMP_TestProgramPolicy#> PREFIX  pm:   <http://uaontologies.com/UA_Domain/UA_ProjectManagement#> PREFIX  dc:   <http://purl.org/dc/elements/1.1/>  SELECT DISTINCT  ?KCName ?SatisfiedBy ?Unit ?Threshold ?Objective ?VerificationMethodName WHERE   { ?KC   a                   req:KeyRequirement ;           foundation:hasName  ?KCName ;           info:prescribes     ?SatisfiedBy ;           req:hasThreshold    ?KCT .     ?KCT  meas:hasUnit        ?Unit ;           meas:hasValue       ?Threshold .     ?KC   req:hasObjective    ?KCO .     ?KCO  meas:hasValue       ?Objective     OPTIONAL       { ?KC       req:isVerifiedBy    ?VerificationMethod .         ?VerificationMethod                   foundation:hasName  ?VerificationMethodName       }   } 
[2024-08-27 09:14:57] Fuseki     INFO  [127] POST http://localhost:3030/dTEMP_OSLM/sparql
[2024-08-27 09:14:57] Fuseki     INFO  [127] Query = PREFIX  agent: <http://uaontologies.com/UA_Core/UA_Agent#> PREFIX  data: <http://uaontologies.com/UA_Domain/UA_DataManagement#> PREFIX  temp_teo: <http://uaontologies.com/DoD_TEMP_Framework/TEMP_TEOversight#> PREFIX  xsd:  <http://www.w3.org/2001/XMLSchema#> PREFIX  rdfs: <http://www.w3.org/2000/01/rdf-schema#> PREFIX  temp_tpf: <http://uaontologies.com/DoD_TEMP_Framework/TEMP_TestProgramFrameworks#> PREFIX  foundation: <http://uaontologies.com/UA_Foundation/UA_Foundation#> PREFIX  temp_org: <http://uaontologies.com/DoD_TEMP_Framework/TEMP_Organization#> PREFIX  acq:  <http://uaontologies.com/UA_Domain/UA_Acquisition#> PREFIX  sa:   <http://uaontologies.com/UA_Domain/UA_SystemArchitecture#> PREFIX  event: <http://uaontologies.com/UA_Core/UA_Event#> PREFIX  prov: <http://uaontologies.com/UA_Core/UA_Provenance#> PREFIX  info: <http://uaontologies.com/UA_Core/UA_Information#> PREFIX  req:  <http://uaontologies.com/UA_Domain/UA_Requirements#> PREFIX  temp_ear: <http://uaontologies.com/DoD_TEMP_Framework/TEMP_ExecutionAndReporting#> PREFIX  temp_dec: <http://uaontologies.com/DoD_TEMP_Framework/TEMP_Decision#> PREFIX  sw:   <http://uaontologies.com/UA_Domain/UA_Software#> PREFIX  test: <http://uaontologies.com/UA_Domain/UA_Test#> PREFIX  ms:   <http://uaontologies.com/UA_Domain/UA_ModelingAndSimulation#> PREFIX  mission: <http://uaontologies.com/UA_Domain/UA_Mission#> PREFIX  temp_resp: <http://uaontologies.com/DoD_TEMP_Framework/TEMP_Responsibility#> PREFIX  temp_tpt: <http://uaontologies.com/DoD_TEMP_Framework/TEMP_TestProgramTeams#> PREFIX  meas: <http://uaontologies.com/UA_Core/UA_Measurement#> PREFIX  temp_tps: <http://uaontologies.com/DoD_TEMP_Framework/TEMP_TestProgramStructure#> PREFIX  temp_tpp: <http://uaontologies.com/DoD_TEMP_Framework/TEMP_TestProgramPolicy#> PREFIX  pm:   <http://uaontologies.com/UA_Domain/UA_ProjectManagement#> PREFIX  dc:   <http://purl.org/dc/elements/1.1/>  SELECT DISTINCT  ?Review ?Decision ?ReviewStart ?Milestone ?Data ?TestData WHERE   { ?Review   a                     agent:ManagedProcess ;               agent:hasOutput       ?Decision .     ?Decision  a                    temp_dec:KeyDecision .     ?Review   event:occursOn        ?ReviewTime .     ?ReviewTime  foundation:hasBeginInstant  ?ReviewStart .     ?Decision  info:prescribes      ?Milestone .     ?Milestone  a                   temp_dec:Milestone     OPTIONAL       { ?Decision  temp_dec:isInformedBy  ?DataNo .         ?DataNo   foundation:contains   ?TestData ;                   foundation:hasName    ?Data       }   } ORDER BY ASC(?Milestone) 
[2024-08-27 09:14:57] Fuseki     INFO  [122] 200 OK (26 ms)
[2024-08-27 09:14:57] Fuseki     INFO  [127] 200 OK (14 ms)
[2024-08-27 09:14:57] Fuseki     INFO  [126] 200 OK (23 ms)
