[2023-08-15 15:22:43] Server     INFO  Apache Jena Fuseki 4.6.1
[2023-08-15 15:22:43] Server     INFO  Configuration file: ../.fuseki.ttl
[2023-08-15 15:22:43] Server     INFO  Path = /DoD_Example_Rover
[2023-08-15 15:22:43] Server     INFO  System
[2023-08-15 15:22:43] Server     INFO    Memory: 8.0 GiB
[2023-08-15 15:22:43] Server     INFO    Java:   17.0.5
[2023-08-15 15:22:43] Server     INFO    OS:     Windows 11 10.0 amd64
[2023-08-15 15:22:43] Server     INFO    PID:    22192
[2023-08-15 15:22:43] Server     INFO  Start Fuseki (http=3030)
[2023-08-15 15:22:46] Fuseki     INFO  [1] GET http://localhost:3030/DoD_Example_Rover
[2023-08-15 15:22:46] Fuseki     INFO  [1] 200 OK (30 ms)
[2023-08-15 15:22:46] Fuseki     INFO  [2] POST http://localhost:3030/DoD_Example_Rover?graph=http://uaontologies.com/DoD_TEMP_Framework/TEMP_TEOversight
[2023-08-15 15:22:47] Fuseki     INFO  [2] Body: Content-Length=15679, Content-Type=application/rdf+xml, Charset=null => RDF/XML : Count=141 Triples=141 Quads=0
[2023-08-15 15:22:47] Fuseki     INFO  [2] 201 Created (136 ms)
[2023-08-15 15:22:47] Fuseki     INFO  [3] POST http://localhost:3030/DoD_Example_Rover?graph=http://uaontologies.com/UA_Domain/UA_ModelingAndSimulation
[2023-08-15 15:22:47] Fuseki     INFO  [3] Body: Content-Length=3946, Content-Type=application/rdf+xml, Charset=null => RDF/XML : Count=35 Triples=35 Quads=0
[2023-08-15 15:22:47] Fuseki     INFO  [3] 201 Created (21 ms)
[2023-08-15 15:22:47] Fuseki     INFO  [4] POST http://localhost:3030/DoD_Example_Rover?graph=http://uaontologies.com/DoD_Example_Rover/bundle/properties
[2023-08-15 15:22:47] Fuseki     INFO  [4] Body: Content-Length=69501, Content-Type=text/turtle, Charset=null => Turtle : Count=679 Triples=679 Quads=0
[2023-08-15 15:22:47] Fuseki     INFO  [4] 201 Created (98 ms)
[2023-08-15 15:22:47] Fuseki     INFO  [5] POST http://localhost:3030/DoD_Example_Rover?graph=http://uaontologies.com/UA_Domain/UA_Test
[2023-08-15 15:22:47] Fuseki     INFO  [5] Body: Content-Length=30379, Content-Type=application/rdf+xml, Charset=null => RDF/XML : Count=306 Triples=306 Quads=0
[2023-08-15 15:22:47] Fuseki     INFO  [5] 201 Created (50 ms)
[2023-08-15 15:22:47] Fuseki     INFO  [6] POST http://localhost:3030/DoD_Example_Rover?graph=http://uaontologies.com/DoD_TEMP_Framework/TEMP_TestProgramStructure
[2023-08-15 15:22:47] Fuseki     INFO  [6] Body: Content-Length=20950, Content-Type=application/rdf+xml, Charset=null => RDF/XML : Count=183 Triples=183 Quads=0
[2023-08-15 15:22:47] Fuseki     INFO  [6] 201 Created (29 ms)
[2023-08-15 15:22:47] Fuseki     INFO  [7] POST http://localhost:3030/DoD_Example_Rover?graph=http://uaontologies.com/UA_Domain/UA_ProjectManagement
[2023-08-15 15:22:47] Fuseki     INFO  [7] Body: Content-Length=2709, Content-Type=application/rdf+xml, Charset=null => RDF/XML : Count=22 Triples=22 Quads=0
[2023-08-15 15:22:47] Fuseki     INFO  [7] 201 Created (9 ms)
[2023-08-15 15:22:47] Fuseki     INFO  [8] POST http://localhost:3030/DoD_Example_Rover?graph=http://uaontologies.com/UA_Libraries/Dimensions
[2023-08-15 15:22:47] Fuseki     INFO  [8] Body: Content-Length=3422, Content-Type=application/rdf+xml, Charset=null => RDF/XML : Count=22 Triples=22 Quads=0
[2023-08-15 15:22:47] Fuseki     INFO  [8] 201 Created (6 ms)
[2023-08-15 15:22:47] Fuseki     INFO  [9] POST http://localhost:3030/DoD_Example_Rover?graph=http://uaontologies.com/DoD_TEMP_Framework/TEMP_Responsibility
[2023-08-15 15:22:47] Fuseki     INFO  [9] Body: Content-Length=41261, Content-Type=application/rdf+xml, Charset=null => RDF/XML : Count=400 Triples=400 Quads=0
[2023-08-15 15:22:47] Fuseki     INFO  [9] 201 Created (36 ms)
[2023-08-15 15:22:47] Fuseki     INFO  [10] POST http://localhost:3030/DoD_Example_Rover?graph=http://uaontologies.com/DoD_TEMP_Framework/bundle
[2023-08-15 15:22:47] Fuseki     INFO  [10] Body: Content-Length=34513, Content-Type=application/rdf+xml, Charset=null => RDF/XML : Count=482 Triples=482 Quads=0
[2023-08-15 15:22:47] Fuseki     INFO  [10] 201 Created (37 ms)
[2023-08-15 15:22:47] Fuseki     INFO  [11] POST http://localhost:3030/DoD_Example_Rover?graph=http://uaontologies.com/DoD_TEMP_Framework/TEMP_TestProgramFrameworks
[2023-08-15 15:22:47] Fuseki     INFO  [11] Body: Content-Length=8877, Content-Type=application/rdf+xml, Charset=null => RDF/XML : Count=72 Triples=72 Quads=0
[2023-08-15 15:22:47] Fuseki     INFO  [11] 201 Created (10 ms)
[2023-08-15 15:22:47] Fuseki     INFO  [12] POST http://localhost:3030/DoD_Example_Rover?graph=http://purl.org/dc/elements/1.1
[2023-08-15 15:22:47] Fuseki     INFO  [12] Body: Content-Length=3568, Content-Type=application/rdf+xml, Charset=null => RDF/XML : Count=22 Triples=22 Quads=0
[2023-08-15 15:22:47] Fuseki     INFO  [12] 201 Created (5 ms)
[2023-08-15 15:22:47] Fuseki     INFO  [13] POST http://localhost:3030/DoD_Example_Rover?graph=http://uaontologies.com/UA_Libraries/Units
[2023-08-15 15:22:47] Fuseki     INFO  [13] Body: Content-Length=3580, Content-Type=application/rdf+xml, Charset=null => RDF/XML : Count=22 Triples=22 Quads=0
[2023-08-15 15:22:47] Fuseki     INFO  [13] 201 Created (8 ms)
[2023-08-15 15:22:47] Fuseki     INFO  [14] POST http://localhost:3030/DoD_Example_Rover?graph=http://uaontologies.com/DoD_Example_Rover/Part1
[2023-08-15 15:22:47] Fuseki     INFO  [14] Body: Content-Length=48257, Content-Type=application/rdf+xml, Charset=null => RDF/XML : Count=328 Triples=328 Quads=0
[2023-08-15 15:22:47] Fuseki     INFO  [14] 201 Created (28 ms)
[2023-08-15 15:22:47] Fuseki     INFO  [15] POST http://localhost:3030/DoD_Example_Rover?graph=http://uaontologies.com/DoD_TEMP_Framework/TEMP_Decision
[2023-08-15 15:22:47] Fuseki     INFO  [15] Body: Content-Length=31431, Content-Type=application/rdf+xml, Charset=null => RDF/XML : Count=291 Triples=291 Quads=0
[2023-08-15 15:22:47] Fuseki     INFO  [15] 201 Created (28 ms)
[2023-08-15 15:22:47] Fuseki     INFO  [16] POST http://localhost:3030/DoD_Example_Rover?graph=http://uaontologies.com/UA_Domain/UA_Requirements
[2023-08-15 15:22:47] Fuseki     INFO  [16] Body: Content-Length=28094, Content-Type=application/rdf+xml, Charset=null => RDF/XML : Count=257 Triples=257 Quads=0
[2023-08-15 15:22:47] Fuseki     INFO  [16] 201 Created (22 ms)
[2023-08-15 15:22:47] Fuseki     INFO  [17] POST http://localhost:3030/DoD_Example_Rover?graph=http://uaontologies.com/UA_Foundation/bundle
[2023-08-15 15:22:47] Fuseki     INFO  [17] Body: Content-Length=4529, Content-Type=application/rdf+xml, Charset=null => RDF/XML : Count=29 Triples=29 Quads=0
[2023-08-15 15:22:47] Fuseki     INFO  [17] 201 Created (9 ms)
[2023-08-15 15:22:47] Fuseki     INFO  [18] POST http://localhost:3030/DoD_Example_Rover?graph=http://uaontologies.com/UA_Domain/UA_Materials
[2023-08-15 15:22:47] Fuseki     INFO  [18] Body: Content-Length=1064, Content-Type=application/rdf+xml, Charset=null => RDF/XML : Count=7 Triples=7 Quads=0
[2023-08-15 15:22:47] Fuseki     INFO  [18] 201 Created (5 ms)
[2023-08-15 15:22:47] Fuseki     INFO  [19] POST http://localhost:3030/DoD_Example_Rover?graph=http://uaontologies.com/DoD_Example_Rover/Part3
[2023-08-15 15:22:47] Fuseki     INFO  [19] Body: Content-Length=74332, Content-Type=application/rdf+xml, Charset=null => RDF/XML : Count=496 Triples=496 Quads=0
[2023-08-15 15:22:47] Fuseki     INFO  [19] 201 Created (44 ms)
[2023-08-15 15:22:47] Fuseki     INFO  [20] POST http://localhost:3030/DoD_Example_Rover?graph=http://uaontologies.com/UA_Domain/UA_SystemArchitecture
[2023-08-15 15:22:47] Fuseki     INFO  [20] Body: Content-Length=35300, Content-Type=application/rdf+xml, Charset=null => RDF/XML : Count=324 Triples=324 Quads=0
[2023-08-15 15:22:47] Fuseki     INFO  [20] 201 Created (23 ms)
[2023-08-15 15:22:47] Fuseki     INFO  [21] POST http://localhost:3030/DoD_Example_Rover?graph=http://uaontologies.com/UA_Core/UA_Information
[2023-08-15 15:22:47] Fuseki     INFO  [21] Body: Content-Length=32466, Content-Type=application/rdf+xml, Charset=null => RDF/XML : Count=300 Triples=300 Quads=0
[2023-08-15 15:22:47] Fuseki     INFO  [21] 201 Created (20 ms)
[2023-08-15 15:22:47] Fuseki     INFO  [22] POST http://localhost:3030/DoD_Example_Rover?graph=http://uaontologies.com/UA_Core/bundle
[2023-08-15 15:22:47] Fuseki     INFO  [22] Body: Content-Length=9428, Content-Type=application/rdf+xml, Charset=null => RDF/XML : Count=90 Triples=90 Quads=0
[2023-08-15 15:22:47] Fuseki     INFO  [22] 201 Created (11 ms)
[2023-08-15 15:22:47] Fuseki     INFO  [23] POST http://localhost:3030/DoD_Example_Rover?graph=http://uaontologies.com/UA_Core/UA_Agent
[2023-08-15 15:22:47] Fuseki     INFO  [23] Body: Content-Length=42902, Content-Type=application/rdf+xml, Charset=null => RDF/XML : Count=412 Triples=412 Quads=0
[2023-08-15 15:22:47] Fuseki     INFO  [23] 201 Created (31 ms)
[2023-08-15 15:22:47] Fuseki     INFO  [24] POST http://localhost:3030/DoD_Example_Rover?graph=http://uaontologies.com/DoD_TEMP_Framework/TEMP_ExecutionAndReporting
[2023-08-15 15:22:47] Fuseki     INFO  [24] Body: Content-Length=21018, Content-Type=application/rdf+xml, Charset=null => RDF/XML : Count=210 Triples=210 Quads=0
[2023-08-15 15:22:47] Fuseki     INFO  [24] 201 Created (17 ms)
[2023-08-15 15:22:47] Fuseki     INFO  [25] POST http://localhost:3030/DoD_Example_Rover?graph=http://uaontologies.com/UA_Core/UA_Provenance
[2023-08-15 15:22:47] Fuseki     INFO  [25] Body: Content-Length=17987, Content-Type=application/rdf+xml, Charset=null => RDF/XML : Count=153 Triples=153 Quads=0
[2023-08-15 15:22:47] Fuseki     INFO  [25] 201 Created (15 ms)
[2023-08-15 15:22:47] Fuseki     INFO  [26] POST http://localhost:3030/DoD_Example_Rover?graph=http://uaontologies.com/UA_Core/UA_Event
[2023-08-15 15:22:47] Fuseki     INFO  [26] Body: Content-Length=26194, Content-Type=application/rdf+xml, Charset=null => RDF/XML : Count=241 Triples=241 Quads=0
[2023-08-15 15:22:47] Fuseki     INFO  [26] 201 Created (21 ms)
[2023-08-15 15:22:47] Fuseki     INFO  [27] POST http://localhost:3030/DoD_Example_Rover?graph=http://uaontologies.com/UA_Domain/bundle
[2023-08-15 15:22:47] Fuseki     INFO  [27] Body: Content-Length=17681, Content-Type=application/rdf+xml, Charset=null => RDF/XML : Count=222 Triples=222 Quads=0
[2023-08-15 15:22:47] Fuseki     INFO  [27] 201 Created (21 ms)
[2023-08-15 15:22:47] Fuseki     INFO  [28] POST http://localhost:3030/DoD_Example_Rover?graph=http://uaontologies.com/DoD_Example_Rover/bundle/classes
[2023-08-15 15:22:47] Fuseki     INFO  [28] Body: Content-Length=149431, Content-Type=text/turtle, Charset=null => Turtle : Count=1813 Triples=1813 Quads=0
[2023-08-15 15:22:47] Fuseki     INFO  [28] 201 Created (51 ms)
[2023-08-15 15:22:47] Fuseki     INFO  [29] POST http://localhost:3030/DoD_Example_Rover?graph=http://uaontologies.com/UA_Core/UA_Measurement
[2023-08-15 15:22:47] Fuseki     INFO  [29] Body: Content-Length=28937, Content-Type=application/rdf+xml, Charset=null => RDF/XML : Count=270 Triples=270 Quads=0
[2023-08-15 15:22:47] Fuseki     INFO  [29] 201 Created (19 ms)
[2023-08-15 15:22:47] Fuseki     INFO  [30] POST http://localhost:3030/DoD_Example_Rover?graph=http://uaontologies.com/DoD_Example_Rover/bundle
[2023-08-15 15:22:47] Fuseki     INFO  [30] Body: Content-Length=92304, Content-Type=application/rdf+xml, Charset=null => RDF/XML : Count=732 Triples=732 Quads=0
[2023-08-15 15:22:47] Fuseki     INFO  [30] 201 Created (33 ms)
[2023-08-15 15:22:47] Fuseki     INFO  [31] POST http://localhost:3030/DoD_Example_Rover?graph=http://uaontologies.com/UA_Domain/UA_Acquisition
[2023-08-15 15:22:47] Fuseki     INFO  [31] Body: Content-Length=20765, Content-Type=application/rdf+xml, Charset=null => RDF/XML : Count=181 Triples=181 Quads=0
[2023-08-15 15:22:47] Fuseki     INFO  [31] 201 Created (14 ms)
[2023-08-15 15:22:47] Fuseki     INFO  [32] POST http://localhost:3030/DoD_Example_Rover?graph=http://uaontologies.com/DoD_Example_Rover/bundle/individuals
[2023-08-15 15:22:47] Fuseki     INFO  [32] Body: Content-Length=416158, Content-Type=text/turtle, Charset=null => Turtle : Count=4522 Triples=4522 Quads=0
[2023-08-15 15:22:48] Fuseki     INFO  [32] 201 Created (146 ms)
[2023-08-15 15:22:48] Fuseki     INFO  [33] POST http://localhost:3030/DoD_Example_Rover?graph=http://uaontologies.com/UA_Domain/UA_Mission
[2023-08-15 15:22:48] Fuseki     INFO  [33] Body: Content-Length=13415, Content-Type=application/rdf+xml, Charset=null => RDF/XML : Count=118 Triples=118 Quads=0
[2023-08-15 15:22:48] Fuseki     INFO  [33] 201 Created (11 ms)
[2023-08-15 15:22:48] Fuseki     INFO  [34] POST http://localhost:3030/DoD_Example_Rover?graph=http://uaontologies.com/DoD_TEMP_Framework/TEMP_TestProgramPolicy
[2023-08-15 15:22:48] Fuseki     INFO  [34] Body: Content-Length=21268, Content-Type=application/rdf+xml, Charset=null => RDF/XML : Count=187 Triples=187 Quads=0
[2023-08-15 15:22:48] Fuseki     INFO  [34] 201 Created (13 ms)
[2023-08-15 15:22:48] Fuseki     INFO  [35] POST http://localhost:3030/DoD_Example_Rover?graph=http://uaontologies.com/DoD_TEMP_Framework/TEMP_TestProgramTeams
[2023-08-15 15:22:48] Fuseki     INFO  [35] Body: Content-Length=51483, Content-Type=application/rdf+xml, Charset=null => RDF/XML : Count=492 Triples=492 Quads=0
[2023-08-15 15:22:48] Fuseki     INFO  [35] 201 Created (25 ms)
[2023-08-15 15:22:48] Fuseki     INFO  [36] POST http://localhost:3030/DoD_Example_Rover?graph=http://uaontologies.com/DoD_Example_Rover/Part2
[2023-08-15 15:22:48] Fuseki     INFO  [36] Body: Content-Length=41354, Content-Type=application/rdf+xml, Charset=null => RDF/XML : Count=274 Triples=274 Quads=0
[2023-08-15 15:22:48] Fuseki     INFO  [36] 201 Created (17 ms)
[2023-08-15 15:22:48] Fuseki     INFO  [37] POST http://localhost:3030/DoD_Example_Rover?graph=http://uaontologies.com/DoD_TEMP_Framework/TEMP_Organization
[2023-08-15 15:22:48] Fuseki     INFO  [37] Body: Content-Length=9373, Content-Type=application/rdf+xml, Charset=null => RDF/XML : Count=88 Triples=88 Quads=0
[2023-08-15 15:22:48] Fuseki     INFO  [37] 201 Created (7 ms)
[2023-08-15 15:22:48] Fuseki     INFO  [38] POST http://localhost:3030/DoD_Example_Rover?graph=http://uaontologies.com/UA_Foundation/UA_Foundation
[2023-08-15 15:22:48] Fuseki     INFO  [38] Body: Content-Length=39818, Content-Type=application/rdf+xml, Charset=null => RDF/XML : Count=367 Triples=367 Quads=0
[2023-08-15 15:22:48] Fuseki     INFO  [38] 201 Created (16 ms)
[2023-08-15 15:22:48] Fuseki     INFO  [39] POST http://localhost:3030/DoD_Example_Rover?graph=http://uaontologies.com/UA_Domain/UA_Software
[2023-08-15 15:22:48] Fuseki     INFO  [39] Body: Content-Length=14880, Content-Type=application/rdf+xml, Charset=null => RDF/XML : Count=130 Triples=130 Quads=0
[2023-08-15 15:22:48] Fuseki     INFO  [39] 201 Created (11 ms)
[2023-08-15 15:22:48] Fuseki     INFO  [40] POST http://localhost:3030/DoD_Example_Rover?graph=http://uaontologies.com/DoD_Example_Rover/Part4
[2023-08-15 15:22:48] Fuseki     INFO  [40] Body: Content-Length=2979, Content-Type=application/rdf+xml, Charset=null => RDF/XML : Count=16 Triples=16 Quads=0
[2023-08-15 15:22:48] Fuseki     INFO  [40] 201 Created (6 ms)
[2023-08-15 15:22:48] Fuseki     INFO  [41] POST http://localhost:3030/DoD_Example_Rover?graph=http://uaontologies.com/UA_Domain/UA_DataManagement
[2023-08-15 15:22:48] Fuseki     INFO  [41] Body: Content-Length=19170, Content-Type=application/rdf+xml, Charset=null => RDF/XML : Count=168 Triples=168 Quads=0
[2023-08-15 15:22:48] Fuseki     INFO  [41] 201 Created (15 ms)
[2023-08-15 15:22:48] Fuseki     INFO  [42] POST http://localhost:3030/DoD_Example_Rover/sparql
[2023-08-15 15:22:48] Fuseki     INFO  [42] Query = PREFIX  agent: <http://siedepartment.com/SIE_Core/SIE_Agent#> PREFIX  data: <http://siedepartment.com/SIE_Domain/SIE_DataManagement#> PREFIX  temp_teo: <http://siedepartment.com/DoD_TEMP_Framework/TEMP_TEOversight#> PREFIX  xsd:  <http://www.w3.org/2001/XMLSchema#> PREFIX  rdfs: <http://www.w3.org/2000/01/rdf-schema#> PREFIX  temp_tpf: <http://siedepartment.com/DoD_TEMP_Framework/TEMP_TestProgramFrameworks#> PREFIX  foundation: <http://siedepartment.com/SIE_Foundation/SIE_Foundation#> PREFIX  temp_org: <http://siedepartment.com/DoD_TEMP_Framework/TEMP_Organization#> PREFIX  acq:  <http://siedepartment.com/SIE_Domain/SIE_Acquisition#> PREFIX  sa:   <http://siedepartment.com/SIE_Domain/SIE_SystemArchitecture#> PREFIX  event: <http://siedepartment.com/SIE_Core/SIE_Event#> PREFIX  prov: <http://siedepartment.com/SIE_Core/SIE_Provenance#> PREFIX  info: <http://siedepartment.com/SIE_Core/SIE_Information#> PREFIX  req:  <http://siedepartment.com/SIE_Domain/SIE_Requirements#> PREFIX  temp_ear: <http://siedepartment.com/DoD_TEMP_Framework/TEMP_ExecutionAndReporting#> PREFIX  temp_dec: <http://siedepartment.com/DoD_TEMP_Framework/TEMP_Decision#> PREFIX  sw:   <http://siedepartment.com/SIE_Domain/SIE_Software#> PREFIX  test: <http://siedepartment.com/SIE_Domain/SIE_Test#> PREFIX  ms:   <http://siedepartment.com/SIE_Domain/SIE_ModelingAndSimulation#> PREFIX  mission: <http://siedepartment.com/SIE_Domain/SIE_Mission#> PREFIX  temp_resp: <http://siedepartment.com/DoD_TEMP_Framework/TEMP_Responsibility#> PREFIX  temp_tpt: <http://siedepartment.com/DoD_TEMP_Framework/TEMP_TestProgramTeams#> PREFIX  meas: <http://siedepartment.com/SIE_Core/SIE_Measurement#> PREFIX  temp_tps: <http://siedepartment.com/DoD_TEMP_Framework/TEMP_TestProgramStructure#> PREFIX  temp_tpp: <http://siedepartment.com/DoD_TEMP_Framework/TEMP_TestProgramPolicy#> PREFIX  pm:   <http://siedepartment.com/SIE_Domain/SIE_ProjectManagement#> PREFIX  dc:   <http://purl.org/dc/elements/1.1/>  SELECT DISTINCT  ?Graph WHERE   { GRAPH ?Graph       { ?s  ?p  ?o }   } ORDER BY ASC(?Graph) 
[2023-08-15 15:22:48] Fuseki     INFO  [43] POST http://localhost:3030/DoD_Example_Rover/sparql
[2023-08-15 15:22:48] Fuseki     INFO  [43] Query = PREFIX  agent: <http://siedepartment.com/SIE_Core/SIE_Agent#> PREFIX  data: <http://siedepartment.com/SIE_Domain/SIE_DataManagement#> PREFIX  temp_teo: <http://siedepartment.com/DoD_TEMP_Framework/TEMP_TEOversight#> PREFIX  xsd:  <http://www.w3.org/2001/XMLSchema#> PREFIX  rdfs: <http://www.w3.org/2000/01/rdf-schema#> PREFIX  temp_tpf: <http://siedepartment.com/DoD_TEMP_Framework/TEMP_TestProgramFrameworks#> PREFIX  foundation: <http://siedepartment.com/SIE_Foundation/SIE_Foundation#> PREFIX  temp_org: <http://siedepartment.com/DoD_TEMP_Framework/TEMP_Organization#> PREFIX  acq:  <http://siedepartment.com/SIE_Domain/SIE_Acquisition#> PREFIX  sa:   <http://siedepartment.com/SIE_Domain/SIE_SystemArchitecture#> PREFIX  event: <http://siedepartment.com/SIE_Core/SIE_Event#> PREFIX  prov: <http://siedepartment.com/SIE_Core/SIE_Provenance#> PREFIX  info: <http://siedepartment.com/SIE_Core/SIE_Information#> PREFIX  req:  <http://siedepartment.com/SIE_Domain/SIE_Requirements#> PREFIX  temp_ear: <http://siedepartment.com/DoD_TEMP_Framework/TEMP_ExecutionAndReporting#> PREFIX  temp_dec: <http://siedepartment.com/DoD_TEMP_Framework/TEMP_Decision#> PREFIX  sw:   <http://siedepartment.com/SIE_Domain/SIE_Software#> PREFIX  test: <http://siedepartment.com/SIE_Domain/SIE_Test#> PREFIX  ms:   <http://siedepartment.com/SIE_Domain/SIE_ModelingAndSimulation#> PREFIX  mission: <http://siedepartment.com/SIE_Domain/SIE_Mission#> PREFIX  temp_resp: <http://siedepartment.com/DoD_TEMP_Framework/TEMP_Responsibility#> PREFIX  temp_tpt: <http://siedepartment.com/DoD_TEMP_Framework/TEMP_TestProgramTeams#> PREFIX  meas: <http://siedepartment.com/SIE_Core/SIE_Measurement#> PREFIX  temp_tps: <http://siedepartment.com/DoD_TEMP_Framework/TEMP_TestProgramStructure#> PREFIX  temp_tpp: <http://siedepartment.com/DoD_TEMP_Framework/TEMP_TestProgramPolicy#> PREFIX  pm:   <http://siedepartment.com/SIE_Domain/SIE_ProjectManagement#> PREFIX  dc:   <http://purl.org/dc/elements/1.1/>  SELECT DISTINCT  ?Role ?Agent ?Name WHERE   { ?Role   a                   foundation:Role ;             agent:isRoleOf      ?Agent .     ?Agent  a                   agent:Agent ;             foundation:hasName  ?Name   } 
[2023-08-15 15:22:48] Fuseki     INFO  [44] POST http://localhost:3030/DoD_Example_Rover/sparql
[2023-08-15 15:22:48] Fuseki     INFO  [44] Query = PREFIX  agent: <http://uaontologies.com/UA_Core/UA_Agent#> PREFIX  data: <http://uaontologies.com/UA_Domain/UA_DataManagement#> PREFIX  temp_teo: <http://uaontologies.com/DoD_TEMP_Framework/TEMP_TEOversight#> PREFIX  xsd:  <http://www.w3.org/2001/XMLSchema#> PREFIX  rdfs: <http://www.w3.org/2000/01/rdf-schema#> PREFIX  temp_tpf: <http://uaontologies.com/DoD_TEMP_Framework/TEMP_TestProgramFrameworks#> PREFIX  foundation: <http://uaontologies.com/UA_Foundation/UA_Foundation#> PREFIX  temp_org: <http://uaontologies.com/DoD_TEMP_Framework/TEMP_Organization#> PREFIX  acq:  <http://uaontologies.com/UA_Domain/UA_Acquisition#> PREFIX  sa:   <http://uaontologies.com/UA_Domain/UA_SystemArchitecture#> PREFIX  event: <http://uaontologies.com/UA_Core/UA_Event#> PREFIX  prov: <http://uaontologies.com/UA_Core/UA_Provenance#> PREFIX  info: <http://uaontologies.com/UA_Core/UA_Information#> PREFIX  req:  <http://uaontologies.com/UA_Domain/UA_Requirements#> PREFIX  temp_ear: <http://uaontologies.com/DoD_TEMP_Framework/TEMP_ExecutionAndReporting#> PREFIX  temp_dec: <http://uaontologies.com/DoD_TEMP_Framework/TEMP_Decision#> PREFIX  sw:   <http://uaontologies.com/UA_Domain/UA_Software#> PREFIX  test: <http://uaontologies.com/UA_Domain/UA_Test#> PREFIX  ms:   <http://uaontologies.com/UA_Domain/UA_ModelingAndSimulation#> PREFIX  mission: <http://uaontologies.com/UA_Domain/UA_Mission#> PREFIX  temp_resp: <http://uaontologies.com/DoD_TEMP_Framework/TEMP_Responsibility#> PREFIX  temp_tpt: <http://uaontologies.com/DoD_TEMP_Framework/TEMP_TestProgramTeams#> PREFIX  meas: <http://uaontologies.com/UA_Core/UA_Measurement#> PREFIX  temp_tps: <http://uaontologies.com/DoD_TEMP_Framework/TEMP_TestProgramStructure#> PREFIX  temp_tpp: <http://uaontologies.com/DoD_TEMP_Framework/TEMP_TestProgramPolicy#> PREFIX  pm:   <http://uaontologies.com/UA_Domain/UA_ProjectManagement#> PREFIX  dc:   <http://purl.org/dc/elements/1.1/>  SELECT DISTINCT  ?Test ?TestProgram ?datetime WHERE   { ?Test  a  test:Test     OPTIONAL       { ?Test  temp_tpp:isPartOfProgram  ?TestProgram }     FILTER ( ! bound(?TestProgram) )     ?Test  event:occursOn  ?TemporalRegion .     ?TemporalRegion foundation:hasBeginInstant|foundation:hasEndInstant ?datetime     FILTER ( ?datetime > "2022-01-01T12:00:00"^^xsd:dateTime )   } 
[2023-08-15 15:22:48] Fuseki     INFO  [45] POST http://localhost:3030/DoD_Example_Rover/sparql
[2023-08-15 15:22:48] Fuseki     INFO  [46] POST http://localhost:3030/DoD_Example_Rover/sparql
[2023-08-15 15:22:48] Fuseki     INFO  [47] POST http://localhost:3030/DoD_Example_Rover/sparql
[2023-08-15 15:22:48] Fuseki     INFO  [46] Query = PREFIX  agent: <http://uaontologies.com/UA_Core/UA_Agent#> PREFIX  data: <http://uaontologies.com/UA_Domain/UA_DataManagement#> PREFIX  temp_teo: <http://uaontologies.com/DoD_TEMP_Framework/TEMP_TEOversight#> PREFIX  xsd:  <http://www.w3.org/2001/XMLSchema#> PREFIX  rdfs: <http://www.w3.org/2000/01/rdf-schema#> PREFIX  temp_tpf: <http://uaontologies.com/DoD_TEMP_Framework/TEMP_TestProgramFrameworks#> PREFIX  foundation: <http://uaontologies.com/UA_Foundation/UA_Foundation#> PREFIX  temp_org: <http://uaontologies.com/DoD_TEMP_Framework/TEMP_Organization#> PREFIX  acq:  <http://uaontologies.com/UA_Domain/UA_Acquisition#> PREFIX  sa:   <http://uaontologies.com/UA_Domain/UA_SystemArchitecture#> PREFIX  event: <http://uaontologies.com/UA_Core/UA_Event#> PREFIX  prov: <http://uaontologies.com/UA_Core/UA_Provenance#> PREFIX  info: <http://uaontologies.com/UA_Core/UA_Information#> PREFIX  req:  <http://uaontologies.com/UA_Domain/UA_Requirements#> PREFIX  temp_ear: <http://uaontologies.com/DoD_TEMP_Framework/TEMP_ExecutionAndReporting#> PREFIX  temp_dec: <http://uaontologies.com/DoD_TEMP_Framework/TEMP_Decision#> PREFIX  sw:   <http://uaontologies.com/UA_Domain/UA_Software#> PREFIX  test: <http://uaontologies.com/UA_Domain/UA_Test#> PREFIX  ms:   <http://uaontologies.com/UA_Domain/UA_ModelingAndSimulation#> PREFIX  mission: <http://uaontologies.com/UA_Domain/UA_Mission#> PREFIX  temp_resp: <http://uaontologies.com/DoD_TEMP_Framework/TEMP_Responsibility#> PREFIX  temp_tpt: <http://uaontologies.com/DoD_TEMP_Framework/TEMP_TestProgramTeams#> PREFIX  meas: <http://uaontologies.com/UA_Core/UA_Measurement#> PREFIX  temp_tps: <http://uaontologies.com/DoD_TEMP_Framework/TEMP_TestProgramStructure#> PREFIX  temp_tpp: <http://uaontologies.com/DoD_TEMP_Framework/TEMP_TestProgramPolicy#> PREFIX  pm:   <http://uaontologies.com/UA_Domain/UA_ProjectManagement#> PREFIX  dc:   <http://purl.org/dc/elements/1.1/>  SELECT DISTINCT  ?Unit ?Dimension WHERE   { ?Unit     a                     meas:Unit .     ?Dimension  a                   meas:Dimension .     ?Unit     meas:hasApplicableDimension  ?Dimension   } 
[2023-08-15 15:22:48] Fuseki     INFO  [47] Query = PREFIX  agent: <http://uaontologies.com/UA_Core/UA_Agent#> PREFIX  data: <http://uaontologies.com/UA_Domain/UA_DataManagement#> PREFIX  temp_teo: <http://uaontologies.com/DoD_TEMP_Framework/TEMP_TEOversight#> PREFIX  xsd:  <http://www.w3.org/2001/XMLSchema#> PREFIX  rdfs: <http://www.w3.org/2000/01/rdf-schema#> PREFIX  temp_tpf: <http://uaontologies.com/DoD_TEMP_Framework/TEMP_TestProgramFrameworks#> PREFIX  foundation: <http://uaontologies.com/UA_Foundation/UA_Foundation#> PREFIX  temp_org: <http://uaontologies.com/DoD_TEMP_Framework/TEMP_Organization#> PREFIX  acq:  <http://uaontologies.com/UA_Domain/UA_Acquisition#> PREFIX  sa:   <http://uaontologies.com/UA_Domain/UA_SystemArchitecture#> PREFIX  event: <http://uaontologies.com/UA_Core/UA_Event#> PREFIX  prov: <http://uaontologies.com/UA_Core/UA_Provenance#> PREFIX  info: <http://uaontologies.com/UA_Core/UA_Information#> PREFIX  req:  <http://uaontologies.com/UA_Domain/UA_Requirements#> PREFIX  temp_ear: <http://uaontologies.com/DoD_TEMP_Framework/TEMP_ExecutionAndReporting#> PREFIX  temp_dec: <http://uaontologies.com/DoD_TEMP_Framework/TEMP_Decision#> PREFIX  sw:   <http://uaontologies.com/UA_Domain/UA_Software#> PREFIX  test: <http://uaontologies.com/UA_Domain/UA_Test#> PREFIX  ms:   <http://uaontologies.com/UA_Domain/UA_ModelingAndSimulation#> PREFIX  mission: <http://uaontologies.com/UA_Domain/UA_Mission#> PREFIX  temp_resp: <http://uaontologies.com/DoD_TEMP_Framework/TEMP_Responsibility#> PREFIX  temp_tpt: <http://uaontologies.com/DoD_TEMP_Framework/TEMP_TestProgramTeams#> PREFIX  meas: <http://uaontologies.com/UA_Core/UA_Measurement#> PREFIX  temp_tps: <http://uaontologies.com/DoD_TEMP_Framework/TEMP_TestProgramStructure#> PREFIX  temp_tpp: <http://uaontologies.com/DoD_TEMP_Framework/TEMP_TestProgramPolicy#> PREFIX  pm:   <http://uaontologies.com/UA_Domain/UA_ProjectManagement#> PREFIX  dc:   <http://purl.org/dc/elements/1.1/>  SELECT DISTINCT  ?MDAP ?IntegratedTestProgram ?TestProgram ?StartDate ?EndDate WHERE   { ?MDAP     a                    temp_tpp:MajorDefenceAcquisitionProgram ;               foundation:contains  ?IntegratedTestProgram .     ?IntegratedTestProgram               a                    temp_tpp:IntegratedTestProgram ;               foundation:contains  ?TestProgram .     ?TestProgram  a                temp_tpp:TestAndEvaluationProgram   } 
[2023-08-15 15:22:48] Fuseki     INFO  [48] POST http://localhost:3030/DoD_Example_Rover/sparql
[2023-08-15 15:22:48] Fuseki     INFO  [45] Query = PREFIX  agent: <http://uaontologies.com/UA_Core/UA_Agent#> PREFIX  data: <http://uaontologies.com/UA_Domain/UA_DataManagement#> PREFIX  temp_teo: <http://uaontologies.com/DoD_TEMP_Framework/TEMP_TEOversight#> PREFIX  xsd:  <http://www.w3.org/2001/XMLSchema#> PREFIX  rdfs: <http://www.w3.org/2000/01/rdf-schema#> PREFIX  temp_tpf: <http://uaontologies.com/DoD_TEMP_Framework/TEMP_TestProgramFrameworks#> PREFIX  foundation: <http://uaontologies.com/UA_Foundation/UA_Foundation#> PREFIX  temp_org: <http://uaontologies.com/DoD_TEMP_Framework/TEMP_Organization#> PREFIX  acq:  <http://uaontologies.com/UA_Domain/UA_Acquisition#> PREFIX  sa:   <http://uaontologies.com/UA_Domain/UA_SystemArchitecture#> PREFIX  event: <http://uaontologies.com/UA_Core/UA_Event#> PREFIX  prov: <http://uaontologies.com/UA_Core/UA_Provenance#> PREFIX  info: <http://uaontologies.com/UA_Core/UA_Information#> PREFIX  req:  <http://uaontologies.com/UA_Domain/UA_Requirements#> PREFIX  temp_ear: <http://uaontologies.com/DoD_TEMP_Framework/TEMP_ExecutionAndReporting#> PREFIX  temp_dec: <http://uaontologies.com/DoD_TEMP_Framework/TEMP_Decision#> PREFIX  sw:   <http://uaontologies.com/UA_Domain/UA_Software#> PREFIX  test: <http://uaontologies.com/UA_Domain/UA_Test#> PREFIX  ms:   <http://uaontologies.com/UA_Domain/UA_ModelingAndSimulation#> PREFIX  mission: <http://uaontologies.com/UA_Domain/UA_Mission#> PREFIX  temp_resp: <http://uaontologies.com/DoD_TEMP_Framework/TEMP_Responsibility#> PREFIX  temp_tpt: <http://uaontologies.com/DoD_TEMP_Framework/TEMP_TestProgramTeams#> PREFIX  meas: <http://uaontologies.com/UA_Core/UA_Measurement#> PREFIX  temp_tps: <http://uaontologies.com/DoD_TEMP_Framework/TEMP_TestProgramStructure#> PREFIX  temp_tpp: <http://uaontologies.com/DoD_TEMP_Framework/TEMP_TestProgramPolicy#> PREFIX  pm:   <http://uaontologies.com/UA_Domain/UA_ProjectManagement#> PREFIX  dc:   <http://purl.org/dc/elements/1.1/>  SELECT  ?TestProgram (COUNT(?Test) AS ?num_Tests) WHERE   { ?TestProgram  a                 temp_tpp:TestAndEvaluationProgram ;               temp_tpp:comprisesTest  ?Test   } GROUP BY ?TestProgram ORDER BY DESC(?num_Tests) 
[2023-08-15 15:22:48] Fuseki     INFO  [48] Query = PREFIX  agent: <http://uaontologies.com/UA_Core/UA_Agent#> PREFIX  data: <http://uaontologies.com/UA_Domain/UA_DataManagement#> PREFIX  temp_teo: <http://uaontologies.com/DoD_TEMP_Framework/TEMP_TEOversight#> PREFIX  xsd:  <http://www.w3.org/2001/XMLSchema#> PREFIX  rdfs: <http://www.w3.org/2000/01/rdf-schema#> PREFIX  temp_tpf: <http://uaontologies.com/DoD_TEMP_Framework/TEMP_TestProgramFrameworks#> PREFIX  foundation: <http://uaontologies.com/UA_Foundation/UA_Foundation#> PREFIX  temp_org: <http://uaontologies.com/DoD_TEMP_Framework/TEMP_Organization#> PREFIX  acq:  <http://uaontologies.com/UA_Domain/UA_Acquisition#> PREFIX  sa:   <http://uaontologies.com/UA_Domain/UA_SystemArchitecture#> PREFIX  event: <http://uaontologies.com/UA_Core/UA_Event#> PREFIX  prov: <http://uaontologies.com/UA_Core/UA_Provenance#> PREFIX  info: <http://uaontologies.com/UA_Core/UA_Information#> PREFIX  req:  <http://uaontologies.com/UA_Domain/UA_Requirements#> PREFIX  temp_ear: <http://uaontologies.com/DoD_TEMP_Framework/TEMP_ExecutionAndReporting#> PREFIX  temp_dec: <http://uaontologies.com/DoD_TEMP_Framework/TEMP_Decision#> PREFIX  sw:   <http://uaontologies.com/UA_Domain/UA_Software#> PREFIX  test: <http://uaontologies.com/UA_Domain/UA_Test#> PREFIX  ms:   <http://uaontologies.com/UA_Domain/UA_ModelingAndSimulation#> PREFIX  mission: <http://uaontologies.com/UA_Domain/UA_Mission#> PREFIX  temp_resp: <http://uaontologies.com/DoD_TEMP_Framework/TEMP_Responsibility#> PREFIX  temp_tpt: <http://uaontologies.com/DoD_TEMP_Framework/TEMP_TestProgramTeams#> PREFIX  meas: <http://uaontologies.com/UA_Core/UA_Measurement#> PREFIX  temp_tps: <http://uaontologies.com/DoD_TEMP_Framework/TEMP_TestProgramStructure#> PREFIX  temp_tpp: <http://uaontologies.com/DoD_TEMP_Framework/TEMP_TestProgramPolicy#> PREFIX  pm:   <http://uaontologies.com/UA_Domain/UA_ProjectManagement#> PREFIX  dc:   <http://purl.org/dc/elements/1.1/>  SELECT  (count(*) AS ?Triples) WHERE   { ?subject  ?predicate  ?object } 
[2023-08-15 15:22:48] Fuseki     INFO  [49] POST http://localhost:3030/DoD_Example_Rover/sparql
[2023-08-15 15:22:48] Fuseki     INFO  [49] Query = PREFIX  agent: <http://uaontologies.com/UA_Core/UA_Agent#> PREFIX  data: <http://uaontologies.com/UA_Domain/UA_DataManagement#> PREFIX  temp_teo: <http://uaontologies.com/DoD_TEMP_Framework/TEMP_TEOversight#> PREFIX  xsd:  <http://www.w3.org/2001/XMLSchema#> PREFIX  rdfs: <http://www.w3.org/2000/01/rdf-schema#> PREFIX  temp_tpf: <http://uaontologies.com/DoD_TEMP_Framework/TEMP_TestProgramFrameworks#> PREFIX  foundation: <http://uaontologies.com/UA_Foundation/UA_Foundation#> PREFIX  temp_org: <http://uaontologies.com/DoD_TEMP_Framework/TEMP_Organization#> PREFIX  acq:  <http://uaontologies.com/UA_Domain/UA_Acquisition#> PREFIX  sa:   <http://uaontologies.com/UA_Domain/UA_SystemArchitecture#> PREFIX  event: <http://uaontologies.com/UA_Core/UA_Event#> PREFIX  prov: <http://uaontologies.com/UA_Core/UA_Provenance#> PREFIX  info: <http://uaontologies.com/UA_Core/UA_Information#> PREFIX  req:  <http://uaontologies.com/UA_Domain/UA_Requirements#> PREFIX  temp_ear: <http://uaontologies.com/DoD_TEMP_Framework/TEMP_ExecutionAndReporting#> PREFIX  temp_dec: <http://uaontologies.com/DoD_TEMP_Framework/TEMP_Decision#> PREFIX  sw:   <http://uaontologies.com/UA_Domain/UA_Software#> PREFIX  test: <http://uaontologies.com/UA_Domain/UA_Test#> PREFIX  ms:   <http://uaontologies.com/UA_Domain/UA_ModelingAndSimulation#> PREFIX  mission: <http://uaontologies.com/UA_Domain/UA_Mission#> PREFIX  temp_resp: <http://uaontologies.com/DoD_TEMP_Framework/TEMP_Responsibility#> PREFIX  temp_tpt: <http://uaontologies.com/DoD_TEMP_Framework/TEMP_TestProgramTeams#> PREFIX  meas: <http://uaontologies.com/UA_Core/UA_Measurement#> PREFIX  temp_tps: <http://uaontologies.com/DoD_TEMP_Framework/TEMP_TestProgramStructure#> PREFIX  temp_tpp: <http://uaontologies.com/DoD_TEMP_Framework/TEMP_TestProgramPolicy#> PREFIX  pm:   <http://uaontologies.com/UA_Domain/UA_ProjectManagement#> PREFIX  dc:   <http://purl.org/dc/elements/1.1/>  SELECT  ?Subsystem ?System ?Function ?MajorFunction WHERE   { ?Subsystem  a                   sa:System ;               foundation:isContainedIn  ?System .     ?System   a                     sa:System .     ?Function  foundation:specificallyDependentOn  ?Subsystem ;               a                     foundation:Function ;               foundation:isContainedIn  ?MajorFunction   } 
[2023-08-15 15:22:48] Fuseki     INFO  [50] POST http://localhost:3030/DoD_Example_Rover/sparql
[2023-08-15 15:22:48] Fuseki     INFO  [50] Query = PREFIX  agent: <http://uaontologies.com/UA_Core/UA_Agent#> PREFIX  data: <http://uaontologies.com/UA_Domain/UA_DataManagement#> PREFIX  temp_teo: <http://uaontologies.com/DoD_TEMP_Framework/TEMP_TEOversight#> PREFIX  xsd:  <http://www.w3.org/2001/XMLSchema#> PREFIX  rdfs: <http://www.w3.org/2000/01/rdf-schema#> PREFIX  temp_tpf: <http://uaontologies.com/DoD_TEMP_Framework/TEMP_TestProgramFrameworks#> PREFIX  foundation: <http://uaontologies.com/UA_Foundation/UA_Foundation#> PREFIX  temp_org: <http://uaontologies.com/DoD_TEMP_Framework/TEMP_Organization#> PREFIX  acq:  <http://uaontologies.com/UA_Domain/UA_Acquisition#> PREFIX  sa:   <http://uaontologies.com/UA_Domain/UA_SystemArchitecture#> PREFIX  event: <http://uaontologies.com/UA_Core/UA_Event#> PREFIX  prov: <http://uaontologies.com/UA_Core/UA_Provenance#> PREFIX  info: <http://uaontologies.com/UA_Core/UA_Information#> PREFIX  req:  <http://uaontologies.com/UA_Domain/UA_Requirements#> PREFIX  temp_ear: <http://uaontologies.com/DoD_TEMP_Framework/TEMP_ExecutionAndReporting#> PREFIX  temp_dec: <http://uaontologies.com/DoD_TEMP_Framework/TEMP_Decision#> PREFIX  sw:   <http://uaontologies.com/UA_Domain/UA_Software#> PREFIX  test: <http://uaontologies.com/UA_Domain/UA_Test#> PREFIX  ms:   <http://uaontologies.com/UA_Domain/UA_ModelingAndSimulation#> PREFIX  mission: <http://uaontologies.com/UA_Domain/UA_Mission#> PREFIX  temp_resp: <http://uaontologies.com/DoD_TEMP_Framework/TEMP_Responsibility#> PREFIX  temp_tpt: <http://uaontologies.com/DoD_TEMP_Framework/TEMP_TestProgramTeams#> PREFIX  meas: <http://uaontologies.com/UA_Core/UA_Measurement#> PREFIX  temp_tps: <http://uaontologies.com/DoD_TEMP_Framework/TEMP_TestProgramStructure#> PREFIX  temp_tpp: <http://uaontologies.com/DoD_TEMP_Framework/TEMP_TestProgramPolicy#> PREFIX  pm:   <http://uaontologies.com/UA_Domain/UA_ProjectManagement#> PREFIX  dc:   <http://purl.org/dc/elements/1.1/>  SELECT DISTINCT  ?IE ?IA WHERE   { ?IE  a                     info:InformationEntity .     ?IA  a                     info:InformationArtifact .     ?IE  foundation:genericallyDependentOn  ?IA   } 
[2023-08-15 15:22:48] Fuseki     INFO  [51] POST http://localhost:3030/DoD_Example_Rover/sparql
[2023-08-15 15:22:48] Fuseki     INFO  [52] POST http://localhost:3030/DoD_Example_Rover/sparql
[2023-08-15 15:22:48] Fuseki     INFO  [52] Query = PREFIX  agent: <http://uaontologies.com/UA_Core/UA_Agent#> PREFIX  data: <http://uaontologies.com/UA_Domain/UA_DataManagement#> PREFIX  temp_teo: <http://uaontologies.com/DoD_TEMP_Framework/TEMP_TEOversight#> PREFIX  xsd:  <http://www.w3.org/2001/XMLSchema#> PREFIX  rdfs: <http://www.w3.org/2000/01/rdf-schema#> PREFIX  temp_tpf: <http://uaontologies.com/DoD_TEMP_Framework/TEMP_TestProgramFrameworks#> PREFIX  foundation: <http://uaontologies.com/UA_Foundation/UA_Foundation#> PREFIX  temp_org: <http://uaontologies.com/DoD_TEMP_Framework/TEMP_Organization#> PREFIX  acq:  <http://uaontologies.com/UA_Domain/UA_Acquisition#> PREFIX  sa:   <http://uaontologies.com/UA_Domain/UA_SystemArchitecture#> PREFIX  event: <http://uaontologies.com/UA_Core/UA_Event#> PREFIX  prov: <http://uaontologies.com/UA_Core/UA_Provenance#> PREFIX  info: <http://uaontologies.com/UA_Core/UA_Information#> PREFIX  req:  <http://uaontologies.com/UA_Domain/UA_Requirements#> PREFIX  temp_ear: <http://uaontologies.com/DoD_TEMP_Framework/TEMP_ExecutionAndReporting#> PREFIX  temp_dec: <http://uaontologies.com/DoD_TEMP_Framework/TEMP_Decision#> PREFIX  sw:   <http://uaontologies.com/UA_Domain/UA_Software#> PREFIX  test: <http://uaontologies.com/UA_Domain/UA_Test#> PREFIX  ms:   <http://uaontologies.com/UA_Domain/UA_ModelingAndSimulation#> PREFIX  mission: <http://uaontologies.com/UA_Domain/UA_Mission#> PREFIX  temp_resp: <http://uaontologies.com/DoD_TEMP_Framework/TEMP_Responsibility#> PREFIX  temp_tpt: <http://uaontologies.com/DoD_TEMP_Framework/TEMP_TestProgramTeams#> PREFIX  meas: <http://uaontologies.com/UA_Core/UA_Measurement#> PREFIX  temp_tps: <http://uaontologies.com/DoD_TEMP_Framework/TEMP_TestProgramStructure#> PREFIX  temp_tpp: <http://uaontologies.com/DoD_TEMP_Framework/TEMP_TestProgramPolicy#> PREFIX  pm:   <http://uaontologies.com/UA_Domain/UA_ProjectManagement#> PREFIX  dc:   <http://purl.org/dc/elements/1.1/>  SELECT DISTINCT  ?Requirement ?Text WHERE   { ?Requirement  a  req:Requirement     OPTIONAL       { ?Requirement  req:hasRequirementText  ?Text }   } 
[2023-08-15 15:22:48] Fuseki     INFO  [51] Query = PREFIX  agent: <http://siedepartment.com/SIE_Core/SIE_Agent#> PREFIX  data: <http://siedepartment.com/SIE_Domain/SIE_DataManagement#> PREFIX  temp_teo: <http://siedepartment.com/DoD_TEMP_Framework/TEMP_TEOversight#> PREFIX  xsd:  <http://www.w3.org/2001/XMLSchema#> PREFIX  rdfs: <http://www.w3.org/2000/01/rdf-schema#> PREFIX  temp_tpf: <http://siedepartment.com/DoD_TEMP_Framework/TEMP_TestProgramFrameworks#> PREFIX  foundation: <http://siedepartment.com/SIE_Foundation/SIE_Foundation#> PREFIX  temp_org: <http://siedepartment.com/DoD_TEMP_Framework/TEMP_Organization#> PREFIX  acq:  <http://siedepartment.com/SIE_Domain/SIE_Acquisition#> PREFIX  sa:   <http://siedepartment.com/SIE_Domain/SIE_SystemArchitecture#> PREFIX  event: <http://siedepartment.com/SIE_Core/SIE_Event#> PREFIX  prov: <http://siedepartment.com/SIE_Core/SIE_Provenance#> PREFIX  info: <http://siedepartment.com/SIE_Core/SIE_Information#> PREFIX  req:  <http://siedepartment.com/SIE_Domain/SIE_Requirements#> PREFIX  temp_ear: <http://siedepartment.com/DoD_TEMP_Framework/TEMP_ExecutionAndReporting#> PREFIX  temp_dec: <http://siedepartment.com/DoD_TEMP_Framework/TEMP_Decision#> PREFIX  sw:   <http://siedepartment.com/SIE_Domain/SIE_Software#> PREFIX  test: <http://siedepartment.com/SIE_Domain/SIE_Test#> PREFIX  ms:   <http://siedepartment.com/SIE_Domain/SIE_ModelingAndSimulation#> PREFIX  mission: <http://siedepartment.com/SIE_Domain/SIE_Mission#> PREFIX  temp_resp: <http://siedepartment.com/DoD_TEMP_Framework/TEMP_Responsibility#> PREFIX  temp_tpt: <http://siedepartment.com/DoD_TEMP_Framework/TEMP_TestProgramTeams#> PREFIX  meas: <http://siedepartment.com/SIE_Core/SIE_Measurement#> PREFIX  temp_tps: <http://siedepartment.com/DoD_TEMP_Framework/TEMP_TestProgramStructure#> PREFIX  temp_tpp: <http://siedepartment.com/DoD_TEMP_Framework/TEMP_TestProgramPolicy#> PREFIX  pm:   <http://siedepartment.com/SIE_Domain/SIE_ProjectManagement#> PREFIX  dc:   <http://purl.org/dc/elements/1.1/>  SELECT DISTINCT  ?TimePeriodStart ?TimePeriodEnd ?Event WHERE   { ?TimePeriod  a                  foundation:TemporalRegion ;               foundation:hasBeginInstant  ?TimePeriodStart ;               foundation:hasEndInstant  ?TimePeriodEnd .     ?Event    event:occursOn        ?TimePeriod   } ORDER BY ASC(?TimePeriodStart) 
[2023-08-15 15:22:48] Fuseki     INFO  [51] 200 OK (75 ms)
[2023-08-15 15:22:48] Fuseki     INFO  [43] 200 OK (100 ms)
[2023-08-15 15:22:48] Fuseki     INFO  [49] 200 OK (94 ms)
[2023-08-15 15:22:48] Fuseki     INFO  [46] 200 OK (101 ms)
[2023-08-15 15:22:48] Fuseki     INFO  [47] 200 OK (101 ms)
[2023-08-15 15:22:48] Fuseki     INFO  [45] 200 OK (110 ms)
[2023-08-15 15:22:48] Fuseki     INFO  [52] 200 OK (110 ms)
[2023-08-15 15:22:48] Fuseki     INFO  [44] 200 OK (134 ms)
[2023-08-15 15:22:48] Fuseki     INFO  [50] 200 OK (128 ms)
[2023-08-15 15:22:48] Fuseki     INFO  [48] 200 OK (156 ms)
[2023-08-15 15:22:48] Fuseki     INFO  [42] 200 OK (206 ms)
